Build started 2015-02-06 15:56:39.
     1>Project "C:\Users\devHaris\Desktop\Quake-III-Arena-master\code\splines\Splines.vcxproj" on node 2 (Build target(s)).
     1>ClCompile:
         C:\Program Files (x86)\Microsoft Visual Studio 12.0\VC\bin\x86_amd64\CL.exe /c /Zi /nologo /W3 /WX- /O2 /Ob1 /D WIN32 /D NDEBUG /D _LIB /D _MBCS /GF /Gm- /EHsc /MT /GS /Gy /fp:precise /Zc:wchar_t /Zc:forScope /Fo".\Release/" /Fd".\Release/vc120.pdb" /Gd /TP /errorReport:prompt math_angles.cpp math_matrix.cpp math_quaternion.cpp math_vector.cpp q_parse.cpp q_shared.cpp splines.cpp util_str.cpp
         math_angles.cpp
         math_matrix.cpp
         math_quaternion.cpp
         math_vector.cpp
     1>math_vector.cpp(141): warning C4996: 'sprintf': This function or variable may be unsafe. Consider using sprintf_s instead. To disable deprecation, use _CRT_SECURE_NO_WARNINGS. See online help for details.
                 C:\Program Files (x86)\Microsoft Visual Studio 12.0\VC\include\stdio.h(356) : see declaration of 'sprintf'
         q_parse.cpp
     1>q_parse.cpp(103): warning C4996: 'vsprintf': This function or variable may be unsafe. Consider using vsprintf_s instead. To disable deprecation, use _CRT_SECURE_NO_WARNINGS. See online help for details.
                 C:\Program Files (x86)\Microsoft Visual Studio 12.0\VC\include\stdio.h(356) : see declaration of 'vsprintf'
     1>q_parse.cpp(114): warning C4996: 'vsprintf': This function or variable may be unsafe. Consider using vsprintf_s instead. To disable deprecation, use _CRT_SECURE_NO_WARNINGS. See online help for details.
                 C:\Program Files (x86)\Microsoft Visual Studio 12.0\VC\include\stdio.h(356) : see declaration of 'vsprintf'
     1>q_parse.cpp(332): warning C4267: '=' : conversion from 'size_t' to 'int', possible loss of data
         q_shared.cpp
     1>q_shared.cpp(121): warning C4267: '=' : conversion from 'size_t' to 'int', possible loss of data
     1>q_shared.cpp(539): warning C4996: 'strncpy': This function or variable may be unsafe. Consider using strncpy_s instead. To disable deprecation, use _CRT_SECURE_NO_WARNINGS. See online help for details.
                 C:\Program Files (x86)\Microsoft Visual Studio 12.0\VC\include\string.h(195) : see declaration of 'strncpy'
     1>q_shared.cpp(621): warning C4267: '=' : conversion from 'size_t' to 'int', possible loss of data
     1>q_shared.cpp(680): warning C4996: 'vsprintf': This function or variable may be unsafe. Consider using vsprintf_s instead. To disable deprecation, use _CRT_SECURE_NO_WARNINGS. See online help for details.
                 C:\Program Files (x86)\Microsoft Visual Studio 12.0\VC\include\stdio.h(356) : see declaration of 'vsprintf'
     1>q_shared.cpp(711): warning C4996: 'vsprintf': This function or variable may be unsafe. Consider using vsprintf_s instead. To disable deprecation, use _CRT_SECURE_NO_WARNINGS. See online help for details.
                 C:\Program Files (x86)\Microsoft Visual Studio 12.0\VC\include\stdio.h(356) : see declaration of 'vsprintf'
     1>q_shared.cpp(871): warning C4996: 'strcpy': This function or variable may be unsafe. Consider using strcpy_s instead. To disable deprecation, use _CRT_SECURE_NO_WARNINGS. See online help for details.
                 C:\Program Files (x86)\Microsoft Visual Studio 12.0\VC\include\string.h(112) : see declaration of 'strcpy'
     1>q_shared.cpp(944): warning C4996: 'strcat': This function or variable may be unsafe. Consider using strcat_s instead. To disable deprecation, use _CRT_SECURE_NO_WARNINGS. See online help for details.
                 C:\Program Files (x86)\Microsoft Visual Studio 12.0\VC\include\string.h(118) : see declaration of 'strcat'
         splines.cpp
     1>c:\users\devharis\desktop\quake-iii-arena-master\code\splines\util_str.h(181): warning C4267: '=' : conversion from 'size_t' to 'int', possible loss of data
     1>c:\users\devharis\desktop\quake-iii-arena-master\code\splines\util_str.h(183): warning C4996: 'strcpy': This function or variable may be unsafe. Consider using strcpy_s instead. To disable deprecation, use _CRT_SECURE_NO_WARNINGS. See online help for details.
                 C:\Program Files (x86)\Microsoft Visual Studio 12.0\VC\include\string.h(112) : see declaration of 'strcpy'
     1>c:\users\devharis\desktop\quake-iii-arena-master\code\splines\util_str.h(264): warning C4996: 'sprintf': This function or variable may be unsafe. Consider using sprintf_s instead. To disable deprecation, use _CRT_SECURE_NO_WARNINGS. See online help for details.
                 C:\Program Files (x86)\Microsoft Visual Studio 12.0\VC\include\stdio.h(356) : see declaration of 'sprintf'
     1>c:\users\devharis\desktop\quake-iii-arena-master\code\splines\util_str.h(265): warning C4267: '=' : conversion from 'size_t' to 'int', possible loss of data
     1>c:\users\devharis\desktop\quake-iii-arena-master\code\splines\util_str.h(267): warning C4996: 'strcpy': This function or variable may be unsafe. Consider using strcpy_s instead. To disable deprecation, use _CRT_SECURE_NO_WARNINGS. See online help for details.
                 C:\Program Files (x86)\Microsoft Visual Studio 12.0\VC\include\string.h(112) : see declaration of 'strcpy'
     1>c:\users\devharis\desktop\quake-iii-arena-master\code\splines\util_str.h(280): warning C4996: 'sprintf': This function or variable may be unsafe. Consider using sprintf_s instead. To disable deprecation, use _CRT_SECURE_NO_WARNINGS. See online help for details.
                 C:\Program Files (x86)\Microsoft Visual Studio 12.0\VC\include\stdio.h(356) : see declaration of 'sprintf'
     1>c:\users\devharis\desktop\quake-iii-arena-master\code\splines\util_str.h(281): warning C4267: '=' : conversion from 'size_t' to 'int', possible loss of data
     1>c:\users\devharis\desktop\quake-iii-arena-master\code\splines\util_str.h(283): warning C4996: 'strcpy': This function or variable may be unsafe. Consider using strcpy_s instead. To disable deprecation, use _CRT_SECURE_NO_WARNINGS. See online help for details.
                 C:\Program Files (x86)\Microsoft Visual Studio 12.0\VC\include\string.h(112) : see declaration of 'strcpy'
     1>c:\users\devharis\desktop\quake-iii-arena-master\code\splines\util_str.h(296): warning C4996: 'sprintf': This function or variable may be unsafe. Consider using sprintf_s instead. To disable deprecation, use _CRT_SECURE_NO_WARNINGS. See online help for details.
                 C:\Program Files (x86)\Microsoft Visual Studio 12.0\VC\include\stdio.h(356) : see declaration of 'sprintf'
     1>c:\users\devharis\desktop\quake-iii-arena-master\code\splines\util_str.h(297): warning C4267: '=' : conversion from 'size_t' to 'int', possible loss of data
     1>c:\users\devharis\desktop\quake-iii-arena-master\code\splines\util_str.h(299): warning C4996: 'strcpy': This function or variable may be unsafe. Consider using strcpy_s instead. To disable deprecation, use _CRT_SECURE_NO_WARNINGS. See online help for details.
                 C:\Program Files (x86)\Microsoft Visual Studio 12.0\VC\include\string.h(112) : see declaration of 'strcpy'
     1>c:\users\devharis\desktop\quake-iii-arena-master\code\splines\util_str.h(332): warning C4267: '=' : conversion from 'size_t' to 'int', possible loss of data
     1>c:\users\devharis\desktop\quake-iii-arena-master\code\splines\util_str.h(335): warning C4996: 'strcat': This function or variable may be unsafe. Consider using strcat_s instead. To disable deprecation, use _CRT_SECURE_NO_WARNINGS. See online help for details.
                 C:\Program Files (x86)\Microsoft Visual Studio 12.0\VC\include\string.h(118) : see declaration of 'strcat'
     1>c:\users\devharis\desktop\quake-iii-arena-master\code\splines\util_str.h(351): warning C4996: 'strcat': This function or variable may be unsafe. Consider using strcat_s instead. To disable deprecation, use _CRT_SECURE_NO_WARNINGS. See online help for details.
                 C:\Program Files (x86)\Microsoft Visual Studio 12.0\VC\include\string.h(118) : see declaration of 'strcat'
     1>c:\users\devharis\desktop\quake-iii-arena-master\code\splines\util_str.h(439): warning C4267: '=' : conversion from 'size_t' to 'int', possible loss of data
     1>c:\users\devharis\desktop\quake-iii-arena-master\code\splines\util_str.h(441): warning C4996: 'strcpy': This function or variable may be unsafe. Consider using strcpy_s instead. To disable deprecation, use _CRT_SECURE_NO_WARNINGS. See online help for details.
                 C:\Program Files (x86)\Microsoft Visual Studio 12.0\VC\include\string.h(112) : see declaration of 'strcpy'
     1>c:\users\devharis\desktop\quake-iii-arena-master\code\splines\util_str.h(476): warning C4267: '=' : conversion from 'size_t' to 'int', possible loss of data
     1>c:\users\devharis\desktop\quake-iii-arena-master\code\splines\util_str.h(478): warning C4996: 'strcpy': This function or variable may be unsafe. Consider using strcpy_s instead. To disable deprecation, use _CRT_SECURE_NO_WARNINGS. See online help for details.
                 C:\Program Files (x86)\Microsoft Visual Studio 12.0\VC\include\string.h(112) : see declaration of 'strcpy'
         util_str.cpp
     1>c:\users\devharis\desktop\quake-iii-arena-master\code\splines\util_str.h(181): warning C4267: '=' : conversion from 'size_t' to 'int', possible loss of data
     1>c:\users\devharis\desktop\quake-iii-arena-master\code\splines\util_str.h(183): warning C4996: 'strcpy': This function or variable may be unsafe. Consider using strcpy_s instead. To disable deprecation, use _CRT_SECURE_NO_WARNINGS. See online help for details.
                 C:\Program Files (x86)\Microsoft Visual Studio 12.0\VC\include\string.h(112) : see declaration of 'strcpy'
     1>c:\users\devharis\desktop\quake-iii-arena-master\code\splines\util_str.h(264): warning C4996: 'sprintf': This function or variable may be unsafe. Consider using sprintf_s instead. To disable deprecation, use _CRT_SECURE_NO_WARNINGS. See online help for details.
                 C:\Program Files (x86)\Microsoft Visual Studio 12.0\VC\include\stdio.h(356) : see declaration of 'sprintf'
     1>c:\users\devharis\desktop\quake-iii-arena-master\code\splines\util_str.h(265): warning C4267: '=' : conversion from 'size_t' to 'int', possible loss of data
     1>c:\users\devharis\desktop\quake-iii-arena-master\code\splines\util_str.h(267): warning C4996: 'strcpy': This function or variable may be unsafe. Consider using strcpy_s instead. To disable deprecation, use _CRT_SECURE_NO_WARNINGS. See online help for details.
                 C:\Program Files (x86)\Microsoft Visual Studio 12.0\VC\include\string.h(112) : see declaration of 'strcpy'
     1>c:\users\devharis\desktop\quake-iii-arena-master\code\splines\util_str.h(280): warning C4996: 'sprintf': This function or variable may be unsafe. Consider using sprintf_s instead. To disable deprecation, use _CRT_SECURE_NO_WARNINGS. See online help for details.
                 C:\Program Files (x86)\Microsoft Visual Studio 12.0\VC\include\stdio.h(356) : see declaration of 'sprintf'
     1>c:\users\devharis\desktop\quake-iii-arena-master\code\splines\util_str.h(281): warning C4267: '=' : conversion from 'size_t' to 'int', possible loss of data
     1>c:\users\devharis\desktop\quake-iii-arena-master\code\splines\util_str.h(283): warning C4996: 'strcpy': This function or variable may be unsafe. Consider using strcpy_s instead. To disable deprecation, use _CRT_SECURE_NO_WARNINGS. See online help for details.
                 C:\Program Files (x86)\Microsoft Visual Studio 12.0\VC\include\string.h(112) : see declaration of 'strcpy'
     1>c:\users\devharis\desktop\quake-iii-arena-master\code\splines\util_str.h(296): warning C4996: 'sprintf': This function or variable may be unsafe. Consider using sprintf_s instead. To disable deprecation, use _CRT_SECURE_NO_WARNINGS. See online help for details.
                 C:\Program Files (x86)\Microsoft Visual Studio 12.0\VC\include\stdio.h(356) : see declaration of 'sprintf'
     1>c:\users\devharis\desktop\quake-iii-arena-master\code\splines\util_str.h(297): warning C4267: '=' : conversion from 'size_t' to 'int', possible loss of data
     1>c:\users\devharis\desktop\quake-iii-arena-master\code\splines\util_str.h(299): warning C4996: 'strcpy': This function or variable may be unsafe. Consider using strcpy_s instead. To disable deprecation, use _CRT_SECURE_NO_WARNINGS. See online help for details.
                 C:\Program Files (x86)\Microsoft Visual Studio 12.0\VC\include\string.h(112) : see declaration of 'strcpy'
     1>c:\users\devharis\desktop\quake-iii-arena-master\code\splines\util_str.h(332): warning C4267: '=' : conversion from 'size_t' to 'int', possible loss of data
     1>c:\users\devharis\desktop\quake-iii-arena-master\code\splines\util_str.h(335): warning C4996: 'strcat': This function or variable may be unsafe. Consider using strcat_s instead. To disable deprecation, use _CRT_SECURE_NO_WARNINGS. See online help for details.
                 C:\Program Files (x86)\Microsoft Visual Studio 12.0\VC\include\string.h(118) : see declaration of 'strcat'
     1>c:\users\devharis\desktop\quake-iii-arena-master\code\splines\util_str.h(351): warning C4996: 'strcat': This function or variable may be unsafe. Consider using strcat_s instead. To disable deprecation, use _CRT_SECURE_NO_WARNINGS. See online help for details.
                 C:\Program Files (x86)\Microsoft Visual Studio 12.0\VC\include\string.h(118) : see declaration of 'strcat'
     1>c:\users\devharis\desktop\quake-iii-arena-master\code\splines\util_str.h(439): warning C4267: '=' : conversion from 'size_t' to 'int', possible loss of data
     1>c:\users\devharis\desktop\quake-iii-arena-master\code\splines\util_str.h(441): warning C4996: 'strcpy': This function or variable may be unsafe. Consider using strcpy_s instead. To disable deprecation, use _CRT_SECURE_NO_WARNINGS. See online help for details.
                 C:\Program Files (x86)\Microsoft Visual Studio 12.0\VC\include\string.h(112) : see declaration of 'strcpy'
     1>c:\users\devharis\desktop\quake-iii-arena-master\code\splines\util_str.h(459): warning C4244: 'initializing' : conversion from '__int64' to 'int', possible loss of data
     1>c:\users\devharis\desktop\quake-iii-arena-master\code\splines\util_str.h(476): warning C4267: '=' : conversion from 'size_t' to 'int', possible loss of data
     1>c:\users\devharis\desktop\quake-iii-arena-master\code\splines\util_str.h(478): warning C4996: 'strcpy': This function or variable may be unsafe. Consider using strcpy_s instead. To disable deprecation, use _CRT_SECURE_NO_WARNINGS. See online help for details.
                 C:\Program Files (x86)\Microsoft Visual Studio 12.0\VC\include\string.h(112) : see declaration of 'strcpy'
     1>util_str.cpp(265): warning C4267: '=' : conversion from 'size_t' to 'int', possible loss of data
     1>util_str.cpp(293): warning C4996: 'sprintf': This function or variable may be unsafe. Consider using sprintf_s instead. To disable deprecation, use _CRT_SECURE_NO_WARNINGS. See online help for details.
                 C:\Program Files (x86)\Microsoft Visual Studio 12.0\VC\include\stdio.h(356) : see declaration of 'sprintf'
     1>util_str.cpp(310): warning C4996: 'sprintf': This function or variable may be unsafe. Consider using sprintf_s instead. To disable deprecation, use _CRT_SECURE_NO_WARNINGS. See online help for details.
                 C:\Program Files (x86)\Microsoft Visual Studio 12.0\VC\include\stdio.h(356) : see declaration of 'sprintf'
     1>util_str.cpp(327): warning C4996: 'sprintf': This function or variable may be unsafe. Consider using sprintf_s instead. To disable deprecation, use _CRT_SECURE_NO_WARNINGS. See online help for details.
                 C:\Program Files (x86)\Microsoft Visual Studio 12.0\VC\include\stdio.h(356) : see declaration of 'sprintf'
     1>util_str.cpp(341): warning C4996: 'sprintf': This function or variable may be unsafe. Consider using sprintf_s instead. To disable deprecation, use _CRT_SECURE_NO_WARNINGS. See online help for details.
                 C:\Program Files (x86)\Microsoft Visual Studio 12.0\VC\include\stdio.h(356) : see declaration of 'sprintf'
     1>util_str.cpp(355): warning C4996: 'sprintf': This function or variable may be unsafe. Consider using sprintf_s instead. To disable deprecation, use _CRT_SECURE_NO_WARNINGS. See online help for details.
                 C:\Program Files (x86)\Microsoft Visual Studio 12.0\VC\include\stdio.h(356) : see declaration of 'sprintf'
     1>util_str.cpp(369): warning C4996: 'sprintf': This function or variable may be unsafe. Consider using sprintf_s instead. To disable deprecation, use _CRT_SECURE_NO_WARNINGS. See online help for details.
                 C:\Program Files (x86)\Microsoft Visual Studio 12.0\VC\include\stdio.h(356) : see declaration of 'sprintf'
     1>util_str.cpp(411): warning C4996: 'strncpy': This function or variable may be unsafe. Consider using strncpy_s instead. To disable deprecation, use _CRT_SECURE_NO_WARNINGS. See online help for details.
                 C:\Program Files (x86)\Microsoft Visual Studio 12.0\VC\include\string.h(195) : see declaration of 'strncpy'
     1>util_str.cpp(449): warning C4996: 'strcpy': This function or variable may be unsafe. Consider using strcpy_s instead. To disable deprecation, use _CRT_SECURE_NO_WARNINGS. See online help for details.
                 C:\Program Files (x86)\Microsoft Visual Studio 12.0\VC\include\string.h(112) : see declaration of 'strcpy'
     1>util_str.cpp(489): warning C4996: 'vsprintf': This function or variable may be unsafe. Consider using vsprintf_s instead. To disable deprecation, use _CRT_SECURE_NO_WARNINGS. See online help for details.
                 C:\Program Files (x86)\Microsoft Visual Studio 12.0\VC\include\stdio.h(356) : see declaration of 'vsprintf'
     1>util_str.cpp(494): warning C4996: 'strncpy': This function or variable may be unsafe. Consider using strncpy_s instead. To disable deprecation, use _CRT_SECURE_NO_WARNINGS. See online help for details.
                 C:\Program Files (x86)\Microsoft Visual Studio 12.0\VC\include\string.h(195) : see declaration of 'strncpy'
         Generating Code...
     1>C:\Program Files (x86)\MSBuild\Microsoft.Cpp\v4.0\V120\Microsoft.CppBuild.targets(1361,5): warning MSB8012: TargetPath(C:\Users\devHaris\Desktop\Quake-III-Arena-master\code\x64\Release\Splines.lib) does not match the Library's OutputFile property value (C:\Users\devHaris\Desktop\Quake-III-Arena-master\code\splines\Release\Splines.lib). This may cause your project to build incorrectly. To correct this, please make sure that $(OutDir), $(TargetName) and $(TargetExt) property values match the value specified in %(Lib.OutputFile).
       Lib:
         C:\Program Files (x86)\Microsoft Visual Studio 12.0\VC\bin\x86_amd64\Lib.exe /OUT:".\Release\Splines.lib" /NOLOGO /MACHINE:X64 .\Release/math_angles.obj
         .\Release/math_matrix.obj
         .\Release/math_quaternion.obj
         .\Release/math_vector.obj
         .\Release/q_parse.obj
         .\Release/q_shared.obj
         .\Release/splines.obj
         .\Release/util_str.obj
         Splines.vcxproj -> C:\Users\devHaris\Desktop\Quake-III-Arena-master\code\x64\Release\Splines.lib
     1>Done Building Project "C:\Users\devHaris\Desktop\Quake-III-Arena-master\code\splines\Splines.vcxproj" (Build target(s)).

Build succeeded.

Time Elapsed 00:00:00.87
