Build started 2015-02-06 21:50:52.
     1>Project "C:\Users\devHaris\Desktop\Quake-III-Arena-master\code\renderer\renderer.vcxproj" on node 4 (Build target(s)).
     1>ClCompile:
         C:\Program Files (x86)\Microsoft Visual Studio 12.0\VC\bin\x86_amd64\CL.exe /c /Zi /nologo /W3 /WX- /Od /D WIN32 /D _DEBUG /D _LIB /D _MBCS /Gm- /EHsc /RTC1 /MTd /GS /fp:precise /Zc:wchar_t /Zc:forScope /Fo".\Debug/" /Fd".\Debug/vc120.pdb" /FR"x64\Debug\\" /Gd /TC /errorReport:prompt "..\jpeg-6\jcapimin.c" "..\jpeg-6\jccoefct.c" "..\jpeg-6\jccolor.c" "..\jpeg-6\jcdctmgr.c" "..\jpeg-6\jchuff.c" "..\jpeg-6\jcinit.c" "..\jpeg-6\jcmainct.c" "..\jpeg-6\jcmarker.c" "..\jpeg-6\jcmaster.c" "..\jpeg-6\jcomapi.c" "..\jpeg-6\jcparam.c" "..\jpeg-6\jcphuff.c" "..\jpeg-6\jcprepct.c" "..\jpeg-6\jcsample.c" "..\jpeg-6\jctrans.c" "..\jpeg-6\jdapimin.c" "..\jpeg-6\jdapistd.c" "..\jpeg-6\jdatadst.c" "..\jpeg-6\jdatasrc.c" "..\jpeg-6\jdcoefct.c" "..\jpeg-6\jdcolor.c" "..\jpeg-6\jddctmgr.c" "..\jpeg-6\jdhuff.c" "..\jpeg-6\jdinput.c" "..\jpeg-6\jdmainct.c" "..\jpeg-6\jdmarker.c" "..\jpeg-6\jdmaster.c" "..\jpeg-6\jdpostct.c" "..\jpeg-6\jdsample.c" "..\jpeg-6\jdtrans.c" "..\jpeg-6\jerror.c" "..\jpeg-6\jfdctflt.c" "..\jpeg-6\jidctflt.c" "..\jpeg-6\jmemmgr.c" "..\jpeg-6\jmemnobs.c" "..\jpeg-6\jutils.c" ..\win32\win_gamma.c ..\win32\win_glimp.c ..\win32\win_qgl.c tr_animation.c tr_backend.c tr_bsp.c tr_cmds.c tr_curve.c tr_flares.c tr_font.c tr_image.c tr_init.c tr_light.c tr_main.c tr_marks.c tr_mesh.c tr_model.c tr_noise.c tr_scene.c tr_shade.c tr_shader.c tr_shade_calc.c tr_shadows.c tr_sky.c tr_surface.c tr_world.c
         jcapimin.c
         jccoefct.c
         jccolor.c
         jcdctmgr.c
         jchuff.c
         jcinit.c
         jcmainct.c
         jcmarker.c
         jcmaster.c
         jcomapi.c
         jcparam.c
         jcphuff.c
         jcprepct.c
         jcsample.c
         jctrans.c
         jdapimin.c
         jdapistd.c
         jdatadst.c
         jdatasrc.c
         jdcoefct.c
         Generating Code...
         Compiling...
         jdcolor.c
         jddctmgr.c
         jdhuff.c
         jdinput.c
         jdmainct.c
         jdmarker.c
         jdmaster.c
         jdpostct.c
         jdsample.c
         jdtrans.c
         jerror.c
     1>..\jpeg-6\jerror.c(173): warning C4996: 'sprintf': This function or variable may be unsafe. Consider using sprintf_s instead. To disable deprecation, use _CRT_SECURE_NO_WARNINGS. See online help for details.
                 C:\Program Files (x86)\Microsoft Visual Studio 12.0\VC\include\stdio.h(356) : see declaration of 'sprintf'
     1>..\jpeg-6\jerror.c(179): warning C4996: 'sprintf': This function or variable may be unsafe. Consider using sprintf_s instead. To disable deprecation, use _CRT_SECURE_NO_WARNINGS. See online help for details.
                 C:\Program Files (x86)\Microsoft Visual Studio 12.0\VC\include\stdio.h(356) : see declaration of 'sprintf'
         jfdctflt.c
         jidctflt.c
         jmemmgr.c
     1>..\jpeg-6\jmemmgr.c(306): warning C4267: '+=' : conversion from 'size_t' to 'long', possible loss of data
     1>..\jpeg-6\jmemmgr.c(366): warning C4267: '+=' : conversion from 'size_t' to 'long', possible loss of data
     1>..\jpeg-6\jmemmgr.c(976): warning C4267: '-=' : conversion from 'size_t' to 'long', possible loss of data
     1>..\jpeg-6\jmemmgr.c(990): warning C4267: '-=' : conversion from 'size_t' to 'long', possible loss of data
     1>..\jpeg-6\jmemmgr.c(1103): warning C4996: 'getenv': This function or variable may be unsafe. Consider using _dupenv_s instead. To disable deprecation, use _CRT_SECURE_NO_WARNINGS. See online help for details.
                 C:\Program Files (x86)\Microsoft Visual Studio 12.0\VC\include\stdlib.h(462) : see declaration of 'getenv'
     1>..\jpeg-6\jmemmgr.c(1106): warning C4996: 'sscanf': This function or variable may be unsafe. Consider using sscanf_s instead. To disable deprecation, use _CRT_SECURE_NO_WARNINGS. See online help for details.
                 C:\Program Files (x86)\Microsoft Visual Studio 12.0\VC\include\stdio.h(304) : see declaration of 'sscanf'
         jmemnobs.c
     1>..\jpeg-6\jmemnobs.c(33): warning C4267: 'function' : conversion from 'size_t' to 'int', possible loss of data
     1>..\jpeg-6\jmemnobs.c(53): warning C4267: 'function' : conversion from 'size_t' to 'int', possible loss of data
         jutils.c
         win_gamma.c
     1>..\win32\win_gamma.c(153): warning C4996: 'GetVersionExA': was declared deprecated
                 C:\Program Files (x86)\Windows Kits\8.1\Include\um\sysinfoapi.h(433) : see declaration of 'GetVersionExA'
         win_glimp.c
     1>..\win32\win_glimp.c(1131): warning C4996: 'GetVersionExA': was declared deprecated
                 C:\Program Files (x86)\Windows Kits\8.1\Include\um\sysinfoapi.h(433) : see declaration of 'GetVersionExA'
     1>..\win32\win_glimp.c(1368): warning C4996: 'sscanf': This function or variable may be unsafe. Consider using sscanf_s instead. To disable deprecation, use _CRT_SECURE_NO_WARNINGS. See online help for details.
                 C:\Program Files (x86)\Microsoft Visual Studio 12.0\VC\include\stdio.h(304) : see declaration of 'sscanf'
     1>..\win32\win_glimp.c(1371): warning C4996: 'sscanf': This function or variable may be unsafe. Consider using sscanf_s instead. To disable deprecation, use _CRT_SECURE_NO_WARNINGS. See online help for details.
                 C:\Program Files (x86)\Microsoft Visual Studio 12.0\VC\include\stdio.h(304) : see declaration of 'sscanf'
         win_qgl.c
     1>..\win32\win_qgl.c(787): warning C4996: 'strcpy': This function or variable may be unsafe. Consider using strcpy_s instead. To disable deprecation, use _CRT_SECURE_NO_WARNINGS. See online help for details.
                 C:\Program Files (x86)\Microsoft Visual Studio 12.0\VC\include\string.h(112) : see declaration of 'strcpy'
     1>..\win32\win_qgl.c(789): warning C4996: 'strcpy': This function or variable may be unsafe. Consider using strcpy_s instead. To disable deprecation, use _CRT_SECURE_NO_WARNINGS. See online help for details.
                 C:\Program Files (x86)\Microsoft Visual Studio 12.0\VC\include\string.h(112) : see declaration of 'strcpy'
     1>..\win32\win_qgl.c(791): warning C4996: 'strcpy': This function or variable may be unsafe. Consider using strcpy_s instead. To disable deprecation, use _CRT_SECURE_NO_WARNINGS. See online help for details.
                 C:\Program Files (x86)\Microsoft Visual Studio 12.0\VC\include\string.h(112) : see declaration of 'strcpy'
     1>..\win32\win_qgl.c(793): warning C4996: 'strcpy': This function or variable may be unsafe. Consider using strcpy_s instead. To disable deprecation, use _CRT_SECURE_NO_WARNINGS. See online help for details.
                 C:\Program Files (x86)\Microsoft Visual Studio 12.0\VC\include\string.h(112) : see declaration of 'strcpy'
     1>..\win32\win_qgl.c(795): warning C4996: 'strcpy': This function or variable may be unsafe. Consider using strcpy_s instead. To disable deprecation, use _CRT_SECURE_NO_WARNINGS. See online help for details.
                 C:\Program Files (x86)\Microsoft Visual Studio 12.0\VC\include\string.h(112) : see declaration of 'strcpy'
     1>..\win32\win_qgl.c(797): warning C4996: 'strcpy': This function or variable may be unsafe. Consider using strcpy_s instead. To disable deprecation, use _CRT_SECURE_NO_WARNINGS. See online help for details.
                 C:\Program Files (x86)\Microsoft Visual Studio 12.0\VC\include\string.h(112) : see declaration of 'strcpy'
     1>..\win32\win_qgl.c(799): warning C4996: 'strcpy': This function or variable may be unsafe. Consider using strcpy_s instead. To disable deprecation, use _CRT_SECURE_NO_WARNINGS. See online help for details.
                 C:\Program Files (x86)\Microsoft Visual Studio 12.0\VC\include\string.h(112) : see declaration of 'strcpy'
     1>..\win32\win_qgl.c(801): warning C4996: 'strcpy': This function or variable may be unsafe. Consider using strcpy_s instead. To disable deprecation, use _CRT_SECURE_NO_WARNINGS. See online help for details.
                 C:\Program Files (x86)\Microsoft Visual Studio 12.0\VC\include\string.h(112) : see declaration of 'strcpy'
     1>..\win32\win_qgl.c(803): warning C4996: 'strcpy': This function or variable may be unsafe. Consider using strcpy_s instead. To disable deprecation, use _CRT_SECURE_NO_WARNINGS. See online help for details.
                 C:\Program Files (x86)\Microsoft Visual Studio 12.0\VC\include\string.h(112) : see declaration of 'strcpy'
     1>..\win32\win_qgl.c(805): warning C4996: 'strcpy': This function or variable may be unsafe. Consider using strcpy_s instead. To disable deprecation, use _CRT_SECURE_NO_WARNINGS. See online help for details.
                 C:\Program Files (x86)\Microsoft Visual Studio 12.0\VC\include\string.h(112) : see declaration of 'strcpy'
     1>..\win32\win_qgl.c(807): warning C4996: 'sprintf': This function or variable may be unsafe. Consider using sprintf_s instead. To disable deprecation, use _CRT_SECURE_NO_WARNINGS. See online help for details.
                 C:\Program Files (x86)\Microsoft Visual Studio 12.0\VC\include\stdio.h(356) : see declaration of 'sprintf'
     1>..\win32\win_qgl.c(839): warning C4996: 'sprintf': This function or variable may be unsafe. Consider using sprintf_s instead. To disable deprecation, use _CRT_SECURE_NO_WARNINGS. See online help for details.
                 C:\Program Files (x86)\Microsoft Visual Studio 12.0\VC\include\stdio.h(356) : see declaration of 'sprintf'
     1>..\win32\win_qgl.c(917): warning C4996: 'strcpy': This function or variable may be unsafe. Consider using strcpy_s instead. To disable deprecation, use _CRT_SECURE_NO_WARNINGS. See online help for details.
                 C:\Program Files (x86)\Microsoft Visual Studio 12.0\VC\include\string.h(112) : see declaration of 'strcpy'
     1>..\win32\win_qgl.c(920): warning C4996: 'strcpy': This function or variable may be unsafe. Consider using strcpy_s instead. To disable deprecation, use _CRT_SECURE_NO_WARNINGS. See online help for details.
                 C:\Program Files (x86)\Microsoft Visual Studio 12.0\VC\include\string.h(112) : see declaration of 'strcpy'
     1>..\win32\win_qgl.c(923): warning C4996: 'strcpy': This function or variable may be unsafe. Consider using strcpy_s instead. To disable deprecation, use _CRT_SECURE_NO_WARNINGS. See online help for details.
                 C:\Program Files (x86)\Microsoft Visual Studio 12.0\VC\include\string.h(112) : see declaration of 'strcpy'
     1>..\win32\win_qgl.c(926): warning C4996: 'strcpy': This function or variable may be unsafe. Consider using strcpy_s instead. To disable deprecation, use _CRT_SECURE_NO_WARNINGS. See online help for details.
                 C:\Program Files (x86)\Microsoft Visual Studio 12.0\VC\include\string.h(112) : see declaration of 'strcpy'
     1>..\win32\win_qgl.c(929): warning C4996: 'strcpy': This function or variable may be unsafe. Consider using strcpy_s instead. To disable deprecation, use _CRT_SECURE_NO_WARNINGS. See online help for details.
                 C:\Program Files (x86)\Microsoft Visual Studio 12.0\VC\include\string.h(112) : see declaration of 'strcpy'
     1>..\win32\win_qgl.c(932): warning C4996: 'strcpy': This function or variable may be unsafe. Consider using strcpy_s instead. To disable deprecation, use _CRT_SECURE_NO_WARNINGS. See online help for details.
                 C:\Program Files (x86)\Microsoft Visual Studio 12.0\VC\include\string.h(112) : see declaration of 'strcpy'
     1>..\win32\win_qgl.c(935): warning C4996: 'strcpy': This function or variable may be unsafe. Consider using strcpy_s instead. To disable deprecation, use _CRT_SECURE_NO_WARNINGS. See online help for details.
                 C:\Program Files (x86)\Microsoft Visual Studio 12.0\VC\include\string.h(112) : see declaration of 'strcpy'
     1>..\win32\win_qgl.c(938): warning C4996: 'sprintf': This function or variable may be unsafe. Consider using sprintf_s instead. To disable deprecation, use _CRT_SECURE_NO_WARNINGS. See online help for details.
                 C:\Program Files (x86)\Microsoft Visual Studio 12.0\VC\include\stdio.h(356) : see declaration of 'sprintf'
     1>..\win32\win_qgl.c(3677): warning C4996: 'localtime': This function or variable may be unsafe. Consider using localtime_s instead. To disable deprecation, use _CRT_SECURE_NO_WARNINGS. See online help for details.
                 C:\Program Files (x86)\Microsoft Visual Studio 12.0\VC\include\time.inl(112) : see declaration of 'localtime'
     1>..\win32\win_qgl.c(3679): warning C4996: 'asctime': This function or variable may be unsafe. Consider using asctime_s instead. To disable deprecation, use _CRT_SECURE_NO_WARNINGS. See online help for details.
                 C:\Program Files (x86)\Microsoft Visual Studio 12.0\VC\include\time.h(174) : see declaration of 'asctime'
     1>..\win32\win_qgl.c(3683): warning C4996: 'fopen': This function or variable may be unsafe. Consider using fopen_s instead. To disable deprecation, use _CRT_SECURE_NO_WARNINGS. See online help for details.
                 C:\Program Files (x86)\Microsoft Visual Studio 12.0\VC\include\stdio.h(211) : see declaration of 'fopen'
     1>..\win32\win_qgl.c(3685): warning C4996: 'asctime': This function or variable may be unsafe. Consider using asctime_s instead. To disable deprecation, use _CRT_SECURE_NO_WARNINGS. See online help for details.
                 C:\Program Files (x86)\Microsoft Visual Studio 12.0\VC\include\time.h(174) : see declaration of 'asctime'
         tr_animation.c
         Generating Code...
         Compiling...
         tr_backend.c
         tr_bsp.c
     1>tr_bsp.c(1704): warning C4996: 'strcpy': This function or variable may be unsafe. Consider using strcpy_s instead. To disable deprecation, use _CRT_SECURE_NO_WARNINGS. See online help for details.
                 C:\Program Files (x86)\Microsoft Visual Studio 12.0\VC\include\string.h(112) : see declaration of 'strcpy'
     1>tr_bsp.c(1732): warning C4267: 'function' : conversion from 'size_t' to 'int', possible loss of data
     1>tr_bsp.c(1746): warning C4267: 'function' : conversion from 'size_t' to 'int', possible loss of data
     1>tr_bsp.c(1758): warning C4996: 'sscanf': This function or variable may be unsafe. Consider using sscanf_s instead. To disable deprecation, use _CRT_SECURE_NO_WARNINGS. See online help for details.
                 C:\Program Files (x86)\Microsoft Visual Studio 12.0\VC\include\stdio.h(304) : see declaration of 'sscanf'
         tr_cmds.c
         tr_curve.c
         tr_flares.c
         tr_font.c
         tr_image.c
     1>tr_image.c(751): warning C4996: 'strcpy': This function or variable may be unsafe. Consider using strcpy_s instead. To disable deprecation, use _CRT_SECURE_NO_WARNINGS. See online help for details.
                 C:\Program Files (x86)\Microsoft Visual Studio 12.0\VC\include\string.h(112) : see declaration of 'strcpy'
     1>tr_image.c(1666): warning C4267: '=' : conversion from 'size_t' to 'int', possible loss of data
     1>tr_image.c(1822): warning C4267: '=' : conversion from 'size_t' to 'int', possible loss of data
     1>tr_image.c(1831): warning C4996: 'strcpy': This function or variable may be unsafe. Consider using strcpy_s instead. To disable deprecation, use _CRT_SECURE_NO_WARNINGS. See online help for details.
                 C:\Program Files (x86)\Microsoft Visual Studio 12.0\VC\include\string.h(112) : see declaration of 'strcpy'
     1>tr_image.c(1832): warning C4267: '=' : conversion from 'size_t' to 'int', possible loss of data
     1>tr_image.c(1896): warning C4996: 'strcpy': This function or variable may be unsafe. Consider using strcpy_s instead. To disable deprecation, use _CRT_SECURE_NO_WARNINGS. See online help for details.
                 C:\Program Files (x86)\Microsoft Visual Studio 12.0\VC\include\string.h(112) : see declaration of 'strcpy'
     1>tr_image.c(1897): warning C4267: '=' : conversion from 'size_t' to 'int', possible loss of data
         tr_init.c
     1>tr_init.c(212): warning C4996: 'strcpy': This function or variable may be unsafe. Consider using strcpy_s instead. To disable deprecation, use _CRT_SECURE_NO_WARNINGS. See online help for details.
                 C:\Program Files (x86)\Microsoft Visual Studio 12.0\VC\include\string.h(112) : see declaration of 'strcpy'
     1>tr_init.c(254): warning C4996: 'strcpy': This function or variable may be unsafe. Consider using strcpy_s instead. To disable deprecation, use _CRT_SECURE_NO_WARNINGS. See online help for details.
                 C:\Program Files (x86)\Microsoft Visual Studio 12.0\VC\include\string.h(112) : see declaration of 'strcpy'
     1>tr_init.c(257): warning C4996: 'strcpy': This function or variable may be unsafe. Consider using strcpy_s instead. To disable deprecation, use _CRT_SECURE_NO_WARNINGS. See online help for details.
                 C:\Program Files (x86)\Microsoft Visual Studio 12.0\VC\include\string.h(112) : see declaration of 'strcpy'
     1>tr_init.c(260): warning C4996: 'strcpy': This function or variable may be unsafe. Consider using strcpy_s instead. To disable deprecation, use _CRT_SECURE_NO_WARNINGS. See online help for details.
                 C:\Program Files (x86)\Microsoft Visual Studio 12.0\VC\include\string.h(112) : see declaration of 'strcpy'
     1>tr_init.c(263): warning C4996: 'strcpy': This function or variable may be unsafe. Consider using strcpy_s instead. To disable deprecation, use _CRT_SECURE_NO_WARNINGS. See online help for details.
                 C:\Program Files (x86)\Microsoft Visual Studio 12.0\VC\include\string.h(112) : see declaration of 'strcpy'
     1>tr_init.c(266): warning C4996: 'strcpy': This function or variable may be unsafe. Consider using strcpy_s instead. To disable deprecation, use _CRT_SECURE_NO_WARNINGS. See online help for details.
                 C:\Program Files (x86)\Microsoft Visual Studio 12.0\VC\include\string.h(112) : see declaration of 'strcpy'
     1>tr_init.c(269): warning C4996: 'strcpy': This function or variable may be unsafe. Consider using strcpy_s instead. To disable deprecation, use _CRT_SECURE_NO_WARNINGS. See online help for details.
                 C:\Program Files (x86)\Microsoft Visual Studio 12.0\VC\include\string.h(112) : see declaration of 'strcpy'
     1>tr_init.c(540): warning C4996: 'sprintf': This function or variable may be unsafe. Consider using sprintf_s instead. To disable deprecation, use _CRT_SECURE_NO_WARNINGS. See online help for details.
                 C:\Program Files (x86)\Microsoft Visual Studio 12.0\VC\include\stdio.h(356) : see declaration of 'sprintf'
         tr_light.c
         tr_main.c
         tr_marks.c
         tr_mesh.c
         tr_model.c
     1>tr_model.c(137): warning C4996: 'strcpy': This function or variable may be unsafe. Consider using strcpy_s instead. To disable deprecation, use _CRT_SECURE_NO_WARNINGS. See online help for details.
                 C:\Program Files (x86)\Microsoft Visual Studio 12.0\VC\include\string.h(112) : see declaration of 'strcpy'
     1>tr_model.c(145): warning C4996: 'sprintf': This function or variable may be unsafe. Consider using sprintf_s instead. To disable deprecation, use _CRT_SECURE_NO_WARNINGS. See online help for details.
                 C:\Program Files (x86)\Microsoft Visual Studio 12.0\VC\include\stdio.h(356) : see declaration of 'sprintf'
     1>tr_model.c(146): warning C4996: 'strcat': This function or variable may be unsafe. Consider using strcat_s instead. To disable deprecation, use _CRT_SECURE_NO_WARNINGS. See online help for details.
                 C:\Program Files (x86)\Microsoft Visual Studio 12.0\VC\include\string.h(118) : see declaration of 'strcat'
     1>tr_model.c(316): warning C4267: '=' : conversion from 'size_t' to 'int', possible loss of data
         tr_noise.c
         tr_scene.c
         tr_shade.c
         tr_shader.c
     1>tr_shader.c(984): warning C4996: 'strcat': This function or variable may be unsafe. Consider using strcat_s instead. To disable deprecation, use _CRT_SECURE_NO_WARNINGS. See online help for details.
                 C:\Program Files (x86)\Microsoft Visual Studio 12.0\VC\include\string.h(118) : see declaration of 'strcat'
     1>tr_shader.c(985): warning C4996: 'strcat': This function or variable may be unsafe. Consider using strcat_s instead. To disable deprecation, use _CRT_SECURE_NO_WARNINGS. See online help for details.
                 C:\Program Files (x86)\Microsoft Visual Studio 12.0\VC\include\string.h(118) : see declaration of 'strcat'
     1>tr_shader.c(2887): warning C4996: 'strcat': This function or variable may be unsafe. Consider using strcat_s instead. To disable deprecation, use _CRT_SECURE_NO_WARNINGS. See online help for details.
                 C:\Program Files (x86)\Microsoft Visual Studio 12.0\VC\include\string.h(118) : see declaration of 'strcat'
     1>tr_shader.c(2889): warning C4996: 'strcat': This function or variable may be unsafe. Consider using strcat_s instead. To disable deprecation, use _CRT_SECURE_NO_WARNINGS. See online help for details.
                 C:\Program Files (x86)\Microsoft Visual Studio 12.0\VC\include\string.h(118) : see declaration of 'strcat'
         tr_shade_calc.c
     1>tr_shade_calc.c(299): warning C4267: '=' : conversion from 'size_t' to 'int', possible loss of data
         tr_shadows.c
         tr_sky.c
         Generating Code...
         Compiling...
         tr_surface.c
         tr_world.c
         Generating Code...
     1>C:\Program Files (x86)\MSBuild\Microsoft.Cpp\v4.0\V120\Microsoft.CppBuild.targets(1361,5): warning MSB8012: TargetPath(C:\Users\devHaris\Desktop\Quake-III-Arena-master\code\x64\Debug\renderer.lib) does not match the Library's OutputFile property value (C:\Users\devHaris\Desktop\Quake-III-Arena-master\code\renderer\Debug\renderer.lib). This may cause your project to build incorrectly. To correct this, please make sure that $(OutDir), $(TargetName) and $(TargetExt) property values match the value specified in %(Lib.OutputFile).
       Lib:
         C:\Program Files (x86)\Microsoft Visual Studio 12.0\VC\bin\x86_amd64\Lib.exe /OUT:".\Debug\renderer.lib" /NOLOGO /MACHINE:X64 .\Debug/jcapimin.obj
         .\Debug/jccoefct.obj
         .\Debug/jccolor.obj
         .\Debug/jcdctmgr.obj
         .\Debug/jchuff.obj
         .\Debug/jcinit.obj
         .\Debug/jcmainct.obj
         .\Debug/jcmarker.obj
         .\Debug/jcmaster.obj
         .\Debug/jcomapi.obj
         .\Debug/jcparam.obj
         .\Debug/jcphuff.obj
         .\Debug/jcprepct.obj
         .\Debug/jcsample.obj
         .\Debug/jctrans.obj
         .\Debug/jdapimin.obj
         .\Debug/jdapistd.obj
         .\Debug/jdatadst.obj
         .\Debug/jdatasrc.obj
         .\Debug/jdcoefct.obj
         .\Debug/jdcolor.obj
         .\Debug/jddctmgr.obj
         .\Debug/jdhuff.obj
         .\Debug/jdinput.obj
         .\Debug/jdmainct.obj
         .\Debug/jdmarker.obj
         .\Debug/jdmaster.obj
         .\Debug/jdpostct.obj
         .\Debug/jdsample.obj
         .\Debug/jdtrans.obj
         .\Debug/jerror.obj
         .\Debug/jfdctflt.obj
         .\Debug/jidctflt.obj
         .\Debug/jmemmgr.obj
         .\Debug/jmemnobs.obj
         .\Debug/jutils.obj
         .\Debug/win_gamma.obj
         .\Debug/win_glimp.obj
         .\Debug/win_qgl.obj
         .\Debug/tr_animation.obj
         .\Debug/tr_backend.obj
         .\Debug/tr_bsp.obj
         .\Debug/tr_cmds.obj
         .\Debug/tr_curve.obj
         .\Debug/tr_flares.obj
         .\Debug/tr_font.obj
         .\Debug/tr_image.obj
         .\Debug/tr_init.obj
         .\Debug/tr_light.obj
         .\Debug/tr_main.obj
         .\Debug/tr_marks.obj
         .\Debug/tr_mesh.obj
         .\Debug/tr_model.obj
         .\Debug/tr_noise.obj
         .\Debug/tr_scene.obj
         .\Debug/tr_shade.obj
         .\Debug/tr_shader.obj
         .\Debug/tr_shade_calc.obj
         .\Debug/tr_shadows.obj
         .\Debug/tr_sky.obj
         .\Debug/tr_surface.obj
         .\Debug/tr_world.obj
         renderer.vcxproj -> C:\Users\devHaris\Desktop\Quake-III-Arena-master\code\x64\Debug\renderer.lib
       BscMake:
         C:\Program Files (x86)\Microsoft Visual Studio 12.0\VC\bin\bscmake.exe /nologo /o"C:\Users\devHaris\Desktop\Quake-III-Arena-master\code\x64\Debug\renderer.bsc" x64\Debug\jcapimin.sbr x64\Debug\jccoefct.sbr x64\Debug\jccolor.sbr x64\Debug\jcdctmgr.sbr x64\Debug\jchuff.sbr x64\Debug\jcinit.sbr x64\Debug\jcmainct.sbr x64\Debug\jcmarker.sbr x64\Debug\jcmaster.sbr x64\Debug\jcomapi.sbr x64\Debug\jcparam.sbr x64\Debug\jcphuff.sbr x64\Debug\jcprepct.sbr x64\Debug\jcsample.sbr x64\Debug\jctrans.sbr x64\Debug\jdapimin.sbr x64\Debug\jdapistd.sbr x64\Debug\jdatadst.sbr x64\Debug\jdatasrc.sbr x64\Debug\jdcoefct.sbr x64\Debug\jdcolor.sbr x64\Debug\jddctmgr.sbr x64\Debug\jdhuff.sbr x64\Debug\jdinput.sbr x64\Debug\jdmainct.sbr x64\Debug\jdmarker.sbr x64\Debug\jdmaster.sbr x64\Debug\jdpostct.sbr x64\Debug\jdsample.sbr x64\Debug\jdtrans.sbr x64\Debug\jerror.sbr x64\Debug\jfdctflt.sbr x64\Debug\jidctflt.sbr x64\Debug\jmemmgr.sbr x64\Debug\jmemnobs.sbr x64\Debug\jutils.sbr x64\Debug\win_gamma.sbr x64\Debug\win_glimp.sbr x64\Debug\win_qgl.sbr x64\Debug\tr_animation.sbr x64\Debug\tr_backend.sbr x64\Debug\tr_bsp.sbr x64\Debug\tr_cmds.sbr x64\Debug\tr_curve.sbr x64\Debug\tr_flares.sbr x64\Debug\tr_font.sbr x64\Debug\tr_image.sbr x64\Debug\tr_init.sbr x64\Debug\tr_light.sbr x64\Debug\tr_main.sbr x64\Debug\tr_marks.sbr x64\Debug\tr_mesh.sbr x64\Debug\tr_model.sbr x64\Debug\tr_noise.sbr x64\Debug\tr_scene.sbr x64\Debug\tr_shade.sbr x64\Debug\tr_shader.sbr x64\Debug\tr_shade_calc.sbr x64\Debug\tr_shadows.sbr x64\Debug\tr_sky.sbr x64\Debug\tr_surface.sbr x64\Debug\tr_world.sbr
     1>Done Building Project "C:\Users\devHaris\Desktop\Quake-III-Arena-master\code\renderer\renderer.vcxproj" (Build target(s)).

Build succeeded.

Time Elapsed 00:00:13.31
