Build started 2015-02-06 20:38:31.
     1>Project "C:\Users\devHaris\Desktop\Quake-III-Arena-master\code\renderer\renderer.vcxproj" on node 3 (Build target(s)).
     1>ClCompile:
         C:\Program Files (x86)\Microsoft Visual Studio 12.0\VC\bin\CL.exe /c /Zi /nologo /W4 /WX- /O2 /Ob2 /Oy- /D WIN32 /D NDEBUG /D _LIB /D _MBCS /GF /Gm- /EHsc /MT /GS /Gy /fp:precise /Zc:wchar_t /Zc:forScope /Fo".\Release_TA/" /Fd".\Release_TA/vc120.pdb" /Gd /TC /analyze- /errorReport:prompt "..\jpeg-6\jcapimin.c" "..\jpeg-6\jccoefct.c" "..\jpeg-6\jccolor.c" "..\jpeg-6\jcdctmgr.c" "..\jpeg-6\jchuff.c" "..\jpeg-6\jcinit.c" "..\jpeg-6\jcmainct.c" "..\jpeg-6\jcmarker.c" "..\jpeg-6\jcmaster.c" "..\jpeg-6\jcomapi.c" "..\jpeg-6\jcparam.c" "..\jpeg-6\jcphuff.c" "..\jpeg-6\jcprepct.c" "..\jpeg-6\jcsample.c" "..\jpeg-6\jctrans.c" "..\jpeg-6\jdapimin.c" "..\jpeg-6\jdapistd.c" "..\jpeg-6\jdatadst.c" "..\jpeg-6\jdatasrc.c" "..\jpeg-6\jdcoefct.c" "..\jpeg-6\jdcolor.c" "..\jpeg-6\jddctmgr.c" "..\jpeg-6\jdhuff.c" "..\jpeg-6\jdinput.c" "..\jpeg-6\jdmainct.c" "..\jpeg-6\jdmarker.c" "..\jpeg-6\jdmaster.c" "..\jpeg-6\jdpostct.c" "..\jpeg-6\jdsample.c" "..\jpeg-6\jdtrans.c" "..\jpeg-6\jerror.c" "..\jpeg-6\jfdctflt.c" "..\jpeg-6\jidctflt.c" "..\jpeg-6\jmemmgr.c" "..\jpeg-6\jmemnobs.c" "..\jpeg-6\jutils.c" ..\win32\win_gamma.c ..\win32\win_glimp.c ..\win32\win_qgl.c tr_animation.c tr_backend.c tr_bsp.c tr_cmds.c tr_curve.c tr_flares.c tr_font.c tr_image.c tr_init.c tr_light.c tr_main.c tr_marks.c tr_mesh.c tr_model.c tr_noise.c tr_scene.c tr_shade.c tr_shader.c tr_shade_calc.c tr_shadows.c tr_sky.c tr_surface.c tr_world.c
         jcapimin.c
         jccoefct.c
         jccolor.c
         jcdctmgr.c
         jchuff.c
         jcinit.c
         jcmainct.c
         jcmarker.c
         jcmaster.c
         jcomapi.c
         jcparam.c
         jcphuff.c
         jcprepct.c
         jcsample.c
         jctrans.c
         jdapimin.c
         jdapistd.c
         jdatadst.c
         jdatasrc.c
         jdcoefct.c
         Generating Code...
         Compiling...
         jdcolor.c
         jddctmgr.c
         jdhuff.c
         jdinput.c
         jdmainct.c
         jdmarker.c
         jdmaster.c
         jdpostct.c
         jdsample.c
         jdtrans.c
         jerror.c
     1>..\jpeg-6\jerror.c(173): warning C4996: 'sprintf': This function or variable may be unsafe. Consider using sprintf_s instead. To disable deprecation, use _CRT_SECURE_NO_WARNINGS. See online help for details.
                 C:\Program Files (x86)\Microsoft Visual Studio 12.0\VC\include\stdio.h(356) : see declaration of 'sprintf'
     1>..\jpeg-6\jerror.c(179): warning C4996: 'sprintf': This function or variable may be unsafe. Consider using sprintf_s instead. To disable deprecation, use _CRT_SECURE_NO_WARNINGS. See online help for details.
                 C:\Program Files (x86)\Microsoft Visual Studio 12.0\VC\include\stdio.h(356) : see declaration of 'sprintf'
         jfdctflt.c
         jidctflt.c
         jmemmgr.c
     1>..\jpeg-6\jmemmgr.c(1103): warning C4996: 'getenv': This function or variable may be unsafe. Consider using _dupenv_s instead. To disable deprecation, use _CRT_SECURE_NO_WARNINGS. See online help for details.
                 C:\Program Files (x86)\Microsoft Visual Studio 12.0\VC\include\stdlib.h(462) : see declaration of 'getenv'
     1>..\jpeg-6\jmemmgr.c(1106): warning C4996: 'sscanf': This function or variable may be unsafe. Consider using sscanf_s instead. To disable deprecation, use _CRT_SECURE_NO_WARNINGS. See online help for details.
                 C:\Program Files (x86)\Microsoft Visual Studio 12.0\VC\include\stdio.h(304) : see declaration of 'sscanf'
         jmemnobs.c
         jutils.c
         win_gamma.c
     1>..\win32\win_gamma.c(153): warning C4996: 'GetVersionExA': was declared deprecated
                 C:\Program Files (x86)\Windows Kits\8.1\Include\um\sysinfoapi.h(433) : see declaration of 'GetVersionExA'
         win_glimp.c
     1>..\win32\win_glimp.c(1131): warning C4996: 'GetVersionExA': was declared deprecated
                 C:\Program Files (x86)\Windows Kits\8.1\Include\um\sysinfoapi.h(433) : see declaration of 'GetVersionExA'
     1>..\win32\win_glimp.c(1368): warning C4996: 'sscanf': This function or variable may be unsafe. Consider using sscanf_s instead. To disable deprecation, use _CRT_SECURE_NO_WARNINGS. See online help for details.
                 C:\Program Files (x86)\Microsoft Visual Studio 12.0\VC\include\stdio.h(304) : see declaration of 'sscanf'
     1>..\win32\win_glimp.c(1371): warning C4996: 'sscanf': This function or variable may be unsafe. Consider using sscanf_s instead. To disable deprecation, use _CRT_SECURE_NO_WARNINGS. See online help for details.
                 C:\Program Files (x86)\Microsoft Visual Studio 12.0\VC\include\stdio.h(304) : see declaration of 'sscanf'
         win_qgl.c
     1>..\win32\win_qgl.c(787): warning C4996: 'strcpy': This function or variable may be unsafe. Consider using strcpy_s instead. To disable deprecation, use _CRT_SECURE_NO_WARNINGS. See online help for details.
     1>..\win32\win_qgl.c(789): warning C4996: 'strcpy': This function or variable may be unsafe. Consider using strcpy_s instead. To disable deprecation, use _CRT_SECURE_NO_WARNINGS. See online help for details.
     1>..\win32\win_qgl.c(791): warning C4996: 'strcpy': This function or variable may be unsafe. Consider using strcpy_s instead. To disable deprecation, use _CRT_SECURE_NO_WARNINGS. See online help for details.
     1>..\win32\win_qgl.c(793): warning C4996: 'strcpy': This function or variable may be unsafe. Consider using strcpy_s instead. To disable deprecation, use _CRT_SECURE_NO_WARNINGS. See online help for details.
     1>..\win32\win_qgl.c(795): warning C4996: 'strcpy': This function or variable may be unsafe. Consider using strcpy_s instead. To disable deprecation, use _CRT_SECURE_NO_WARNINGS. See online help for details.
     1>..\win32\win_qgl.c(797): warning C4996: 'strcpy': This function or variable may be unsafe. Consider using strcpy_s instead. To disable deprecation, use _CRT_SECURE_NO_WARNINGS. See online help for details.
     1>..\win32\win_qgl.c(799): warning C4996: 'strcpy': This function or variable may be unsafe. Consider using strcpy_s instead. To disable deprecation, use _CRT_SECURE_NO_WARNINGS. See online help for details.
     1>..\win32\win_qgl.c(801): warning C4996: 'strcpy': This function or variable may be unsafe. Consider using strcpy_s instead. To disable deprecation, use _CRT_SECURE_NO_WARNINGS. See online help for details.
     1>..\win32\win_qgl.c(803): warning C4996: 'strcpy': This function or variable may be unsafe. Consider using strcpy_s instead. To disable deprecation, use _CRT_SECURE_NO_WARNINGS. See online help for details.
     1>..\win32\win_qgl.c(805): warning C4996: 'strcpy': This function or variable may be unsafe. Consider using strcpy_s instead. To disable deprecation, use _CRT_SECURE_NO_WARNINGS. See online help for details.
     1>..\win32\win_qgl.c(807): warning C4996: 'sprintf': This function or variable may be unsafe. Consider using sprintf_s instead. To disable deprecation, use _CRT_SECURE_NO_WARNINGS. See online help for details.
                 C:\Program Files (x86)\Microsoft Visual Studio 12.0\VC\include\stdio.h(356) : see declaration of 'sprintf'
     1>..\win32\win_qgl.c(839): warning C4996: 'sprintf': This function or variable may be unsafe. Consider using sprintf_s instead. To disable deprecation, use _CRT_SECURE_NO_WARNINGS. See online help for details.
                 C:\Program Files (x86)\Microsoft Visual Studio 12.0\VC\include\stdio.h(356) : see declaration of 'sprintf'
     1>..\win32\win_qgl.c(917): warning C4996: 'strcpy': This function or variable may be unsafe. Consider using strcpy_s instead. To disable deprecation, use _CRT_SECURE_NO_WARNINGS. See online help for details.
     1>..\win32\win_qgl.c(920): warning C4996: 'strcpy': This function or variable may be unsafe. Consider using strcpy_s instead. To disable deprecation, use _CRT_SECURE_NO_WARNINGS. See online help for details.
     1>..\win32\win_qgl.c(923): warning C4996: 'strcpy': This function or variable may be unsafe. Consider using strcpy_s instead. To disable deprecation, use _CRT_SECURE_NO_WARNINGS. See online help for details.
     1>..\win32\win_qgl.c(926): warning C4996: 'strcpy': This function or variable may be unsafe. Consider using strcpy_s instead. To disable deprecation, use _CRT_SECURE_NO_WARNINGS. See online help for details.
     1>..\win32\win_qgl.c(929): warning C4996: 'strcpy': This function or variable may be unsafe. Consider using strcpy_s instead. To disable deprecation, use _CRT_SECURE_NO_WARNINGS. See online help for details.
     1>..\win32\win_qgl.c(932): warning C4996: 'strcpy': This function or variable may be unsafe. Consider using strcpy_s instead. To disable deprecation, use _CRT_SECURE_NO_WARNINGS. See online help for details.
     1>..\win32\win_qgl.c(935): warning C4996: 'strcpy': This function or variable may be unsafe. Consider using strcpy_s instead. To disable deprecation, use _CRT_SECURE_NO_WARNINGS. See online help for details.
     1>..\win32\win_qgl.c(938): warning C4996: 'sprintf': This function or variable may be unsafe. Consider using sprintf_s instead. To disable deprecation, use _CRT_SECURE_NO_WARNINGS. See online help for details.
                 C:\Program Files (x86)\Microsoft Visual Studio 12.0\VC\include\stdio.h(356) : see declaration of 'sprintf'
     1>..\win32\win_qgl.c(3677): warning C4996: 'localtime': This function or variable may be unsafe. Consider using localtime_s instead. To disable deprecation, use _CRT_SECURE_NO_WARNINGS. See online help for details.
                 C:\Program Files (x86)\Microsoft Visual Studio 12.0\VC\include\time.inl(112) : see declaration of 'localtime'
     1>..\win32\win_qgl.c(3679): warning C4996: 'asctime': This function or variable may be unsafe. Consider using asctime_s instead. To disable deprecation, use _CRT_SECURE_NO_WARNINGS. See online help for details.
                 C:\Program Files (x86)\Microsoft Visual Studio 12.0\VC\include\time.h(174) : see declaration of 'asctime'
     1>..\win32\win_qgl.c(3683): warning C4996: 'fopen': This function or variable may be unsafe. Consider using fopen_s instead. To disable deprecation, use _CRT_SECURE_NO_WARNINGS. See online help for details.
                 C:\Program Files (x86)\Microsoft Visual Studio 12.0\VC\include\stdio.h(211) : see declaration of 'fopen'
     1>..\win32\win_qgl.c(3685): warning C4996: 'asctime': This function or variable may be unsafe. Consider using asctime_s instead. To disable deprecation, use _CRT_SECURE_NO_WARNINGS. See online help for details.
                 C:\Program Files (x86)\Microsoft Visual Studio 12.0\VC\include\time.h(174) : see declaration of 'asctime'
         tr_animation.c
         Generating Code...
         Compiling...
         tr_backend.c
     1>tr_backend.c(558): warning C4389: '==' : signed/unsigned mismatch
         tr_bsp.c
     1>tr_bsp.c(1704): warning C4996: 'strcpy': This function or variable may be unsafe. Consider using strcpy_s instead. To disable deprecation, use _CRT_SECURE_NO_WARNINGS. See online help for details.
     1>tr_bsp.c(1758): warning C4996: 'sscanf': This function or variable may be unsafe. Consider using sscanf_s instead. To disable deprecation, use _CRT_SECURE_NO_WARNINGS. See online help for details.
                 C:\Program Files (x86)\Microsoft Visual Studio 12.0\VC\include\stdio.h(304) : see declaration of 'sscanf'
         tr_cmds.c
         tr_curve.c
         tr_flares.c
         tr_font.c
         tr_image.c
     1>tr_image.c(751): warning C4996: 'strcpy': This function or variable may be unsafe. Consider using strcpy_s instead. To disable deprecation, use _CRT_SECURE_NO_WARNINGS. See online help for details.
     1>tr_image.c(885): warning C4389: '!=' : signed/unsigned mismatch
     1>tr_image.c(1831): warning C4996: 'strcpy': This function or variable may be unsafe. Consider using strcpy_s instead. To disable deprecation, use _CRT_SECURE_NO_WARNINGS. See online help for details.
     1>tr_image.c(1896): warning C4996: 'strcpy': This function or variable may be unsafe. Consider using strcpy_s instead. To disable deprecation, use _CRT_SECURE_NO_WARNINGS. See online help for details.
         tr_init.c
     1>tr_init.c(212): warning C4996: 'strcpy': This function or variable may be unsafe. Consider using strcpy_s instead. To disable deprecation, use _CRT_SECURE_NO_WARNINGS. See online help for details.
     1>tr_init.c(254): warning C4996: 'strcpy': This function or variable may be unsafe. Consider using strcpy_s instead. To disable deprecation, use _CRT_SECURE_NO_WARNINGS. See online help for details.
     1>tr_init.c(257): warning C4996: 'strcpy': This function or variable may be unsafe. Consider using strcpy_s instead. To disable deprecation, use _CRT_SECURE_NO_WARNINGS. See online help for details.
     1>tr_init.c(260): warning C4996: 'strcpy': This function or variable may be unsafe. Consider using strcpy_s instead. To disable deprecation, use _CRT_SECURE_NO_WARNINGS. See online help for details.
     1>tr_init.c(263): warning C4996: 'strcpy': This function or variable may be unsafe. Consider using strcpy_s instead. To disable deprecation, use _CRT_SECURE_NO_WARNINGS. See online help for details.
     1>tr_init.c(266): warning C4996: 'strcpy': This function or variable may be unsafe. Consider using strcpy_s instead. To disable deprecation, use _CRT_SECURE_NO_WARNINGS. See online help for details.
     1>tr_init.c(269): warning C4996: 'strcpy': This function or variable may be unsafe. Consider using strcpy_s instead. To disable deprecation, use _CRT_SECURE_NO_WARNINGS. See online help for details.
     1>tr_init.c(540): warning C4996: 'sprintf': This function or variable may be unsafe. Consider using sprintf_s instead. To disable deprecation, use _CRT_SECURE_NO_WARNINGS. See online help for details.
                 C:\Program Files (x86)\Microsoft Visual Studio 12.0\VC\include\stdio.h(356) : see declaration of 'sprintf'
         tr_light.c
         tr_main.c
         tr_marks.c
         tr_mesh.c
         tr_model.c
     1>tr_model.c(137): warning C4996: 'strcpy': This function or variable may be unsafe. Consider using strcpy_s instead. To disable deprecation, use _CRT_SECURE_NO_WARNINGS. See online help for details.
     1>tr_model.c(145): warning C4996: 'sprintf': This function or variable may be unsafe. Consider using sprintf_s instead. To disable deprecation, use _CRT_SECURE_NO_WARNINGS. See online help for details.
                 C:\Program Files (x86)\Microsoft Visual Studio 12.0\VC\include\stdio.h(356) : see declaration of 'sprintf'
     1>tr_model.c(146): warning C4996: 'strcat': This function or variable may be unsafe. Consider using strcat_s instead. To disable deprecation, use _CRT_SECURE_NO_WARNINGS. See online help for details.
         tr_noise.c
         tr_scene.c
         tr_shade.c
     1>tr_shade.c(90): warning C4389: '==' : signed/unsigned mismatch
     1>tr_shade.c(118): warning C4389: '==' : signed/unsigned mismatch
         tr_shader.c
     1>tr_shader.c(984): warning C4996: 'strcat': This function or variable may be unsafe. Consider using strcat_s instead. To disable deprecation, use _CRT_SECURE_NO_WARNINGS. See online help for details.
     1>tr_shader.c(985): warning C4996: 'strcat': This function or variable may be unsafe. Consider using strcat_s instead. To disable deprecation, use _CRT_SECURE_NO_WARNINGS. See online help for details.
     1>tr_shader.c(2887): warning C4996: 'strcat': This function or variable may be unsafe. Consider using strcat_s instead. To disable deprecation, use _CRT_SECURE_NO_WARNINGS. See online help for details.
     1>tr_shader.c(2889): warning C4996: 'strcat': This function or variable may be unsafe. Consider using strcat_s instead. To disable deprecation, use _CRT_SECURE_NO_WARNINGS. See online help for details.
         tr_shade_calc.c
     1>tr_shade_calc.c(515): warning C4389: '==' : signed/unsigned mismatch
         tr_shadows.c
         tr_sky.c
         Generating Code...
         Compiling...
         tr_surface.c
         tr_world.c
         Generating Code...
       Lib:
         C:\Program Files (x86)\Microsoft Visual Studio 12.0\VC\bin\Lib.exe /OUT:".\Release_TA\renderer.lib" /NOLOGO .\Release_TA/jcapimin.obj
         .\Release_TA/jccoefct.obj
         .\Release_TA/jccolor.obj
         .\Release_TA/jcdctmgr.obj
         .\Release_TA/jchuff.obj
         .\Release_TA/jcinit.obj
         .\Release_TA/jcmainct.obj
         .\Release_TA/jcmarker.obj
         .\Release_TA/jcmaster.obj
         .\Release_TA/jcomapi.obj
         .\Release_TA/jcparam.obj
         .\Release_TA/jcphuff.obj
         .\Release_TA/jcprepct.obj
         .\Release_TA/jcsample.obj
         .\Release_TA/jctrans.obj
         .\Release_TA/jdapimin.obj
         .\Release_TA/jdapistd.obj
         .\Release_TA/jdatadst.obj
         .\Release_TA/jdatasrc.obj
         .\Release_TA/jdcoefct.obj
         .\Release_TA/jdcolor.obj
         .\Release_TA/jddctmgr.obj
         .\Release_TA/jdhuff.obj
         .\Release_TA/jdinput.obj
         .\Release_TA/jdmainct.obj
         .\Release_TA/jdmarker.obj
         .\Release_TA/jdmaster.obj
         .\Release_TA/jdpostct.obj
         .\Release_TA/jdsample.obj
         .\Release_TA/jdtrans.obj
         .\Release_TA/jerror.obj
         .\Release_TA/jfdctflt.obj
         .\Release_TA/jidctflt.obj
         .\Release_TA/jmemmgr.obj
         .\Release_TA/jmemnobs.obj
         .\Release_TA/jutils.obj
         .\Release_TA/win_gamma.obj
         .\Release_TA/win_glimp.obj
         .\Release_TA/win_qgl.obj
         .\Release_TA/tr_animation.obj
         .\Release_TA/tr_backend.obj
         .\Release_TA/tr_bsp.obj
         .\Release_TA/tr_cmds.obj
         .\Release_TA/tr_curve.obj
         .\Release_TA/tr_flares.obj
         .\Release_TA/tr_font.obj
         .\Release_TA/tr_image.obj
         .\Release_TA/tr_init.obj
         .\Release_TA/tr_light.obj
         .\Release_TA/tr_main.obj
         .\Release_TA/tr_marks.obj
         .\Release_TA/tr_mesh.obj
         .\Release_TA/tr_model.obj
         .\Release_TA/tr_noise.obj
         .\Release_TA/tr_scene.obj
         .\Release_TA/tr_shade.obj
         .\Release_TA/tr_shader.obj
         .\Release_TA/tr_shade_calc.obj
         .\Release_TA/tr_shadows.obj
         .\Release_TA/tr_sky.obj
         .\Release_TA/tr_surface.obj
         .\Release_TA/tr_world.obj
         renderer.vcxproj -> C:\Users\devHaris\Desktop\Quake-III-Arena-master\code\renderer\.\Release_TA\renderer.lib
     1>Done Building Project "C:\Users\devHaris\Desktop\Quake-III-Arena-master\code\renderer\renderer.vcxproj" (Build target(s)).

Build succeeded.

Time Elapsed 00:00:07.92
