c:\users\haris\documents\github\quake-iii-arena\code\q3_ui\q3_ui___win32_debug\q3_ui.bsc
c:\users\haris\documents\github\quake-iii-arena\code\q3_ui\debug\vc120.pdb
c:\users\haris\documents\github\quake-iii-arena\code\q3_ui\debug\vc120.idb
c:\users\haris\documents\github\quake-iii-arena\code\q3_ui\q3_ui___win32_debug\bg_misc.sbr
c:\users\haris\documents\github\quake-iii-arena\code\q3_ui\q3_ui___win32_debug\q_math.sbr
c:\users\haris\documents\github\quake-iii-arena\code\q3_ui\q3_ui___win32_debug\q_shared.sbr
c:\users\haris\documents\github\quake-iii-arena\code\q3_ui\q3_ui___win32_debug\ui_syscalls.sbr
c:\users\haris\documents\github\quake-iii-arena\code\q3_ui\q3_ui___win32_debug\ui_addbots.sbr
c:\users\haris\documents\github\quake-iii-arena\code\q3_ui\q3_ui___win32_debug\ui_atoms.sbr
c:\users\haris\documents\github\quake-iii-arena\code\q3_ui\q3_ui___win32_debug\ui_cdkey.sbr
c:\users\haris\documents\github\quake-iii-arena\code\q3_ui\q3_ui___win32_debug\ui_cinematics.sbr
c:\users\haris\documents\github\quake-iii-arena\code\q3_ui\q3_ui___win32_debug\ui_confirm.sbr
c:\users\haris\documents\github\quake-iii-arena\code\q3_ui\q3_ui___win32_debug\ui_connect.sbr
c:\users\haris\documents\github\quake-iii-arena\code\q3_ui\q3_ui___win32_debug\ui_controls2.sbr
c:\users\haris\documents\github\quake-iii-arena\code\q3_ui\q3_ui___win32_debug\ui_credits.sbr
c:\users\haris\documents\github\quake-iii-arena\code\q3_ui\q3_ui___win32_debug\ui_demo2.sbr
c:\users\haris\documents\github\quake-iii-arena\code\q3_ui\q3_ui___win32_debug\ui_display.sbr
c:\users\haris\documents\github\quake-iii-arena\code\q3_ui\q3_ui___win32_debug\ui_gameinfo.sbr
c:\users\haris\documents\github\quake-iii-arena\code\q3_ui\q3_ui___win32_debug\ui_ingame.sbr
c:\users\haris\documents\github\quake-iii-arena\code\q3_ui\q3_ui___win32_debug\ui_main.sbr
c:\users\haris\documents\github\quake-iii-arena\code\q3_ui\q3_ui___win32_debug\ui_menu.sbr
c:\users\haris\documents\github\quake-iii-arena\code\q3_ui\q3_ui___win32_debug\ui_mfield.sbr
c:\users\haris\documents\github\quake-iii-arena\code\q3_ui\q3_ui___win32_debug\ui_mods.sbr
c:\users\haris\documents\github\quake-iii-arena\code\q3_ui\debug\ui_mods.obj
c:\users\haris\documents\github\quake-iii-arena\code\q3_ui\debug\ui_mfield.obj
c:\users\haris\documents\github\quake-iii-arena\code\q3_ui\debug\ui_menu.obj
c:\users\haris\documents\github\quake-iii-arena\code\q3_ui\debug\ui_main.obj
c:\users\haris\documents\github\quake-iii-arena\code\q3_ui\debug\ui_ingame.obj
c:\users\haris\documents\github\quake-iii-arena\code\q3_ui\debug\ui_gameinfo.obj
c:\users\haris\documents\github\quake-iii-arena\code\q3_ui\debug\ui_display.obj
c:\users\haris\documents\github\quake-iii-arena\code\q3_ui\debug\ui_demo2.obj
c:\users\haris\documents\github\quake-iii-arena\code\q3_ui\debug\ui_credits.obj
c:\users\haris\documents\github\quake-iii-arena\code\q3_ui\debug\ui_controls2.obj
c:\users\haris\documents\github\quake-iii-arena\code\q3_ui\debug\ui_connect.obj
c:\users\haris\documents\github\quake-iii-arena\code\q3_ui\debug\ui_confirm.obj
c:\users\haris\documents\github\quake-iii-arena\code\q3_ui\debug\ui_cinematics.obj
c:\users\haris\documents\github\quake-iii-arena\code\q3_ui\debug\ui_cdkey.obj
c:\users\haris\documents\github\quake-iii-arena\code\q3_ui\debug\ui_atoms.obj
c:\users\haris\documents\github\quake-iii-arena\code\q3_ui\debug\ui_addbots.obj
c:\users\haris\documents\github\quake-iii-arena\code\q3_ui\debug\ui_syscalls.obj
c:\users\haris\documents\github\quake-iii-arena\code\q3_ui\debug\q_shared.obj
c:\users\haris\documents\github\quake-iii-arena\code\q3_ui\debug\q_math.obj
c:\users\haris\documents\github\quake-iii-arena\code\q3_ui\debug\bg_misc.obj
c:\users\haris\documents\github\quake-iii-arena\code\q3_ui\q3_ui___win32_debug\ui_network.sbr
c:\users\haris\documents\github\quake-iii-arena\code\q3_ui\q3_ui___win32_debug\ui_options.sbr
c:\users\haris\documents\github\quake-iii-arena\code\q3_ui\q3_ui___win32_debug\ui_playermodel.sbr
c:\users\haris\documents\github\quake-iii-arena\code\q3_ui\q3_ui___win32_debug\ui_players.sbr
c:\users\haris\documents\github\quake-iii-arena\code\q3_ui\q3_ui___win32_debug\ui_playersettings.sbr
c:\users\haris\documents\github\quake-iii-arena\code\q3_ui\q3_ui___win32_debug\ui_preferences.sbr
c:\users\haris\documents\github\quake-iii-arena\code\q3_ui\q3_ui___win32_debug\ui_qmenu.sbr
c:\users\haris\documents\github\quake-iii-arena\code\q3_ui\q3_ui___win32_debug\ui_removebots.sbr
c:\users\haris\documents\github\quake-iii-arena\code\q3_ui\q3_ui___win32_debug\ui_serverinfo.sbr
c:\users\haris\documents\github\quake-iii-arena\code\q3_ui\q3_ui___win32_debug\ui_servers2.sbr
c:\users\haris\documents\github\quake-iii-arena\code\q3_ui\q3_ui___win32_debug\ui_setup.sbr
c:\users\haris\documents\github\quake-iii-arena\code\q3_ui\q3_ui___win32_debug\ui_sound.sbr
c:\users\haris\documents\github\quake-iii-arena\code\q3_ui\q3_ui___win32_debug\ui_sparena.sbr
c:\users\haris\documents\github\quake-iii-arena\code\q3_ui\q3_ui___win32_debug\ui_specifyserver.sbr
c:\users\haris\documents\github\quake-iii-arena\code\q3_ui\q3_ui___win32_debug\ui_splevel.sbr
c:\users\haris\documents\github\quake-iii-arena\code\q3_ui\q3_ui___win32_debug\ui_sppostgame.sbr
c:\users\haris\documents\github\quake-iii-arena\code\q3_ui\q3_ui___win32_debug\ui_spreset.sbr
c:\users\haris\documents\github\quake-iii-arena\code\q3_ui\q3_ui___win32_debug\ui_spskill.sbr
c:\users\haris\documents\github\quake-iii-arena\code\q3_ui\q3_ui___win32_debug\ui_startserver.sbr
c:\users\haris\documents\github\quake-iii-arena\code\q3_ui\q3_ui___win32_debug\ui_team.sbr
c:\users\haris\documents\github\quake-iii-arena\code\q3_ui\debug\ui_team.obj
c:\users\haris\documents\github\quake-iii-arena\code\q3_ui\debug\ui_startserver.obj
c:\users\haris\documents\github\quake-iii-arena\code\q3_ui\debug\ui_spskill.obj
c:\users\haris\documents\github\quake-iii-arena\code\q3_ui\debug\ui_spreset.obj
c:\users\haris\documents\github\quake-iii-arena\code\q3_ui\debug\ui_sppostgame.obj
c:\users\haris\documents\github\quake-iii-arena\code\q3_ui\debug\ui_splevel.obj
c:\users\haris\documents\github\quake-iii-arena\code\q3_ui\debug\ui_specifyserver.obj
c:\users\haris\documents\github\quake-iii-arena\code\q3_ui\debug\ui_sparena.obj
c:\users\haris\documents\github\quake-iii-arena\code\q3_ui\debug\ui_sound.obj
c:\users\haris\documents\github\quake-iii-arena\code\q3_ui\debug\ui_setup.obj
c:\users\haris\documents\github\quake-iii-arena\code\q3_ui\debug\ui_servers2.obj
c:\users\haris\documents\github\quake-iii-arena\code\q3_ui\debug\ui_serverinfo.obj
c:\users\haris\documents\github\quake-iii-arena\code\q3_ui\debug\ui_removebots.obj
c:\users\haris\documents\github\quake-iii-arena\code\q3_ui\debug\ui_qmenu.obj
c:\users\haris\documents\github\quake-iii-arena\code\q3_ui\debug\ui_preferences.obj
c:\users\haris\documents\github\quake-iii-arena\code\q3_ui\debug\ui_playersettings.obj
c:\users\haris\documents\github\quake-iii-arena\code\q3_ui\debug\ui_players.obj
c:\users\haris\documents\github\quake-iii-arena\code\q3_ui\debug\ui_playermodel.obj
c:\users\haris\documents\github\quake-iii-arena\code\q3_ui\debug\ui_options.obj
c:\users\haris\documents\github\quake-iii-arena\code\q3_ui\debug\ui_network.obj
c:\users\haris\documents\github\quake-iii-arena\code\q3_ui\q3_ui___win32_debug\ui_teamorders.sbr
c:\users\haris\documents\github\quake-iii-arena\code\q3_ui\q3_ui___win32_debug\ui_video.sbr
c:\users\haris\documents\github\quake-iii-arena\code\q3_ui\debug\ui_video.obj
c:\users\haris\documents\github\quake-iii-arena\code\q3_ui\debug\ui_teamorders.obj
c:\users\haris\documents\github\quake-iii-arena\code\debug\uix86.dll
c:\users\haris\documents\github\quake-iii-arena\code\q3_ui\debug\uix86.map
c:\users\haris\documents\github\quake-iii-arena\code\debug\ui.pdb
c:\users\haris\documents\github\quake-iii-arena\code\q3_ui\debug\uix86.lib
c:\users\haris\documents\github\quake-iii-arena\code\q3_ui\debug\uix86.exp
e:\github\quake-iii-arena\code\q3_ui\q3_ui___win32_debug\q3_ui.bsc
e:\github\quake-iii-arena\code\q3_ui\q3_ui___win32_debug\bg_misc.sbr
e:\github\quake-iii-arena\code\q3_ui\q3_ui___win32_debug\q_math.sbr
e:\github\quake-iii-arena\code\q3_ui\q3_ui___win32_debug\q_shared.sbr
e:\github\quake-iii-arena\code\q3_ui\q3_ui___win32_debug\ui_addbots.sbr
e:\github\quake-iii-arena\code\q3_ui\q3_ui___win32_debug\ui_atoms.sbr
e:\github\quake-iii-arena\code\q3_ui\q3_ui___win32_debug\ui_cdkey.sbr
e:\github\quake-iii-arena\code\q3_ui\q3_ui___win32_debug\ui_cinematics.sbr
e:\github\quake-iii-arena\code\q3_ui\q3_ui___win32_debug\ui_confirm.sbr
e:\github\quake-iii-arena\code\q3_ui\q3_ui___win32_debug\ui_connect.sbr
e:\github\quake-iii-arena\code\q3_ui\q3_ui___win32_debug\ui_controls2.sbr
e:\github\quake-iii-arena\code\q3_ui\q3_ui___win32_debug\ui_credits.sbr
e:\github\quake-iii-arena\code\q3_ui\q3_ui___win32_debug\ui_demo2.sbr
e:\github\quake-iii-arena\code\q3_ui\q3_ui___win32_debug\ui_display.sbr
e:\github\quake-iii-arena\code\q3_ui\q3_ui___win32_debug\ui_gameinfo.sbr
e:\github\quake-iii-arena\code\q3_ui\q3_ui___win32_debug\ui_ingame.sbr
e:\github\quake-iii-arena\code\q3_ui\q3_ui___win32_debug\ui_main.sbr
e:\github\quake-iii-arena\code\q3_ui\q3_ui___win32_debug\ui_menu.sbr
e:\github\quake-iii-arena\code\q3_ui\q3_ui___win32_debug\ui_mfield.sbr
e:\github\quake-iii-arena\code\q3_ui\q3_ui___win32_debug\ui_mods.sbr
e:\github\quake-iii-arena\code\q3_ui\q3_ui___win32_debug\ui_network.sbr
e:\github\quake-iii-arena\code\q3_ui\q3_ui___win32_debug\ui_options.sbr
e:\github\quake-iii-arena\code\q3_ui\q3_ui___win32_debug\ui_playermodel.sbr
e:\github\quake-iii-arena\code\q3_ui\q3_ui___win32_debug\ui_players.sbr
e:\github\quake-iii-arena\code\q3_ui\q3_ui___win32_debug\ui_playersettings.sbr
e:\github\quake-iii-arena\code\q3_ui\q3_ui___win32_debug\ui_preferences.sbr
e:\github\quake-iii-arena\code\q3_ui\q3_ui___win32_debug\ui_qmenu.sbr
e:\github\quake-iii-arena\code\q3_ui\q3_ui___win32_debug\ui_removebots.sbr
e:\github\quake-iii-arena\code\q3_ui\q3_ui___win32_debug\ui_serverinfo.sbr
e:\github\quake-iii-arena\code\q3_ui\q3_ui___win32_debug\ui_servers2.sbr
e:\github\quake-iii-arena\code\q3_ui\q3_ui___win32_debug\ui_setup.sbr
e:\github\quake-iii-arena\code\q3_ui\q3_ui___win32_debug\ui_sound.sbr
e:\github\quake-iii-arena\code\q3_ui\q3_ui___win32_debug\ui_sparena.sbr
e:\github\quake-iii-arena\code\q3_ui\q3_ui___win32_debug\ui_specifyserver.sbr
e:\github\quake-iii-arena\code\q3_ui\q3_ui___win32_debug\ui_splevel.sbr
e:\github\quake-iii-arena\code\q3_ui\q3_ui___win32_debug\ui_sppostgame.sbr
e:\github\quake-iii-arena\code\q3_ui\q3_ui___win32_debug\ui_spreset.sbr
e:\github\quake-iii-arena\code\q3_ui\q3_ui___win32_debug\ui_spskill.sbr
e:\github\quake-iii-arena\code\q3_ui\q3_ui___win32_debug\ui_startserver.sbr
e:\github\quake-iii-arena\code\q3_ui\q3_ui___win32_debug\ui_syscalls.sbr
e:\github\quake-iii-arena\code\q3_ui\q3_ui___win32_debug\ui_team.sbr
e:\github\quake-iii-arena\code\q3_ui\q3_ui___win32_debug\ui_teamorders.sbr
e:\github\quake-iii-arena\code\q3_ui\q3_ui___win32_debug\ui_video.sbr
e:\github\quake-iii-arena\code\q3_ui\q3_ui___win32_debug\q3_ui.tlog\bscmake.command.1.tlog
e:\github\quake-iii-arena\code\q3_ui\q3_ui___win32_debug\q3_ui.tlog\bscmake.read.1.tlog
e:\github\quake-iii-arena\code\q3_ui\q3_ui___win32_debug\q3_ui.tlog\bscmake.write.1.tlog
e:\github\quake-iii-arena\code\q3_ui\q3_ui___win32_debug\q3_ui.tlog\cl.command.1.tlog
e:\github\quake-iii-arena\code\q3_ui\q3_ui___win32_debug\q3_ui.tlog\cl.read.1.tlog
e:\github\quake-iii-arena\code\q3_ui\q3_ui___win32_debug\q3_ui.tlog\cl.write.1.tlog
e:\github\quake-iii-arena\code\q3_ui\q3_ui___win32_debug\q3_ui.tlog\link.command.1.tlog
e:\github\quake-iii-arena\code\q3_ui\q3_ui___win32_debug\q3_ui.tlog\link.read.1.tlog
e:\github\quake-iii-arena\code\q3_ui\q3_ui___win32_debug\q3_ui.tlog\link.write.1.tlog
e:\github\quake-iii-arena\code\q3_ui\q3_ui___win32_debug\q3_ui.tlog\q3_ui.write.1u.tlog
