Build started 2015-04-16 13:27:33.
     1>Project "C:\Users\devHaris\Documents\GitHub\Quake-III-Arena\code\q3_ui\q3_ui.vcxproj" on node 3 (Rebuild target(s)).
     1>ClCompile:
         C:\Program Files (x86)\Microsoft Visual Studio 12.0\VC\bin\CL.exe /c /ZI /nologo /W3 /WX- /Od /Oy- /D WIN32 /D _DEBUG /D _WINDOWS /D _MBCS /D _USRDLL /D UI_EXPORTS /Gm- /EHsc /RTC1 /MTd /GS /fp:precise /Zc:wchar_t /Zc:forScope /Fo"Debug/" /Fd"Debug/vc120.pdb" /FR".\q3_ui___Win32_Debug\\" /Gd /TC /analyze- /errorReport:prompt ..\game\bg_misc.c ..\game\q_math.c ..\game\q_shared.c ..\ui\ui_syscalls.c ui_addbots.c ui_atoms.c ui_cdkey.c ui_cinematics.c ui_confirm.c ui_connect.c ui_controls2.c ui_credits.c ui_demo2.c ui_display.c ui_gameinfo.c ui_ingame.c ui_main.c ui_menu.c ui_mfield.c ui_mods.c ui_network.c ui_options.c ui_playermodel.c ui_players.c ui_playersettings.c ui_preferences.c ui_qmenu.c ui_removebots.c ui_serverinfo.c ui_servers2.c ui_setup.c ui_sound.c ui_sparena.c ui_specifyserver.c ui_splevel.c ui_sppostgame.c ui_spreset.c ui_spskill.c ui_startserver.c ui_team.c ui_teamorders.c ui_video.c
         bg_misc.c
         q_math.c
         q_shared.c
     1>c:\users\devharis\documents\github\quake-iii-arena\code\game\q_shared.c(268): warning C4996: 'vsprintf': This function or variable may be unsafe. Consider using vsprintf_s instead. To disable deprecation, use _CRT_SECURE_NO_WARNINGS. See online help for details.
                 c:\program files (x86)\microsoft visual studio 12.0\vc\include\stdio.h(356) : see declaration of 'vsprintf'
     1>c:\users\devharis\documents\github\quake-iii-arena\code\game\q_shared.c(280): warning C4996: 'vsprintf': This function or variable may be unsafe. Consider using vsprintf_s instead. To disable deprecation, use _CRT_SECURE_NO_WARNINGS. See online help for details.
                 c:\program files (x86)\microsoft visual studio 12.0\vc\include\stdio.h(356) : see declaration of 'vsprintf'
     1>c:\users\devharis\documents\github\quake-iii-arena\code\game\q_shared.c(723): warning C4996: 'strncpy': This function or variable may be unsafe. Consider using strncpy_s instead. To disable deprecation, use _CRT_SECURE_NO_WARNINGS. See online help for details.
                 c:\program files (x86)\microsoft visual studio 12.0\vc\include\string.h(195) : see declaration of 'strncpy'
     1>c:\users\devharis\documents\github\quake-iii-arena\code\game\q_shared.c(876): warning C4996: 'vsprintf': This function or variable may be unsafe. Consider using vsprintf_s instead. To disable deprecation, use _CRT_SECURE_NO_WARNINGS. See online help for details.
                 c:\program files (x86)\microsoft visual studio 12.0\vc\include\stdio.h(356) : see declaration of 'vsprintf'
     1>c:\users\devharis\documents\github\quake-iii-arena\code\game\q_shared.c(912): warning C4996: 'vsprintf': This function or variable may be unsafe. Consider using vsprintf_s instead. To disable deprecation, use _CRT_SECURE_NO_WARNINGS. See online help for details.
                 c:\program files (x86)\microsoft visual studio 12.0\vc\include\stdio.h(356) : see declaration of 'vsprintf'
     1>c:\users\devharis\documents\github\quake-iii-arena\code\game\q_shared.c(1072): warning C4996: 'strcpy': This function or variable may be unsafe. Consider using strcpy_s instead. To disable deprecation, use _CRT_SECURE_NO_WARNINGS. See online help for details.
                 c:\program files (x86)\microsoft visual studio 12.0\vc\include\string.h(112) : see declaration of 'strcpy'
     1>c:\users\devharis\documents\github\quake-iii-arena\code\game\q_shared.c(1127): warning C4996: 'strcpy': This function or variable may be unsafe. Consider using strcpy_s instead. To disable deprecation, use _CRT_SECURE_NO_WARNINGS. See online help for details.
                 c:\program files (x86)\microsoft visual studio 12.0\vc\include\string.h(112) : see declaration of 'strcpy'
     1>c:\users\devharis\documents\github\quake-iii-arena\code\game\q_shared.c(1202): warning C4996: 'strcat': This function or variable may be unsafe. Consider using strcat_s instead. To disable deprecation, use _CRT_SECURE_NO_WARNINGS. See online help for details.
                 c:\program files (x86)\microsoft visual studio 12.0\vc\include\string.h(118) : see declaration of 'strcat'
     1>c:\users\devharis\documents\github\quake-iii-arena\code\game\q_shared.c(1203): warning C4996: 'strcpy': This function or variable may be unsafe. Consider using strcpy_s instead. To disable deprecation, use _CRT_SECURE_NO_WARNINGS. See online help for details.
                 c:\program files (x86)\microsoft visual studio 12.0\vc\include\string.h(112) : see declaration of 'strcpy'
     1>c:\users\devharis\documents\github\quake-iii-arena\code\game\q_shared.c(1250): warning C4996: 'strcat': This function or variable may be unsafe. Consider using strcat_s instead. To disable deprecation, use _CRT_SECURE_NO_WARNINGS. See online help for details.
                 c:\program files (x86)\microsoft visual studio 12.0\vc\include\string.h(118) : see declaration of 'strcat'
         ui_syscalls.c
         ui_addbots.c
         ui_atoms.c
     1>c:\users\devharis\documents\github\quake-iii-arena\code\q3_ui\ui_atoms.c(41): warning C4996: 'vsprintf': This function or variable may be unsafe. Consider using vsprintf_s instead. To disable deprecation, use _CRT_SECURE_NO_WARNINGS. See online help for details.
                 c:\program files (x86)\microsoft visual studio 12.0\vc\include\stdio.h(356) : see declaration of 'vsprintf'
     1>c:\users\devharis\documents\github\quake-iii-arena\code\q3_ui\ui_atoms.c(52): warning C4996: 'vsprintf': This function or variable may be unsafe. Consider using vsprintf_s instead. To disable deprecation, use _CRT_SECURE_NO_WARNINGS. See online help for details.
                 c:\program files (x86)\microsoft visual studio 12.0\vc\include\stdio.h(356) : see declaration of 'vsprintf'
         ui_cdkey.c
         ui_cinematics.c
         ui_confirm.c
         ui_connect.c
         ui_controls2.c
     1>c:\users\devharis\documents\github\quake-iii-arena\code\q3_ui\ui_controls2.c(671): warning C4996: 'strcpy': This function or variable may be unsafe. Consider using strcpy_s instead. To disable deprecation, use _CRT_SECURE_NO_WARNINGS. See online help for details.
                 c:\program files (x86)\microsoft visual studio 12.0\vc\include\string.h(112) : see declaration of 'strcpy'
     1>c:\users\devharis\documents\github\quake-iii-arena\code\q3_ui\ui_controls2.c(683): warning C4996: 'strcat': This function or variable may be unsafe. Consider using strcat_s instead. To disable deprecation, use _CRT_SECURE_NO_WARNINGS. See online help for details.
                 c:\program files (x86)\microsoft visual studio 12.0\vc\include\string.h(118) : see declaration of 'strcat'
     1>c:\users\devharis\documents\github\quake-iii-arena\code\q3_ui\ui_controls2.c(684): warning C4996: 'strcat': This function or variable may be unsafe. Consider using strcat_s instead. To disable deprecation, use _CRT_SECURE_NO_WARNINGS. See online help for details.
                 c:\program files (x86)\microsoft visual studio 12.0\vc\include\string.h(118) : see declaration of 'strcat'
     1>c:\users\devharis\documents\github\quake-iii-arena\code\q3_ui\ui_controls2.c(745): warning C4996: 'strcpy': This function or variable may be unsafe. Consider using strcpy_s instead. To disable deprecation, use _CRT_SECURE_NO_WARNINGS. See online help for details.
                 c:\program files (x86)\microsoft visual studio 12.0\vc\include\string.h(112) : see declaration of 'strcpy'
         ui_credits.c
         ui_demo2.c
     1>c:\users\devharis\documents\github\quake-iii-arena\code\q3_ui\ui_demo2.c(232): warning C4996: 'strcpy': This function or variable may be unsafe. Consider using strcpy_s instead. To disable deprecation, use _CRT_SECURE_NO_WARNINGS. See online help for details.
                 c:\program files (x86)\microsoft visual studio 12.0\vc\include\string.h(112) : see declaration of 'strcpy'
         ui_display.c
         ui_gameinfo.c
     1>c:\users\devharis\documents\github\quake-iii-arena\code\q3_ui\ui_gameinfo.c(121): warning C4996: 'strcpy': This function or variable may be unsafe. Consider using strcpy_s instead. To disable deprecation, use _CRT_SECURE_NO_WARNINGS. See online help for details.
                 c:\program files (x86)\microsoft visual studio 12.0\vc\include\string.h(112) : see declaration of 'strcpy'
     1>c:\users\devharis\documents\github\quake-iii-arena\code\q3_ui\ui_gameinfo.c(128): warning C4996: 'strcpy': This function or variable may be unsafe. Consider using strcpy_s instead. To disable deprecation, use _CRT_SECURE_NO_WARNINGS. See online help for details.
                 c:\program files (x86)\microsoft visual studio 12.0\vc\include\string.h(112) : see declaration of 'strcpy'
     1>c:\users\devharis\documents\github\quake-iii-arena\code\q3_ui\ui_gameinfo.c(195): warning C4996: 'strcpy': This function or variable may be unsafe. Consider using strcpy_s instead. To disable deprecation, use _CRT_SECURE_NO_WARNINGS. See online help for details.
                 c:\program files (x86)\microsoft visual studio 12.0\vc\include\string.h(112) : see declaration of 'strcpy'
     1>c:\users\devharis\documents\github\quake-iii-arena\code\q3_ui\ui_gameinfo.c(196): warning C4996: 'strcat': This function or variable may be unsafe. Consider using strcat_s instead. To disable deprecation, use _CRT_SECURE_NO_WARNINGS. See online help for details.
                 c:\program files (x86)\microsoft visual studio 12.0\vc\include\string.h(118) : see declaration of 'strcat'
     1>c:\users\devharis\documents\github\quake-iii-arena\code\q3_ui\ui_gameinfo.c(382): warning C4996: 'strcpy': This function or variable may be unsafe. Consider using strcpy_s instead. To disable deprecation, use _CRT_SECURE_NO_WARNINGS. See online help for details.
                 c:\program files (x86)\microsoft visual studio 12.0\vc\include\string.h(112) : see declaration of 'strcpy'
     1>c:\users\devharis\documents\github\quake-iii-arena\code\q3_ui\ui_gameinfo.c(383): warning C4996: 'strcat': This function or variable may be unsafe. Consider using strcat_s instead. To disable deprecation, use _CRT_SECURE_NO_WARNINGS. See online help for details.
                 c:\program files (x86)\microsoft visual studio 12.0\vc\include\string.h(118) : see declaration of 'strcat'
         ui_ingame.c
         ui_main.c
         ui_menu.c
         ui_mfield.c
         ui_mods.c
         Generating Code...
         Compiling...
         ui_network.c
         ui_options.c
         ui_playermodel.c
     1>c:\users\devharis\documents\github\quake-iii-arena\code\q3_ui\ui_playermodel.c(340): warning C4996: 'strcat': This function or variable may be unsafe. Consider using strcat_s instead. To disable deprecation, use _CRT_SECURE_NO_WARNINGS. See online help for details.
                 c:\program files (x86)\microsoft visual studio 12.0\vc\include\string.h(118) : see declaration of 'strcat'
     1>c:\users\devharis\documents\github\quake-iii-arena\code\q3_ui\ui_playermodel.c(481): warning C4996: 'strcat': This function or variable may be unsafe. Consider using strcat_s instead. To disable deprecation, use _CRT_SECURE_NO_WARNINGS. See online help for details.
                 c:\program files (x86)\microsoft visual studio 12.0\vc\include\string.h(118) : see declaration of 'strcat'
         ui_players.c
     1>c:\users\devharis\documents\github\quake-iii-arena\code\q3_ui\ui_players.c(91): warning C4996: 'strcpy': This function or variable may be unsafe. Consider using strcpy_s instead. To disable deprecation, use _CRT_SECURE_NO_WARNINGS. See online help for details.
                 c:\program files (x86)\microsoft visual studio 12.0\vc\include\string.h(112) : see declaration of 'strcpy'
     1>c:\users\devharis\documents\github\quake-iii-arena\code\q3_ui\ui_players.c(93): warning C4996: 'strcat': This function or variable may be unsafe. Consider using strcat_s instead. To disable deprecation, use _CRT_SECURE_NO_WARNINGS. See online help for details.
                 c:\program files (x86)\microsoft visual studio 12.0\vc\include\string.h(118) : see declaration of 'strcat'
     1>c:\users\devharis\documents\github\quake-iii-arena\code\q3_ui\ui_players.c(97): warning C4996: 'strcpy': This function or variable may be unsafe. Consider using strcpy_s instead. To disable deprecation, use _CRT_SECURE_NO_WARNINGS. See online help for details.
                 c:\program files (x86)\microsoft visual studio 12.0\vc\include\string.h(112) : see declaration of 'strcpy'
     1>c:\users\devharis\documents\github\quake-iii-arena\code\q3_ui\ui_players.c(99): warning C4996: 'strcat': This function or variable may be unsafe. Consider using strcat_s instead. To disable deprecation, use _CRT_SECURE_NO_WARNINGS. See online help for details.
                 c:\program files (x86)\microsoft visual studio 12.0\vc\include\string.h(118) : see declaration of 'strcat'
         ui_playersettings.c
     1>c:\users\devharis\documents\github\quake-iii-arena\code\q3_ui\ui_playersettings.c(241): warning C4996: 'strcpy': This function or variable may be unsafe. Consider using strcpy_s instead. To disable deprecation, use _CRT_SECURE_NO_WARNINGS. See online help for details.
                 c:\program files (x86)\microsoft visual studio 12.0\vc\include\string.h(112) : see declaration of 'strcpy'
         ui_preferences.c
         ui_qmenu.c
     1>c:\users\devharis\documents\github\quake-iii-arena\code\q3_ui\ui_qmenu.c(124): warning C4996: 'strcpy': This function or variable may be unsafe. Consider using strcpy_s instead. To disable deprecation, use _CRT_SECURE_NO_WARNINGS. See online help for details.
                 c:\program files (x86)\microsoft visual studio 12.0\vc\include\string.h(112) : see declaration of 'strcpy'
     1>c:\users\devharis\documents\github\quake-iii-arena\code\q3_ui\ui_qmenu.c(128): warning C4996: 'strcat': This function or variable may be unsafe. Consider using strcat_s instead. To disable deprecation, use _CRT_SECURE_NO_WARNINGS. See online help for details.
                 c:\program files (x86)\microsoft visual studio 12.0\vc\include\string.h(118) : see declaration of 'strcat'
         ui_removebots.c
         ui_serverinfo.c
         ui_servers2.c
     1>c:\users\devharis\documents\github\quake-iii-arena\code\q3_ui\ui_servers2.c(418): warning C4996: 'strcpy': This function or variable may be unsafe. Consider using strcpy_s instead. To disable deprecation, use _CRT_SECURE_NO_WARNINGS. See online help for details.
                 c:\program files (x86)\microsoft visual studio 12.0\vc\include\string.h(112) : see declaration of 'strcpy'
     1>c:\users\devharis\documents\github\quake-iii-arena\code\q3_ui\ui_servers2.c(434): warning C4996: 'strcpy': This function or variable may be unsafe. Consider using strcpy_s instead. To disable deprecation, use _CRT_SECURE_NO_WARNINGS. See online help for details.
                 c:\program files (x86)\microsoft visual studio 12.0\vc\include\string.h(112) : see declaration of 'strcpy'
     1>c:\users\devharis\documents\github\quake-iii-arena\code\q3_ui\ui_servers2.c(437): warning C4996: 'strcpy': This function or variable may be unsafe. Consider using strcpy_s instead. To disable deprecation, use _CRT_SECURE_NO_WARNINGS. See online help for details.
                 c:\program files (x86)\microsoft visual studio 12.0\vc\include\string.h(112) : see declaration of 'strcpy'
     1>c:\users\devharis\documents\github\quake-iii-arena\code\q3_ui\ui_servers2.c(762): warning C4996: 'strcpy': This function or variable may be unsafe. Consider using strcpy_s instead. To disable deprecation, use _CRT_SECURE_NO_WARNINGS. See online help for details.
                 c:\program files (x86)\microsoft visual studio 12.0\vc\include\string.h(112) : see declaration of 'strcpy'
     1>c:\users\devharis\documents\github\quake-iii-arena\code\q3_ui\ui_servers2.c(951): warning C4996: 'strcpy': This function or variable may be unsafe. Consider using strcpy_s instead. To disable deprecation, use _CRT_SECURE_NO_WARNINGS. See online help for details.
                 c:\program files (x86)\microsoft visual studio 12.0\vc\include\string.h(112) : see declaration of 'strcpy'
     1>c:\users\devharis\documents\github\quake-iii-arena\code\q3_ui\ui_servers2.c(956): warning C4996: 'strcpy': This function or variable may be unsafe. Consider using strcpy_s instead. To disable deprecation, use _CRT_SECURE_NO_WARNINGS. See online help for details.
                 c:\program files (x86)\microsoft visual studio 12.0\vc\include\string.h(112) : see declaration of 'strcpy'
     1>c:\users\devharis\documents\github\quake-iii-arena\code\q3_ui\ui_servers2.c(1027): warning C4996: 'strcpy': This function or variable may be unsafe. Consider using strcpy_s instead. To disable deprecation, use _CRT_SECURE_NO_WARNINGS. See online help for details.
                 c:\program files (x86)\microsoft visual studio 12.0\vc\include\string.h(112) : see declaration of 'strcpy'
     1>c:\users\devharis\documents\github\quake-iii-arena\code\q3_ui\ui_servers2.c(1031): warning C4996: 'strcpy': This function or variable may be unsafe. Consider using strcpy_s instead. To disable deprecation, use _CRT_SECURE_NO_WARNINGS. See online help for details.
                 c:\program files (x86)\microsoft visual studio 12.0\vc\include\string.h(112) : see declaration of 'strcpy'
     1>c:\users\devharis\documents\github\quake-iii-arena\code\q3_ui\ui_servers2.c(1035): warning C4996: 'strcpy': This function or variable may be unsafe. Consider using strcpy_s instead. To disable deprecation, use _CRT_SECURE_NO_WARNINGS. See online help for details.
                 c:\program files (x86)\microsoft visual studio 12.0\vc\include\string.h(112) : see declaration of 'strcpy'
     1>c:\users\devharis\documents\github\quake-iii-arena\code\q3_ui\ui_servers2.c(1039): warning C4996: 'strcpy': This function or variable may be unsafe. Consider using strcpy_s instead. To disable deprecation, use _CRT_SECURE_NO_WARNINGS. See online help for details.
                 c:\program files (x86)\microsoft visual studio 12.0\vc\include\string.h(112) : see declaration of 'strcpy'
     1>c:\users\devharis\documents\github\quake-iii-arena\code\q3_ui\ui_servers2.c(1045): warning C4996: 'strcat': This function or variable may be unsafe. Consider using strcat_s instead. To disable deprecation, use _CRT_SECURE_NO_WARNINGS. See online help for details.
                 c:\program files (x86)\microsoft visual studio 12.0\vc\include\string.h(118) : see declaration of 'strcat'
     1>c:\users\devharis\documents\github\quake-iii-arena\code\q3_ui\ui_servers2.c(1049): warning C4996: 'strcat': This function or variable may be unsafe. Consider using strcat_s instead. To disable deprecation, use _CRT_SECURE_NO_WARNINGS. See online help for details.
                 c:\program files (x86)\microsoft visual studio 12.0\vc\include\string.h(118) : see declaration of 'strcat'
     1>c:\users\devharis\documents\github\quake-iii-arena\code\q3_ui\ui_servers2.c(1149): warning C4996: 'strcpy': This function or variable may be unsafe. Consider using strcpy_s instead. To disable deprecation, use _CRT_SECURE_NO_WARNINGS. See online help for details.
                 c:\program files (x86)\microsoft visual studio 12.0\vc\include\string.h(112) : see declaration of 'strcpy'
         ui_setup.c
         ui_sound.c
         ui_sparena.c
         ui_specifyserver.c
     1>c:\users\devharis\documents\github\quake-iii-arena\code\q3_ui\ui_specifyserver.c(81): warning C4996: 'strcpy': This function or variable may be unsafe. Consider using strcpy_s instead. To disable deprecation, use _CRT_SECURE_NO_WARNINGS. See online help for details.
                 c:\program files (x86)\microsoft visual studio 12.0\vc\include\string.h(112) : see declaration of 'strcpy'
         ui_splevel.c
     1>c:\users\devharis\documents\github\quake-iii-arena\code\q3_ui\ui_splevel.c(234): warning C4996: 'strcpy': This function or variable may be unsafe. Consider using strcpy_s instead. To disable deprecation, use _CRT_SECURE_NO_WARNINGS. See online help for details.
                 c:\program files (x86)\microsoft visual studio 12.0\vc\include\string.h(112) : see declaration of 'strcpy'
     1>c:\users\devharis\documents\github\quake-iii-arena\code\q3_ui\ui_splevel.c(236): warning C4996: 'strcpy': This function or variable may be unsafe. Consider using strcpy_s instead. To disable deprecation, use _CRT_SECURE_NO_WARNINGS. See online help for details.
                 c:\program files (x86)\microsoft visual studio 12.0\vc\include\string.h(112) : see declaration of 'strcpy'
         ui_sppostgame.c
         ui_spreset.c
         ui_spskill.c
         ui_startserver.c
     1>c:\users\devharis\documents\github\quake-iii-arena\code\q3_ui\ui_startserver.c(206): warning C4996: 'strcpy': This function or variable may be unsafe. Consider using strcpy_s instead. To disable deprecation, use _CRT_SECURE_NO_WARNINGS. See online help for details.
                 c:\program files (x86)\microsoft visual studio 12.0\vc\include\string.h(112) : see declaration of 'strcpy'
     1>c:\users\devharis\documents\github\quake-iii-arena\code\q3_ui\ui_startserver.c(219): warning C4996: 'strcpy': This function or variable may be unsafe. Consider using strcpy_s instead. To disable deprecation, use _CRT_SECURE_NO_WARNINGS. See online help for details.
                 c:\program files (x86)\microsoft visual studio 12.0\vc\include\string.h(112) : see declaration of 'strcpy'
     1>c:\users\devharis\documents\github\quake-iii-arena\code\q3_ui\ui_startserver.c(1104): warning C4996: 'strcpy': This function or variable may be unsafe. Consider using strcpy_s instead. To disable deprecation, use _CRT_SECURE_NO_WARNINGS. See online help for details.
                 c:\program files (x86)\microsoft visual studio 12.0\vc\include\string.h(112) : see declaration of 'strcpy'
     1>c:\users\devharis\documents\github\quake-iii-arena\code\q3_ui\ui_startserver.c(1162): warning C4996: 'strcpy': This function or variable may be unsafe. Consider using strcpy_s instead. To disable deprecation, use _CRT_SECURE_NO_WARNINGS. See online help for details.
                 c:\program files (x86)\microsoft visual studio 12.0\vc\include\string.h(112) : see declaration of 'strcpy'
         ui_team.c
         Generating Code...
         Compiling...
         ui_teamorders.c
         ui_video.c
         Generating Code...
     1>C:\Program Files (x86)\MSBuild\Microsoft.Cpp\v4.0\V120\Microsoft.CppBuild.targets(1193,5): warning MSB8012: TargetPath(C:\Users\devHaris\Documents\GitHub\Quake-III-Arena\code\q3_ui\.\q3_ui___Win32_Debug\q3_ui.dll) does not match the Linker's OutputFile property value (C:\Users\devHaris\Documents\GitHub\Quake-III-Arena\code\Debug\uix86.dll). This may cause your project to build incorrectly. To correct this, please make sure that $(OutDir), $(TargetName) and $(TargetExt) property values match the value specified in %(Link.OutputFile).
     1>C:\Program Files (x86)\MSBuild\Microsoft.Cpp\v4.0\V120\Microsoft.CppBuild.targets(1195,5): warning MSB8012: TargetName(q3_ui) does not match the Linker's OutputFile property value (uix86). This may cause your project to build incorrectly. To correct this, please make sure that $(OutDir), $(TargetName) and $(TargetExt) property values match the value specified in %(Link.OutputFile).
       Link:
         C:\Program Files (x86)\Microsoft Visual Studio 12.0\VC\bin\link.exe /ERRORREPORT:PROMPT /OUT:"../Debug/uix86.dll" /INCREMENTAL:NO /NOLOGO odbc32.lib odbccp32.lib kernel32.lib user32.lib gdi32.lib winspool.lib comdlg32.lib advapi32.lib shell32.lib ole32.lib oleaut32.lib uuid.lib odbc32.lib odbccp32.lib /DEF:".\ui.def" /MANIFEST /MANIFESTUAC:"level='asInvoker' uiAccess='false'" /manifest:embed /DEBUG /PDB:"../Debug/ui.pdb" /MAP:"Debug/uix86.map" /TLBID:1 /BASE:"0x40000000" /DYNAMICBASE /NXCOMPAT /IMPLIB:"Debug/uix86.lib" /MACHINE:X86 /SAFESEH /DLL Debug/bg_misc.obj
         Debug/q_math.obj
         Debug/q_shared.obj
         Debug/ui_syscalls.obj
         Debug/ui_addbots.obj
         Debug/ui_atoms.obj
         Debug/ui_cdkey.obj
         Debug/ui_cinematics.obj
         Debug/ui_confirm.obj
         Debug/ui_connect.obj
         Debug/ui_controls2.obj
         Debug/ui_credits.obj
         Debug/ui_demo2.obj
         Debug/ui_display.obj
         Debug/ui_gameinfo.obj
         Debug/ui_ingame.obj
         Debug/ui_main.obj
         Debug/ui_menu.obj
         Debug/ui_mfield.obj
         Debug/ui_mods.obj
         Debug/ui_network.obj
         Debug/ui_options.obj
         Debug/ui_playermodel.obj
         Debug/ui_players.obj
         Debug/ui_playersettings.obj
         Debug/ui_preferences.obj
         Debug/ui_qmenu.obj
         Debug/ui_removebots.obj
         Debug/ui_serverinfo.obj
         Debug/ui_servers2.obj
         Debug/ui_setup.obj
         Debug/ui_sound.obj
         Debug/ui_sparena.obj
         Debug/ui_specifyserver.obj
         Debug/ui_splevel.obj
         Debug/ui_sppostgame.obj
         Debug/ui_spreset.obj
         Debug/ui_spskill.obj
         Debug/ui_startserver.obj
         Debug/ui_team.obj
         Debug/ui_teamorders.obj
         Debug/ui_video.obj
     1>bg_misc.obj : warning LNK4075: ignoring '/EDITANDCONTINUE' due to '/OPT:LBR' specification
            Creating library Debug/uix86.lib and object Debug/uix86.exp
         q3_ui.vcxproj -> C:\Users\devHaris\Documents\GitHub\Quake-III-Arena\code\q3_ui\.\q3_ui___Win32_Debug\q3_ui.dll
       BscMake:
         C:\Program Files (x86)\Microsoft Visual Studio 12.0\VC\bin\bscmake.exe /nologo /o".\q3_ui___Win32_Debug\q3_ui.bsc" .\q3_ui___Win32_Debug\bg_misc.sbr .\q3_ui___Win32_Debug\q_math.sbr .\q3_ui___Win32_Debug\q_shared.sbr .\q3_ui___Win32_Debug\ui_syscalls.sbr .\q3_ui___Win32_Debug\ui_addbots.sbr .\q3_ui___Win32_Debug\ui_atoms.sbr .\q3_ui___Win32_Debug\ui_cdkey.sbr .\q3_ui___Win32_Debug\ui_cinematics.sbr .\q3_ui___Win32_Debug\ui_confirm.sbr .\q3_ui___Win32_Debug\ui_connect.sbr .\q3_ui___Win32_Debug\ui_controls2.sbr .\q3_ui___Win32_Debug\ui_credits.sbr .\q3_ui___Win32_Debug\ui_demo2.sbr .\q3_ui___Win32_Debug\ui_display.sbr .\q3_ui___Win32_Debug\ui_gameinfo.sbr .\q3_ui___Win32_Debug\ui_ingame.sbr .\q3_ui___Win32_Debug\ui_main.sbr .\q3_ui___Win32_Debug\ui_menu.sbr .\q3_ui___Win32_Debug\ui_mfield.sbr .\q3_ui___Win32_Debug\ui_mods.sbr .\q3_ui___Win32_Debug\ui_network.sbr .\q3_ui___Win32_Debug\ui_options.sbr .\q3_ui___Win32_Debug\ui_playermodel.sbr .\q3_ui___Win32_Debug\ui_players.sbr .\q3_ui___Win32_Debug\ui_playersettings.sbr .\q3_ui___Win32_Debug\ui_preferences.sbr .\q3_ui___Win32_Debug\ui_qmenu.sbr .\q3_ui___Win32_Debug\ui_removebots.sbr .\q3_ui___Win32_Debug\ui_serverinfo.sbr .\q3_ui___Win32_Debug\ui_servers2.sbr .\q3_ui___Win32_Debug\ui_setup.sbr .\q3_ui___Win32_Debug\ui_sound.sbr .\q3_ui___Win32_Debug\ui_sparena.sbr .\q3_ui___Win32_Debug\ui_specifyserver.sbr .\q3_ui___Win32_Debug\ui_splevel.sbr .\q3_ui___Win32_Debug\ui_sppostgame.sbr .\q3_ui___Win32_Debug\ui_spreset.sbr .\q3_ui___Win32_Debug\ui_spskill.sbr .\q3_ui___Win32_Debug\ui_startserver.sbr .\q3_ui___Win32_Debug\ui_team.sbr .\q3_ui___Win32_Debug\ui_teamorders.sbr .\q3_ui___Win32_Debug\ui_video.sbr
     1>Done Building Project "C:\Users\devHaris\Documents\GitHub\Quake-III-Arena\code\q3_ui\q3_ui.vcxproj" (Rebuild target(s)).

Build succeeded.

Time Elapsed 00:00:05.73
