c:\users\devharis\desktop\quake-iii-arena-master\code\renderer\release\vc120.pdb
c:\users\devharis\desktop\quake-iii-arena-master\code\renderer\release\jdcoefct.obj
c:\users\devharis\desktop\quake-iii-arena-master\code\renderer\release\jdatasrc.obj
c:\users\devharis\desktop\quake-iii-arena-master\code\renderer\release\jdatadst.obj
c:\users\devharis\desktop\quake-iii-arena-master\code\renderer\release\jdapistd.obj
c:\users\devharis\desktop\quake-iii-arena-master\code\renderer\release\jdapimin.obj
c:\users\devharis\desktop\quake-iii-arena-master\code\renderer\release\jctrans.obj
c:\users\devharis\desktop\quake-iii-arena-master\code\renderer\release\jcsample.obj
c:\users\devharis\desktop\quake-iii-arena-master\code\renderer\release\jcprepct.obj
c:\users\devharis\desktop\quake-iii-arena-master\code\renderer\release\jcphuff.obj
c:\users\devharis\desktop\quake-iii-arena-master\code\renderer\release\jcparam.obj
c:\users\devharis\desktop\quake-iii-arena-master\code\renderer\release\jcomapi.obj
c:\users\devharis\desktop\quake-iii-arena-master\code\renderer\release\jcmaster.obj
c:\users\devharis\desktop\quake-iii-arena-master\code\renderer\release\jcmarker.obj
c:\users\devharis\desktop\quake-iii-arena-master\code\renderer\release\jcmainct.obj
c:\users\devharis\desktop\quake-iii-arena-master\code\renderer\release\jcinit.obj
c:\users\devharis\desktop\quake-iii-arena-master\code\renderer\release\jchuff.obj
c:\users\devharis\desktop\quake-iii-arena-master\code\renderer\release\jcdctmgr.obj
c:\users\devharis\desktop\quake-iii-arena-master\code\renderer\release\jccolor.obj
c:\users\devharis\desktop\quake-iii-arena-master\code\renderer\release\jccoefct.obj
c:\users\devharis\desktop\quake-iii-arena-master\code\renderer\release\jcapimin.obj
c:\users\devharis\desktop\quake-iii-arena-master\code\renderer\release\tr_animation.obj
c:\users\devharis\desktop\quake-iii-arena-master\code\renderer\release\win_qgl.obj
c:\users\devharis\desktop\quake-iii-arena-master\code\renderer\release\win_glimp.obj
c:\users\devharis\desktop\quake-iii-arena-master\code\renderer\release\win_gamma.obj
c:\users\devharis\desktop\quake-iii-arena-master\code\renderer\release\jutils.obj
c:\users\devharis\desktop\quake-iii-arena-master\code\renderer\release\jmemnobs.obj
c:\users\devharis\desktop\quake-iii-arena-master\code\renderer\release\jmemmgr.obj
c:\users\devharis\desktop\quake-iii-arena-master\code\renderer\release\jidctflt.obj
c:\users\devharis\desktop\quake-iii-arena-master\code\renderer\release\jfdctflt.obj
c:\users\devharis\desktop\quake-iii-arena-master\code\renderer\release\jerror.obj
c:\users\devharis\desktop\quake-iii-arena-master\code\renderer\release\jdtrans.obj
c:\users\devharis\desktop\quake-iii-arena-master\code\renderer\release\jdsample.obj
c:\users\devharis\desktop\quake-iii-arena-master\code\renderer\release\jdpostct.obj
c:\users\devharis\desktop\quake-iii-arena-master\code\renderer\release\jdmaster.obj
c:\users\devharis\desktop\quake-iii-arena-master\code\renderer\release\jdmarker.obj
c:\users\devharis\desktop\quake-iii-arena-master\code\renderer\release\jdmainct.obj
c:\users\devharis\desktop\quake-iii-arena-master\code\renderer\release\jdinput.obj
c:\users\devharis\desktop\quake-iii-arena-master\code\renderer\release\jdhuff.obj
c:\users\devharis\desktop\quake-iii-arena-master\code\renderer\release\jddctmgr.obj
c:\users\devharis\desktop\quake-iii-arena-master\code\renderer\release\jdcolor.obj
c:\users\devharis\desktop\quake-iii-arena-master\code\renderer\release\tr_sky.obj
c:\users\devharis\desktop\quake-iii-arena-master\code\renderer\release\tr_shadows.obj
c:\users\devharis\desktop\quake-iii-arena-master\code\renderer\release\tr_shade_calc.obj
c:\users\devharis\desktop\quake-iii-arena-master\code\renderer\release\tr_shader.obj
c:\users\devharis\desktop\quake-iii-arena-master\code\renderer\release\tr_shade.obj
c:\users\devharis\desktop\quake-iii-arena-master\code\renderer\release\tr_scene.obj
c:\users\devharis\desktop\quake-iii-arena-master\code\renderer\release\tr_noise.obj
c:\users\devharis\desktop\quake-iii-arena-master\code\renderer\release\tr_model.obj
c:\users\devharis\desktop\quake-iii-arena-master\code\renderer\release\tr_mesh.obj
c:\users\devharis\desktop\quake-iii-arena-master\code\renderer\release\tr_marks.obj
c:\users\devharis\desktop\quake-iii-arena-master\code\renderer\release\tr_main.obj
c:\users\devharis\desktop\quake-iii-arena-master\code\renderer\release\tr_light.obj
c:\users\devharis\desktop\quake-iii-arena-master\code\renderer\release\tr_init.obj
c:\users\devharis\desktop\quake-iii-arena-master\code\renderer\release\tr_image.obj
c:\users\devharis\desktop\quake-iii-arena-master\code\renderer\release\tr_font.obj
c:\users\devharis\desktop\quake-iii-arena-master\code\renderer\release\tr_flares.obj
c:\users\devharis\desktop\quake-iii-arena-master\code\renderer\release\tr_curve.obj
c:\users\devharis\desktop\quake-iii-arena-master\code\renderer\release\tr_cmds.obj
c:\users\devharis\desktop\quake-iii-arena-master\code\renderer\release\tr_bsp.obj
c:\users\devharis\desktop\quake-iii-arena-master\code\renderer\release\tr_backend.obj
c:\users\devharis\desktop\quake-iii-arena-master\code\renderer\release\tr_world.obj
c:\users\devharis\desktop\quake-iii-arena-master\code\renderer\release\tr_surface.obj
c:\users\devharis\desktop\quake-iii-arena-master\code\renderer\release\renderer.lib
c:\users\devharis\desktop\quake-iii-arena-master\code\renderer\.\release\renderer.lib
c:\users\devharis\desktop\quake-iii-arena-master\code\renderer\release\renderer.tlog\cl.command.1.tlog
c:\users\devharis\desktop\quake-iii-arena-master\code\renderer\release\renderer.tlog\cl.read.1.tlog
c:\users\devharis\desktop\quake-iii-arena-master\code\renderer\release\renderer.tlog\cl.write.1.tlog
c:\users\devharis\desktop\quake-iii-arena-master\code\renderer\release\renderer.tlog\lib-link.read.1.tlog
c:\users\devharis\desktop\quake-iii-arena-master\code\renderer\release\renderer.tlog\lib-link.write.1.tlog
c:\users\devharis\desktop\quake-iii-arena-master\code\renderer\release\renderer.tlog\lib.command.1.tlog
