item team_redobelisk has modelindex 0item team_blueobelisk has modelindex 0item team_neutralobelisk has modelindex 0item item_botroam has modelindex 0entity worldspawn unknown item
entity info_notnull unknown item
entity info_player_intermission unknown item
entity target_remove_powerups unknown item
entity trigger_multiple unknown item
entity target_location unknown item
entity target_location unknown item
entity target_location unknown item
entity target_location unknown item
entity target_location unknown item
entity trigger_hurt unknown item
entity light unknown item
entity misc_model unknown item
entity item_invis unknown item
entity team_CTF_redspawn unknown item
entity team_CTF_redspawn unknown item
entity team_CTF_redspawn unknown item
entity team_CTF_redspawn unknown item
entity misc_model unknown item
entity light unknown item
entity target_give unknown item
entity target_speaker unknown item
entity light unknown item
entity misc_model unknown item
entity info_player_deathmatch unknown item
entity misc_model unknown item
entity light unknown item
entity misc_model unknown item
entity light unknown item
entity misc_model unknown item
entity light unknown item
entity misc_model unknown item
entity light unknown item
entity misc_model unknown item
entity light unknown item
entity target_speaker unknown item
entity target_speaker unknown item
entity target_speaker unknown item
entity misc_model unknown item
entity light unknown item
entity target_speaker unknown item
entity misc_model unknown item
entity light unknown item
entity target_speaker unknown item
entity misc_model unknown item
entity misc_model unknown item
entity misc_model unknown item
entity light unknown item
entity target_speaker unknown item
entity light unknown item
entity target_speaker unknown item
entity light unknown item
entity target_speaker unknown item
entity misc_model unknown item
entity light unknown item
entity target_speaker unknown item
entity misc_model unknown item
entity light unknown item
entity target_speaker unknown item
entity misc_model unknown item
entity light unknown item
entity target_speaker unknown item
entity misc_model unknown item
entity light unknown item
entity target_speaker unknown item
entity misc_model unknown item
entity misc_model unknown item
entity light unknown item
entity target_speaker unknown item
entity light unknown item
entity target_speaker unknown item
entity light unknown item
entity misc_model unknown item
entity misc_model unknown item
entity light unknown item
entity target_speaker unknown item
entity light unknown item
entity target_speaker unknown item
entity misc_model unknown item
entity misc_model unknown item
entity light unknown item
entity target_speaker unknown item
entity light unknown item
entity target_speaker unknown item
entity misc_model unknown item
entity misc_model unknown item
entity light unknown item
entity target_speaker unknown item
entity light unknown item
entity target_speaker unknown item
entity misc_model unknown item
entity light unknown item
entity target_speaker unknown item
entity misc_model unknown item
entity light unknown item
entity target_speaker unknown item
entity misc_model unknown item
entity light unknown item
entity target_speaker unknown item
entity misc_model unknown item
entity light unknown item
entity target_speaker unknown item
entity misc_model unknown item
entity misc_model unknown item
entity light unknown item
entity target_speaker unknown item
entity light unknown item
entity target_speaker unknown item
entity light unknown item
entity light unknown item
entity light unknown item
entity light unknown item
entity light unknown item
entity light unknown item
entity light unknown item
entity light unknown item
entity light unknown item
entity light unknown item
entity misc_model unknown item
entity light unknown item
entity target_speaker unknown item
entity misc_model unknown item
entity light unknown item
entity target_speaker unknown item
entity light unknown item
entity light unknown item
entity light unknown item
entity light unknown item
entity light unknown item
entity light unknown item
entity light unknown item
entity light unknown item
entity light unknown item
entity light unknown item
entity light unknown item
entity light unknown item
entity light unknown item
entity misc_model unknown item
entity light unknown item
entity target_speaker unknown item
entity misc_model unknown item
entity light unknown item
entity target_speaker unknown item
entity misc_model unknown item
entity misc_model unknown item
entity light unknown item
entity target_speaker unknown item
entity light unknown item
entity target_speaker unknown item
entity misc_model unknown item
entity light unknown item
entity target_speaker unknown item
entity misc_model unknown item
entity misc_model unknown item
entity light unknown item
entity target_speaker unknown item
entity light unknown item
entity target_speaker unknown item
entity light unknown item
entity light unknown item
entity light unknown item
entity light unknown item
entity light unknown item
entity light unknown item
entity light unknown item
entity light unknown item
entity light unknown item
entity light unknown item
entity light unknown item
entity light unknown item
entity light unknown item
entity target_give unknown item
entity target_speaker unknown item
entity light unknown item
entity info_player_deathmatch unknown item
entity light unknown item
entity light unknown item
entity light unknown item
entity light unknown item
entity light unknown item
entity target_speaker unknown item
entity target_speaker unknown item
entity target_speaker unknown item
entity light unknown item
entity target_speaker unknown item
entity light unknown item
entity target_speaker unknown item
entity light unknown item
entity target_speaker unknown item
entity light unknown item
entity target_speaker unknown item
entity light unknown item
entity target_speaker unknown item
entity light unknown item
entity target_speaker unknown item
entity light unknown item
entity target_speaker unknown item
entity light unknown item
entity target_speaker unknown item
entity light unknown item
entity target_speaker unknown item
entity light unknown item
entity target_speaker unknown item
entity light unknown item
entity target_speaker unknown item
entity light unknown item
entity light unknown item
entity target_speaker unknown item
entity light unknown item
entity target_speaker unknown item
entity light unknown item
entity target_speaker unknown item
entity light unknown item
entity target_speaker unknown item
entity light unknown item
entity target_speaker unknown item
entity light unknown item
entity target_speaker unknown item
entity light unknown item
entity target_speaker unknown item
entity light unknown item
entity target_speaker unknown item
entity light unknown item
entity target_speaker unknown item
entity light unknown item
entity target_speaker unknown item
entity light unknown item
entity target_speaker unknown item
entity light unknown item
entity target_speaker unknown item
entity light unknown item
entity light unknown item
entity light unknown item
entity light unknown item
entity light unknown item
entity light unknown item
entity light unknown item
entity light unknown item
entity light unknown item
entity light unknown item
entity light unknown item
entity target_speaker unknown item
entity light unknown item
entity target_speaker unknown item
entity light unknown item
entity light unknown item
entity light unknown item
entity light unknown item
entity light unknown item
entity light unknown item
entity light unknown item
entity light unknown item
entity light unknown item
entity light unknown item
entity light unknown item
entity light unknown item
entity light unknown item
entity light unknown item
entity target_speaker unknown item
entity light unknown item
entity target_speaker unknown item
entity light unknown item
entity target_speaker unknown item
entity light unknown item
entity target_speaker unknown item
entity light unknown item
entity target_speaker unknown item
entity light unknown item
entity target_speaker unknown item
entity light unknown item
entity target_speaker unknown item
entity light unknown item
entity light unknown item
entity light unknown item
entity light unknown item
entity light unknown item
entity light unknown item
entity light unknown item
entity light unknown item
entity light unknown item
entity light unknown item
entity light unknown item
entity light unknown item
entity misc_model unknown item
entity misc_model unknown item
entity misc_model unknown item
entity misc_model unknown item
entity misc_model unknown item
entity misc_model unknown item
entity misc_model unknown item
entity misc_model unknown item
entity misc_model unknown item
entity misc_model unknown item
entity misc_model unknown item
entity misc_model unknown item
entity misc_model unknown item
entity misc_model unknown item
entity misc_model unknown item
entity misc_model unknown item
entity misc_model unknown item
entity misc_model unknown item
entity misc_model unknown item
entity misc_model unknown item
entity misc_model unknown item
entity misc_model unknown item
entity misc_model unknown item
entity misc_model unknown item
entity misc_model unknown item
entity misc_model unknown item
entity misc_model unknown item
entity misc_model unknown item
entity misc_model unknown item
entity misc_model unknown item
entity misc_model unknown item
entity misc_model unknown item
entity misc_model unknown item
entity misc_model unknown item
entity misc_model unknown item
entity misc_model unknown item
entity misc_model unknown item
entity light unknown item
entity light unknown item
entity misc_model unknown item
entity misc_model unknown item
entity light unknown item
entity target_speaker unknown item
entity misc_model unknown item
entity misc_model unknown item
entity light unknown item
entity target_speaker unknown item
entity light unknown item
entity target_speaker unknown item
entity team_CTF_redspawn unknown item
entity team_CTF_redspawn unknown item
entity team_CTF_redspawn unknown item
entity team_CTF_redspawn unknown item
entity team_CTF_redplayer unknown item
entity team_CTF_redplayer unknown item
entity team_CTF_redplayer unknown item
entity team_CTF_redplayer unknown item
entity team_CTF_redplayer unknown item
entity team_CTF_redplayer unknown item
entity team_CTF_redplayer unknown item
entity team_CTF_redplayer unknown item
entity team_CTF_blueplayer unknown item
entity team_CTF_blueplayer unknown item
entity team_CTF_blueplayer unknown item
entity team_CTF_blueplayer unknown item
entity team_CTF_blueplayer unknown item
entity team_CTF_blueplayer unknown item
entity team_CTF_blueplayer unknown item
entity team_CTF_blueplayer unknown item
entity team_CTF_bluespawn unknown item
entity team_CTF_bluespawn unknown item
entity team_CTF_bluespawn unknown item
entity team_CTF_bluespawn unknown item
entity team_CTF_bluespawn unknown item
entity team_CTF_bluespawn unknown item
entity team_CTF_bluespawn unknown item
entity team_CTF_bluespawn unknown item
entity light unknown item
entity light unknown item
entity light unknown item
entity light unknown item
entity light unknown item
entity light unknown item
entity light unknown item
entity light unknown item
entity light unknown item
entity light unknown item
entity light unknown item
entity target_speaker unknown item
entity misc_model unknown item
entity light unknown item
entity target_speaker unknown item
entity misc_model unknown item
entity misc_model unknown item
entity light unknown item
entity target_speaker unknown item
entity misc_model unknown item
entity light unknown item
entity target_speaker unknown item
entity misc_model unknown item
entity light unknown item
entity light unknown item
entity target_speaker unknown item
entity trigger_hurt unknown item
entity target_location unknown item
entity target_location unknown item
entity target_location unknown item
entity target_location unknown item
entity target_location unknown item
entity target_location unknown item
entity target_location unknown item
entity target_location unknown item
entity target_location unknown item
entity target_location unknown item
entity target_location unknown item
entity target_location unknown item
entity target_location unknown item
entity target_location unknown item
entity target_remove_powerups unknown item
entity trigger_multiple unknown item
linked item ammo_shells to an entitylinked item ammo_cells to an entitylinked item ammo_slugs to an entitylinked item ammo_rockets to an entitylinked item ammo_bullets to an entitylinked item item_health to an entitylinked item item_health_small to an entitylinked item item_health to an entitylinked item ammo_slugs to an entitylinked item ammo_rockets to an entitylinked item ammo_bullets to an entitylinked item ammo_cells to an entitylinked item item_health to an entitylinked item ammo_shells to an entitylinked item ammo_cells to an entitylinked item weapon_plasmagun to an entitylinked item weapon_railgun to an entitylinked item item_armor_combat to an entitylinked item item_armor_shard to an entitylinked item ammo_rockets to an entitylinked item item_health to an entitylinked item item_health to an entitylinked item ammo_slugs to an entitylinked item ammo_shells to an entitylinked item weapon_shotgun to an entitylinked item item_armor_combat to an entitylinked item ammo_rockets to an entitylinked item item_health to an entitylinked item weapon_rocketlauncher to an entitylinked item team_CTF_blueflag to an entitylinked item team_CTF_redflag to an entitylinked item item_health to an entitylinked item item_armor_shard to an entitylinked item item_armor_shard to an entitylinked item item_armor_shard to an entitylinked item item_armor_shard to an entitylinked item item_armor_shard to an entitylinked item item_armor_shard to an entitylinked item item_armor_shard to an entitylinked item item_armor_shard to an entitylinked item item_armor_shard to an entitylinked item weapon_rocketlauncher to an entitylinked item item_armor_shard to an entitylinked item item_armor_shard to an entitylinked item item_armor_shard to an entitylinked item item_armor_shard to an entitylinked item item_armor_shard to an entitylinked item item_armor_shard to an entitylinked item item_armor_shard to an entitylinked item item_armor_shard to an entitylinked item item_armor_shard to an entitylinked item item_armor_shard to an entitylinked item item_health to an entitylinked item item_health_small to an entitylinked item item_health_small to an entitylinked item item_health_small to an entitylinked item item_health_small to an entitylinked item item_health_small to an entitylinked item ammo_shells to an entitylinked item ammo_cells to an entitylinked item ammo_slugs to an entitylinked item ammo_rockets to an entitylinked item ammo_bullets to an entitylinked item item_health to an entitylinked item item_health_small to an entitylinked item ammo_slugs to an entitylinked item ammo_rockets to an entitylinked item ammo_bullets to an entitylinked item ammo_cells to an entitylinked item item_health to an entitylinked item ammo_shells to an entitylinked item ammo_cells to an entitylinked item weapon_railgun to an entitylinked item item_armor_combat to an entitylinked item item_armor_shard to an entitylinked item ammo_rockets to an entitylinked item item_health to an entitylinked item item_health to an entitylinked item ammo_slugs to an entitylinked item ammo_shells to an entitylinked item weapon_shotgun to an entitylinked item item_armor_combat to an entitylinked item ammo_rockets to an entitylinked item item_health to an entitylinked item weapon_rocketlauncher to an entitylinked item item_health to an entitylinked item item_armor_shard to an entitylinked item item_armor_shard to an entitylinked item item_armor_shard to an entitylinked item item_armor_shard to an entitylinked item item_armor_shard to an entitylinked item item_armor_shard to an entitylinked item item_armor_shard to an entitylinked item item_armor_shard to an entitylinked item item_armor_shard to an entitylinked item weapon_rocketlauncher to an entitylinked item item_armor_shard to an entitylinked item item_armor_shard to an entitylinked item item_armor_shard to an entitylinked item item_armor_shard to an entitylinked item item_armor_shard to an entitylinked item item_armor_shard to an entitylinked item item_armor_shard to an entitylinked item item_armor_shard to an entitylinked item item_armor_shard to an entitylinked item item_armor_shard to an entitylinked item item_health to an entitylinked item item_health_small to an entitylinked item item_health_small to an entitylinked item item_health_small to an entitylinked item item_health_small to an entitylinked item item_health_small to an entitybots/grunt_c.cskill 0
{
    0 Grunt
    1 male
    2 0.516667
    3 bots/grunt_w.c
    4 0.750000
    5 90
    6 2.916667
    7 0.750000
    8 0.366667
    9 0.450000
   10 0.450000
   11 0.450000
   12 0.450000
   13 0.450000
   14 0.450000
   15 0.450000
   16 0.416667
   17 0.450000
   18 0.450000
   19 0.450000
   20 0.450000
   21 bots/grunt_t.c
   22 grunt
   23 400
   24 0.600000
   25 0.500000
   26 0.500000
   27 0.500000
   28 0.500000
   29 0.500000
   30 0.500000
   31 0.150000
   32 0.500000
   33 0.500000
   34 0.500000
   35 0.333333
   36 0.150000
   37 0.750000
   38 0.750000
   39 0.750000
   40 bots/grunt_i.c
   41 0.500000
   42 0.750000
   43 0.500000
   44 0.750000
   45 0.500000
   46 0.583333
   47 0.533333
   48 0.000000
}
item info 7 "weapon_gauntlet" has no fuzzy weight
item info 16 "weapon_grapplinghook" has no fuzzy weight
item info 49 "team_redobelisk" has no fuzzy weight
item info 50 "team_blueobelisk" has no fuzzy weight
item info 51 "team_neutralobelisk" has no fuzzy weight
bots/major_c.cskill 0
{
    0 Major
    1 female
    2 0.483333
    3 bots/major_w.c
    4 0.483333
    5 90
    6 3.166667
    7 0.483333
    8 0.400000
    9 0.500000
   10 0.500000
   11 0.500000
   12 0.500000
   13 0.500000
   14 0.500000
   15 0.500000
   16 0.483333
   17 0.500000
   18 0.500000
   19 0.500000
   20 0.500000
   21 bots/major_t.c
   22 major
   23 400
   24 0.500000
   25 0.500000
   26 0.500000
   27 0.500000
   28 0.500000
   29 0.500000
   30 0.500000
   31 0.150000
   32 0.500000
   33 0.500000
   34 0.500000
   35 0.333333
   36 0.633333
   37 0.500000
   38 0.500000
   39 0.500000
   40 bots/major_i.c
   41 0.500000
   42 0.500000
   43 0.500000
   44 0.500000
   45 0.500000
   46 0.583333
   47 0.466667
   48 0.000000
}
item info 7 "weapon_gauntlet" has no fuzzy weight
item info 16 "weapon_grapplinghook" has no fuzzy weight
item info 49 "team_redobelisk" has no fuzzy weight
item info 50 "team_blueobelisk" has no fuzzy weight
item info 51 "team_neutralobelisk" has no fuzzy weight
bots/sarge_c.cskill 0
{
    0 Sarge
    1 male
    2 0.583333
    3 bots/sarge_w.c
    4 0.783333
    5 180
    6 1.666667
    7 0.250000
    8 0.400000
    9 0.466667
   10 0.466667
   11 0.466667
   12 0.466667
   13 0.466667
   14 0.466667
   15 0.466667
   16 0.416667
   17 0.466667
   18 0.466667
   19 0.466667
   20 0.466667
   21 bots/sarge_t.c
   22 sarge
   23 400
   24 0.450000
   25 0.500000
   26 0.500000
   27 0.500000
   28 0.500000
   29 0.500000
   30 0.500000
   31 0.150000
   32 0.500000
   33 0.500000
   34 0.500000
   35 0.450000
   36 0.016667
   37 0.333333
   38 0.750000
   39 0.500000
   40 bots/sarge_i.c
   41 0.750000
   42 0.250000
   43 0.500000
   44 0.150000
   45 0.500000
   46 0.583333
   47 0.500000
   48 0.000000
}
item info 7 "weapon_gauntlet" has no fuzzy weight
item info 16 "weapon_grapplinghook" has no fuzzy weight
item info 49 "team_redobelisk" has no fuzzy weight
item info 50 "team_blueobelisk" has no fuzzy weight
item info 51 "team_neutralobelisk" has no fuzzy weight
item info 7 "weapon_gauntlet" has no fuzzy weight
item info 16 "weapon_grapplinghook" has no fuzzy weight
item info 49 "team_redobelisk" has no fuzzy weight
item info 50 "team_blueobelisk" has no fuzzy weight
item info 51 "team_neutralobelisk" has no fuzzy weight
item info 7 "weapon_gauntlet" has no fuzzy weight
item info 16 "weapon_grapplinghook" has no fuzzy weight
item info 49 "team_redobelisk" has no fuzzy weight
item info 50 "team_blueobelisk" has no fuzzy weight
item info 51 "team_neutralobelisk" has no fuzzy weight
linked item weapon_plasmagun to an entitylinked item item_regen to an entitylinked item item_regen to an entitylinked item item_regen to an entity