c:\users\devharis\desktop\quake-iii-arena-master\code\renderer\debug\renderer.bsc
c:\users\devharis\desktop\quake-iii-arena-master\code\renderer\debug\vc120.pdb
c:\users\devharis\desktop\quake-iii-arena-master\code\renderer\debug\vc120.idb
c:\users\devharis\desktop\quake-iii-arena-master\code\renderer\debug\jcapimin.sbr
c:\users\devharis\desktop\quake-iii-arena-master\code\renderer\debug\jccoefct.sbr
c:\users\devharis\desktop\quake-iii-arena-master\code\renderer\debug\jccolor.sbr
c:\users\devharis\desktop\quake-iii-arena-master\code\renderer\debug\jcdctmgr.sbr
c:\users\devharis\desktop\quake-iii-arena-master\code\renderer\debug\jchuff.sbr
c:\users\devharis\desktop\quake-iii-arena-master\code\renderer\debug\jcinit.sbr
c:\users\devharis\desktop\quake-iii-arena-master\code\renderer\debug\jcmainct.sbr
c:\users\devharis\desktop\quake-iii-arena-master\code\renderer\debug\jcmarker.sbr
c:\users\devharis\desktop\quake-iii-arena-master\code\renderer\debug\jcmaster.sbr
c:\users\devharis\desktop\quake-iii-arena-master\code\renderer\debug\jcomapi.sbr
c:\users\devharis\desktop\quake-iii-arena-master\code\renderer\debug\jcparam.sbr
c:\users\devharis\desktop\quake-iii-arena-master\code\renderer\debug\jcphuff.sbr
c:\users\devharis\desktop\quake-iii-arena-master\code\renderer\debug\jcprepct.sbr
c:\users\devharis\desktop\quake-iii-arena-master\code\renderer\debug\jcsample.sbr
c:\users\devharis\desktop\quake-iii-arena-master\code\renderer\debug\jctrans.sbr
c:\users\devharis\desktop\quake-iii-arena-master\code\renderer\debug\jdapimin.sbr
c:\users\devharis\desktop\quake-iii-arena-master\code\renderer\debug\jdapistd.sbr
c:\users\devharis\desktop\quake-iii-arena-master\code\renderer\debug\jdatadst.sbr
c:\users\devharis\desktop\quake-iii-arena-master\code\renderer\debug\jdatasrc.sbr
c:\users\devharis\desktop\quake-iii-arena-master\code\renderer\debug\jdcoefct.sbr
c:\users\devharis\desktop\quake-iii-arena-master\code\renderer\debug\jdcoefct.obj
c:\users\devharis\desktop\quake-iii-arena-master\code\renderer\debug\jdatasrc.obj
c:\users\devharis\desktop\quake-iii-arena-master\code\renderer\debug\jdatadst.obj
c:\users\devharis\desktop\quake-iii-arena-master\code\renderer\debug\jdapistd.obj
c:\users\devharis\desktop\quake-iii-arena-master\code\renderer\debug\jdapimin.obj
c:\users\devharis\desktop\quake-iii-arena-master\code\renderer\debug\jctrans.obj
c:\users\devharis\desktop\quake-iii-arena-master\code\renderer\debug\jcsample.obj
c:\users\devharis\desktop\quake-iii-arena-master\code\renderer\debug\jcprepct.obj
c:\users\devharis\desktop\quake-iii-arena-master\code\renderer\debug\jcphuff.obj
c:\users\devharis\desktop\quake-iii-arena-master\code\renderer\debug\jcparam.obj
c:\users\devharis\desktop\quake-iii-arena-master\code\renderer\debug\jcomapi.obj
c:\users\devharis\desktop\quake-iii-arena-master\code\renderer\debug\jcmaster.obj
c:\users\devharis\desktop\quake-iii-arena-master\code\renderer\debug\jcmarker.obj
c:\users\devharis\desktop\quake-iii-arena-master\code\renderer\debug\jcmainct.obj
c:\users\devharis\desktop\quake-iii-arena-master\code\renderer\debug\jcinit.obj
c:\users\devharis\desktop\quake-iii-arena-master\code\renderer\debug\jchuff.obj
c:\users\devharis\desktop\quake-iii-arena-master\code\renderer\debug\jcdctmgr.obj
c:\users\devharis\desktop\quake-iii-arena-master\code\renderer\debug\jccolor.obj
c:\users\devharis\desktop\quake-iii-arena-master\code\renderer\debug\jccoefct.obj
c:\users\devharis\desktop\quake-iii-arena-master\code\renderer\debug\jcapimin.obj
c:\users\devharis\desktop\quake-iii-arena-master\code\renderer\debug\jdcolor.sbr
c:\users\devharis\desktop\quake-iii-arena-master\code\renderer\debug\jddctmgr.sbr
c:\users\devharis\desktop\quake-iii-arena-master\code\renderer\debug\jdhuff.sbr
c:\users\devharis\desktop\quake-iii-arena-master\code\renderer\debug\jdinput.sbr
c:\users\devharis\desktop\quake-iii-arena-master\code\renderer\debug\jdmainct.sbr
c:\users\devharis\desktop\quake-iii-arena-master\code\renderer\debug\jdmarker.sbr
c:\users\devharis\desktop\quake-iii-arena-master\code\renderer\debug\jdmaster.sbr
c:\users\devharis\desktop\quake-iii-arena-master\code\renderer\debug\jdpostct.sbr
c:\users\devharis\desktop\quake-iii-arena-master\code\renderer\debug\jdsample.sbr
c:\users\devharis\desktop\quake-iii-arena-master\code\renderer\debug\jdtrans.sbr
c:\users\devharis\desktop\quake-iii-arena-master\code\renderer\debug\jerror.sbr
c:\users\devharis\desktop\quake-iii-arena-master\code\renderer\debug\jfdctflt.sbr
c:\users\devharis\desktop\quake-iii-arena-master\code\renderer\debug\jidctflt.sbr
c:\users\devharis\desktop\quake-iii-arena-master\code\renderer\debug\jmemmgr.sbr
c:\users\devharis\desktop\quake-iii-arena-master\code\renderer\debug\jmemnobs.sbr
c:\users\devharis\desktop\quake-iii-arena-master\code\renderer\debug\jutils.sbr
c:\users\devharis\desktop\quake-iii-arena-master\code\renderer\debug\win_gamma.sbr
c:\users\devharis\desktop\quake-iii-arena-master\code\renderer\debug\win_glimp.sbr
c:\users\devharis\desktop\quake-iii-arena-master\code\renderer\debug\win_qgl.sbr
c:\users\devharis\desktop\quake-iii-arena-master\code\renderer\debug\tr_animation.sbr
c:\users\devharis\desktop\quake-iii-arena-master\code\renderer\debug\tr_animation.obj
c:\users\devharis\desktop\quake-iii-arena-master\code\renderer\debug\win_qgl.obj
c:\users\devharis\desktop\quake-iii-arena-master\code\renderer\debug\win_glimp.obj
c:\users\devharis\desktop\quake-iii-arena-master\code\renderer\debug\win_gamma.obj
c:\users\devharis\desktop\quake-iii-arena-master\code\renderer\debug\jutils.obj
c:\users\devharis\desktop\quake-iii-arena-master\code\renderer\debug\jmemnobs.obj
c:\users\devharis\desktop\quake-iii-arena-master\code\renderer\debug\jmemmgr.obj
c:\users\devharis\desktop\quake-iii-arena-master\code\renderer\debug\jidctflt.obj
c:\users\devharis\desktop\quake-iii-arena-master\code\renderer\debug\jfdctflt.obj
c:\users\devharis\desktop\quake-iii-arena-master\code\renderer\debug\jerror.obj
c:\users\devharis\desktop\quake-iii-arena-master\code\renderer\debug\jdtrans.obj
c:\users\devharis\desktop\quake-iii-arena-master\code\renderer\debug\jdsample.obj
c:\users\devharis\desktop\quake-iii-arena-master\code\renderer\debug\jdpostct.obj
c:\users\devharis\desktop\quake-iii-arena-master\code\renderer\debug\jdmaster.obj
c:\users\devharis\desktop\quake-iii-arena-master\code\renderer\debug\jdmarker.obj
c:\users\devharis\desktop\quake-iii-arena-master\code\renderer\debug\jdmainct.obj
c:\users\devharis\desktop\quake-iii-arena-master\code\renderer\debug\jdinput.obj
c:\users\devharis\desktop\quake-iii-arena-master\code\renderer\debug\jdhuff.obj
c:\users\devharis\desktop\quake-iii-arena-master\code\renderer\debug\jddctmgr.obj
c:\users\devharis\desktop\quake-iii-arena-master\code\renderer\debug\jdcolor.obj
c:\users\devharis\desktop\quake-iii-arena-master\code\renderer\debug\tr_backend.sbr
c:\users\devharis\desktop\quake-iii-arena-master\code\renderer\debug\tr_bsp.sbr
c:\users\devharis\desktop\quake-iii-arena-master\code\renderer\debug\tr_cmds.sbr
c:\users\devharis\desktop\quake-iii-arena-master\code\renderer\debug\tr_curve.sbr
c:\users\devharis\desktop\quake-iii-arena-master\code\renderer\debug\tr_flares.sbr
c:\users\devharis\desktop\quake-iii-arena-master\code\renderer\debug\tr_font.sbr
c:\users\devharis\desktop\quake-iii-arena-master\code\renderer\debug\tr_image.sbr
c:\users\devharis\desktop\quake-iii-arena-master\code\renderer\debug\tr_init.sbr
c:\users\devharis\desktop\quake-iii-arena-master\code\renderer\debug\tr_light.sbr
c:\users\devharis\desktop\quake-iii-arena-master\code\renderer\debug\tr_main.sbr
c:\users\devharis\desktop\quake-iii-arena-master\code\renderer\debug\tr_marks.sbr
c:\users\devharis\desktop\quake-iii-arena-master\code\renderer\debug\tr_mesh.sbr
c:\users\devharis\desktop\quake-iii-arena-master\code\renderer\debug\tr_model.sbr
c:\users\devharis\desktop\quake-iii-arena-master\code\renderer\debug\tr_noise.sbr
c:\users\devharis\desktop\quake-iii-arena-master\code\renderer\debug\tr_scene.sbr
c:\users\devharis\desktop\quake-iii-arena-master\code\renderer\debug\tr_shade.sbr
c:\users\devharis\desktop\quake-iii-arena-master\code\renderer\debug\tr_shader.sbr
c:\users\devharis\desktop\quake-iii-arena-master\code\renderer\debug\tr_shade_calc.sbr
c:\users\devharis\desktop\quake-iii-arena-master\code\renderer\debug\tr_shadows.sbr
c:\users\devharis\desktop\quake-iii-arena-master\code\renderer\debug\tr_sky.sbr
c:\users\devharis\desktop\quake-iii-arena-master\code\renderer\debug\tr_sky.obj
c:\users\devharis\desktop\quake-iii-arena-master\code\renderer\debug\tr_shadows.obj
c:\users\devharis\desktop\quake-iii-arena-master\code\renderer\debug\tr_shade_calc.obj
c:\users\devharis\desktop\quake-iii-arena-master\code\renderer\debug\tr_shader.obj
c:\users\devharis\desktop\quake-iii-arena-master\code\renderer\debug\tr_shade.obj
c:\users\devharis\desktop\quake-iii-arena-master\code\renderer\debug\tr_scene.obj
c:\users\devharis\desktop\quake-iii-arena-master\code\renderer\debug\tr_noise.obj
c:\users\devharis\desktop\quake-iii-arena-master\code\renderer\debug\tr_model.obj
c:\users\devharis\desktop\quake-iii-arena-master\code\renderer\debug\tr_mesh.obj
c:\users\devharis\desktop\quake-iii-arena-master\code\renderer\debug\tr_marks.obj
c:\users\devharis\desktop\quake-iii-arena-master\code\renderer\debug\tr_main.obj
c:\users\devharis\desktop\quake-iii-arena-master\code\renderer\debug\tr_light.obj
c:\users\devharis\desktop\quake-iii-arena-master\code\renderer\debug\tr_init.obj
c:\users\devharis\desktop\quake-iii-arena-master\code\renderer\debug\tr_image.obj
c:\users\devharis\desktop\quake-iii-arena-master\code\renderer\debug\tr_font.obj
c:\users\devharis\desktop\quake-iii-arena-master\code\renderer\debug\tr_flares.obj
c:\users\devharis\desktop\quake-iii-arena-master\code\renderer\debug\tr_curve.obj
c:\users\devharis\desktop\quake-iii-arena-master\code\renderer\debug\tr_cmds.obj
c:\users\devharis\desktop\quake-iii-arena-master\code\renderer\debug\tr_bsp.obj
c:\users\devharis\desktop\quake-iii-arena-master\code\renderer\debug\tr_backend.obj
c:\users\devharis\desktop\quake-iii-arena-master\code\renderer\debug\tr_surface.sbr
c:\users\devharis\desktop\quake-iii-arena-master\code\renderer\debug\tr_world.sbr
c:\users\devharis\desktop\quake-iii-arena-master\code\renderer\debug\tr_world.obj
c:\users\devharis\desktop\quake-iii-arena-master\code\renderer\debug\tr_surface.obj
c:\users\devharis\desktop\quake-iii-arena-master\code\renderer\debug\renderer.lib
c:\users\devharis\desktop\quake-iii-arena-master\code\renderer\.\debug\renderer.lib
c:\users\devharis\desktop\quake-iii-arena-master\code\renderer\debug\renderer.tlog\bscmake.command.1.tlog
c:\users\devharis\desktop\quake-iii-arena-master\code\renderer\debug\renderer.tlog\bscmake.read.1.tlog
c:\users\devharis\desktop\quake-iii-arena-master\code\renderer\debug\renderer.tlog\bscmake.write.1.tlog
c:\users\devharis\desktop\quake-iii-arena-master\code\renderer\debug\renderer.tlog\cl.command.1.tlog
c:\users\devharis\desktop\quake-iii-arena-master\code\renderer\debug\renderer.tlog\cl.read.1.tlog
c:\users\devharis\desktop\quake-iii-arena-master\code\renderer\debug\renderer.tlog\cl.write.1.tlog
c:\users\devharis\desktop\quake-iii-arena-master\code\renderer\debug\renderer.tlog\lib-link.read.1.tlog
c:\users\devharis\desktop\quake-iii-arena-master\code\renderer\debug\renderer.tlog\lib-link.write.1.tlog
c:\users\devharis\desktop\quake-iii-arena-master\code\renderer\debug\renderer.tlog\lib.command.1.tlog
