Build started 2015-04-16 13:27:27.
     1>Project "C:\Users\devHaris\Documents\GitHub\Quake-III-Arena\code\cgame\cgame.vcxproj" on node 5 (Rebuild target(s)).
     1>ClCompile:
         C:\Program Files (x86)\Microsoft Visual Studio 12.0\VC\bin\CL.exe /c /ZI /nologo /W3 /WX- /Od /Oy- /D WIN32 /D _DEBUG /D _WINDOWS /Gm- /EHsc /MTd /GS /fp:precise /Zc:wchar_t /Zc:forScope /Fo".\Debug/" /Fd".\Debug/vc120.pdb" /FR".\Debug\\" /Gd /TC /analyze- /errorReport:prompt ..\game\bg_misc.c ..\game\bg_pmove.c ..\game\bg_slidemove.c ..\game\q_math.c ..\game\q_shared.c ..\ui\ui_shared.c cg_consolecmds.c cg_draw.c cg_drawtools.c cg_effects.c cg_ents.c cg_event.c cg_info.c cg_localents.c cg_main.c cg_marks.c cg_players.c cg_playerstate.c cg_predict.c cg_scoreboard.c cg_servercmds.c cg_snapshot.c cg_syscalls.c cg_view.c cg_weapons.c
         bg_misc.c
         bg_pmove.c
         bg_slidemove.c
         q_math.c
         q_shared.c
     1>c:\users\devharis\documents\github\quake-iii-arena\code\game\q_shared.c(268): warning C4996: 'vsprintf': This function or variable may be unsafe. Consider using vsprintf_s instead. To disable deprecation, use _CRT_SECURE_NO_WARNINGS. See online help for details.
                 c:\program files (x86)\microsoft visual studio 12.0\vc\include\stdio.h(356) : see declaration of 'vsprintf'
     1>c:\users\devharis\documents\github\quake-iii-arena\code\game\q_shared.c(280): warning C4996: 'vsprintf': This function or variable may be unsafe. Consider using vsprintf_s instead. To disable deprecation, use _CRT_SECURE_NO_WARNINGS. See online help for details.
                 c:\program files (x86)\microsoft visual studio 12.0\vc\include\stdio.h(356) : see declaration of 'vsprintf'
     1>c:\users\devharis\documents\github\quake-iii-arena\code\game\q_shared.c(723): warning C4996: 'strncpy': This function or variable may be unsafe. Consider using strncpy_s instead. To disable deprecation, use _CRT_SECURE_NO_WARNINGS. See online help for details.
                 c:\program files (x86)\microsoft visual studio 12.0\vc\include\string.h(195) : see declaration of 'strncpy'
     1>c:\users\devharis\documents\github\quake-iii-arena\code\game\q_shared.c(876): warning C4996: 'vsprintf': This function or variable may be unsafe. Consider using vsprintf_s instead. To disable deprecation, use _CRT_SECURE_NO_WARNINGS. See online help for details.
                 c:\program files (x86)\microsoft visual studio 12.0\vc\include\stdio.h(356) : see declaration of 'vsprintf'
     1>c:\users\devharis\documents\github\quake-iii-arena\code\game\q_shared.c(912): warning C4996: 'vsprintf': This function or variable may be unsafe. Consider using vsprintf_s instead. To disable deprecation, use _CRT_SECURE_NO_WARNINGS. See online help for details.
                 c:\program files (x86)\microsoft visual studio 12.0\vc\include\stdio.h(356) : see declaration of 'vsprintf'
     1>c:\users\devharis\documents\github\quake-iii-arena\code\game\q_shared.c(1072): warning C4996: 'strcpy': This function or variable may be unsafe. Consider using strcpy_s instead. To disable deprecation, use _CRT_SECURE_NO_WARNINGS. See online help for details.
                 c:\program files (x86)\microsoft visual studio 12.0\vc\include\string.h(112) : see declaration of 'strcpy'
     1>c:\users\devharis\documents\github\quake-iii-arena\code\game\q_shared.c(1127): warning C4996: 'strcpy': This function or variable may be unsafe. Consider using strcpy_s instead. To disable deprecation, use _CRT_SECURE_NO_WARNINGS. See online help for details.
                 c:\program files (x86)\microsoft visual studio 12.0\vc\include\string.h(112) : see declaration of 'strcpy'
     1>c:\users\devharis\documents\github\quake-iii-arena\code\game\q_shared.c(1202): warning C4996: 'strcat': This function or variable may be unsafe. Consider using strcat_s instead. To disable deprecation, use _CRT_SECURE_NO_WARNINGS. See online help for details.
                 c:\program files (x86)\microsoft visual studio 12.0\vc\include\string.h(118) : see declaration of 'strcat'
     1>c:\users\devharis\documents\github\quake-iii-arena\code\game\q_shared.c(1203): warning C4996: 'strcpy': This function or variable may be unsafe. Consider using strcpy_s instead. To disable deprecation, use _CRT_SECURE_NO_WARNINGS. See online help for details.
                 c:\program files (x86)\microsoft visual studio 12.0\vc\include\string.h(112) : see declaration of 'strcpy'
     1>c:\users\devharis\documents\github\quake-iii-arena\code\game\q_shared.c(1250): warning C4996: 'strcat': This function or variable may be unsafe. Consider using strcat_s instead. To disable deprecation, use _CRT_SECURE_NO_WARNINGS. See online help for details.
                 c:\program files (x86)\microsoft visual studio 12.0\vc\include\string.h(118) : see declaration of 'strcat'
         ui_shared.c
     1>c:\users\devharis\documents\github\quake-iii-arena\code\ui\ui_shared.c(190): warning C4996: 'strcpy': This function or variable may be unsafe. Consider using strcpy_s instead. To disable deprecation, use _CRT_SECURE_NO_WARNINGS. See online help for details.
                 c:\program files (x86)\microsoft visual studio 12.0\vc\include\string.h(112) : see declaration of 'strcpy'
     1>c:\users\devharis\documents\github\quake-iii-arena\code\ui\ui_shared.c(261): warning C4996: 'vsprintf': This function or variable may be unsafe. Consider using vsprintf_s instead. To disable deprecation, use _CRT_SECURE_NO_WARNINGS. See online help for details.
                 c:\program files (x86)\microsoft visual studio 12.0\vc\include\stdio.h(356) : see declaration of 'vsprintf'
     1>c:\users\devharis\documents\github\quake-iii-arena\code\ui\ui_shared.c(283): warning C4996: 'vsprintf': This function or variable may be unsafe. Consider using vsprintf_s instead. To disable deprecation, use _CRT_SECURE_NO_WARNINGS. See online help for details.
                 c:\program files (x86)\microsoft visual studio 12.0\vc\include\stdio.h(356) : see declaration of 'vsprintf'
     1>c:\users\devharis\documents\github\quake-iii-arena\code\ui\ui_shared.c(2943): warning C4996: 'strncpy': This function or variable may be unsafe. Consider using strncpy_s instead. To disable deprecation, use _CRT_SECURE_NO_WARNINGS. See online help for details.
                 c:\program files (x86)\microsoft visual studio 12.0\vc\include\string.h(195) : see declaration of 'strncpy'
     1>c:\users\devharis\documents\github\quake-iii-arena\code\ui\ui_shared.c(3373): warning C4996: 'strcat': This function or variable may be unsafe. Consider using strcat_s instead. To disable deprecation, use _CRT_SECURE_NO_WARNINGS. See online help for details.
                 c:\program files (x86)\microsoft visual studio 12.0\vc\include\string.h(118) : see declaration of 'strcat'
     1>c:\users\devharis\documents\github\quake-iii-arena\code\ui\ui_shared.c(3374): warning C4996: 'strcat': This function or variable may be unsafe. Consider using strcat_s instead. To disable deprecation, use _CRT_SECURE_NO_WARNINGS. See online help for details.
                 c:\program files (x86)\microsoft visual studio 12.0\vc\include\string.h(118) : see declaration of 'strcat'
     1>c:\users\devharis\documents\github\quake-iii-arena\code\ui\ui_shared.c(3379): warning C4996: 'strcpy': This function or variable may be unsafe. Consider using strcpy_s instead. To disable deprecation, use _CRT_SECURE_NO_WARNINGS. See online help for details.
                 c:\program files (x86)\microsoft visual studio 12.0\vc\include\string.h(112) : see declaration of 'strcpy'
         cg_consolecmds.c
         cg_draw.c
         cg_drawtools.c
         cg_effects.c
         cg_ents.c
         cg_event.c
     1>c:\users\devharis\documents\github\quake-iii-arena\code\cgame\cg_event.c(115): warning C4996: 'strcat': This function or variable may be unsafe. Consider using strcat_s instead. To disable deprecation, use _CRT_SECURE_NO_WARNINGS. See online help for details.
                 c:\program files (x86)\microsoft visual studio 12.0\vc\include\string.h(118) : see declaration of 'strcat'
     1>c:\users\devharis\documents\github\quake-iii-arena\code\cgame\cg_event.c(238): warning C4996: 'strcpy': This function or variable may be unsafe. Consider using strcpy_s instead. To disable deprecation, use _CRT_SECURE_NO_WARNINGS. See online help for details.
                 c:\program files (x86)\microsoft visual studio 12.0\vc\include\string.h(112) : see declaration of 'strcpy'
     1>c:\users\devharis\documents\github\quake-iii-arena\code\cgame\cg_event.c(241): warning C4996: 'strcat': This function or variable may be unsafe. Consider using strcat_s instead. To disable deprecation, use _CRT_SECURE_NO_WARNINGS. See online help for details.
                 c:\program files (x86)\microsoft visual studio 12.0\vc\include\string.h(118) : see declaration of 'strcat'
         cg_info.c
         cg_localents.c
         cg_main.c
     1>c:\users\devharis\documents\github\quake-iii-arena\code\cgame\cg_main.c(424): warning C4996: 'vsprintf': This function or variable may be unsafe. Consider using vsprintf_s instead. To disable deprecation, use _CRT_SECURE_NO_WARNINGS. See online help for details.
                 c:\program files (x86)\microsoft visual studio 12.0\vc\include\stdio.h(356) : see declaration of 'vsprintf'
     1>c:\users\devharis\documents\github\quake-iii-arena\code\cgame\cg_main.c(435): warning C4996: 'vsprintf': This function or variable may be unsafe. Consider using vsprintf_s instead. To disable deprecation, use _CRT_SECURE_NO_WARNINGS. See online help for details.
                 c:\program files (x86)\microsoft visual studio 12.0\vc\include\stdio.h(356) : see declaration of 'vsprintf'
     1>c:\users\devharis\documents\github\quake-iii-arena\code\cgame\cg_main.c(449): warning C4996: 'vsprintf': This function or variable may be unsafe. Consider using vsprintf_s instead. To disable deprecation, use _CRT_SECURE_NO_WARNINGS. See online help for details.
                 c:\program files (x86)\microsoft visual studio 12.0\vc\include\stdio.h(356) : see declaration of 'vsprintf'
     1>c:\users\devharis\documents\github\quake-iii-arena\code\cgame\cg_main.c(460): warning C4996: 'vsprintf': This function or variable may be unsafe. Consider using vsprintf_s instead. To disable deprecation, use _CRT_SECURE_NO_WARNINGS. See online help for details.
                 c:\program files (x86)\microsoft visual studio 12.0\vc\include\stdio.h(356) : see declaration of 'vsprintf'
     1>c:\users\devharis\documents\github\quake-iii-arena\code\cgame\cg_main.c(711): warning C4996: 'strcpy': This function or variable may be unsafe. Consider using strcpy_s instead. To disable deprecation, use _CRT_SECURE_NO_WARNINGS. See online help for details.
                 c:\program files (x86)\microsoft visual studio 12.0\vc\include\string.h(112) : see declaration of 'strcpy'
     1>c:\users\devharis\documents\github\quake-iii-arena\code\cgame\cg_main.c(1024): warning C4996: 'strcpy': This function or variable may be unsafe. Consider using strcpy_s instead. To disable deprecation, use _CRT_SECURE_NO_WARNINGS. See online help for details.
                 c:\program files (x86)\microsoft visual studio 12.0\vc\include\string.h(112) : see declaration of 'strcpy'
         cg_marks.c
         cg_players.c
         cg_playerstate.c
         cg_predict.c
         cg_scoreboard.c
         Generating Code...
         Compiling...
         cg_servercmds.c
     1>c:\users\devharis\documents\github\quake-iii-arena\code\cgame\cg_servercmds.c(238): warning C4996: 'strncpy': This function or variable may be unsafe. Consider using strncpy_s instead. To disable deprecation, use _CRT_SECURE_NO_WARNINGS. See online help for details.
                 c:\program files (x86)\microsoft visual studio 12.0\vc\include\string.h(195) : see declaration of 'strncpy'
     1>c:\users\devharis\documents\github\quake-iii-arena\code\cgame\cg_servercmds.c(243): warning C4996: 'strncpy': This function or variable may be unsafe. Consider using strncpy_s instead. To disable deprecation, use _CRT_SECURE_NO_WARNINGS. See online help for details.
                 c:\program files (x86)\microsoft visual studio 12.0\vc\include\string.h(195) : see declaration of 'strncpy'
     1>c:\users\devharis\documents\github\quake-iii-arena\code\cgame\cg_servercmds.c(251): warning C4996: 'strncpy': This function or variable may be unsafe. Consider using strncpy_s instead. To disable deprecation, use _CRT_SECURE_NO_WARNINGS. See online help for details.
                 c:\program files (x86)\microsoft visual studio 12.0\vc\include\string.h(195) : see declaration of 'strncpy'
         cg_snapshot.c
         cg_syscalls.c
         cg_view.c
         cg_weapons.c
     1>c:\users\devharis\documents\github\quake-iii-arena\code\cgame\cg_weapons.c(658): warning C4996: 'strcpy': This function or variable may be unsafe. Consider using strcpy_s instead. To disable deprecation, use _CRT_SECURE_NO_WARNINGS. See online help for details.
                 c:\program files (x86)\microsoft visual studio 12.0\vc\include\string.h(112) : see declaration of 'strcpy'
     1>c:\users\devharis\documents\github\quake-iii-arena\code\cgame\cg_weapons.c(660): warning C4996: 'strcat': This function or variable may be unsafe. Consider using strcat_s instead. To disable deprecation, use _CRT_SECURE_NO_WARNINGS. See online help for details.
                 c:\program files (x86)\microsoft visual studio 12.0\vc\include\string.h(118) : see declaration of 'strcat'
     1>c:\users\devharis\documents\github\quake-iii-arena\code\cgame\cg_weapons.c(663): warning C4996: 'strcpy': This function or variable may be unsafe. Consider using strcpy_s instead. To disable deprecation, use _CRT_SECURE_NO_WARNINGS. See online help for details.
                 c:\program files (x86)\microsoft visual studio 12.0\vc\include\string.h(112) : see declaration of 'strcpy'
     1>c:\users\devharis\documents\github\quake-iii-arena\code\cgame\cg_weapons.c(665): warning C4996: 'strcat': This function or variable may be unsafe. Consider using strcat_s instead. To disable deprecation, use _CRT_SECURE_NO_WARNINGS. See online help for details.
                 c:\program files (x86)\microsoft visual studio 12.0\vc\include\string.h(118) : see declaration of 'strcat'
     1>c:\users\devharis\documents\github\quake-iii-arena\code\cgame\cg_weapons.c(668): warning C4996: 'strcpy': This function or variable may be unsafe. Consider using strcpy_s instead. To disable deprecation, use _CRT_SECURE_NO_WARNINGS. See online help for details.
                 c:\program files (x86)\microsoft visual studio 12.0\vc\include\string.h(112) : see declaration of 'strcpy'
     1>c:\users\devharis\documents\github\quake-iii-arena\code\cgame\cg_weapons.c(670): warning C4996: 'strcat': This function or variable may be unsafe. Consider using strcat_s instead. To disable deprecation, use _CRT_SECURE_NO_WARNINGS. See online help for details.
                 c:\program files (x86)\microsoft visual studio 12.0\vc\include\string.h(118) : see declaration of 'strcat'
         Generating Code...
     1>C:\Program Files (x86)\MSBuild\Microsoft.Cpp\v4.0\V120\Microsoft.CppBuild.targets(1193,5): warning MSB8012: TargetPath(C:\Users\devHaris\Documents\GitHub\Quake-III-Arena\code\cgame\.\Debug\cgame.dll) does not match the Linker's OutputFile property value (C:\Users\devHaris\Documents\GitHub\Quake-III-Arena\code\Debug\cgamex86.dll). This may cause your project to build incorrectly. To correct this, please make sure that $(OutDir), $(TargetName) and $(TargetExt) property values match the value specified in %(Link.OutputFile).
     1>C:\Program Files (x86)\MSBuild\Microsoft.Cpp\v4.0\V120\Microsoft.CppBuild.targets(1195,5): warning MSB8012: TargetName(cgame) does not match the Linker's OutputFile property value (cgamex86). This may cause your project to build incorrectly. To correct this, please make sure that $(OutDir), $(TargetName) and $(TargetExt) property values match the value specified in %(Link.OutputFile).
       Link:
         C:\Program Files (x86)\Microsoft Visual Studio 12.0\VC\bin\link.exe /ERRORREPORT:PROMPT /OUT:"../Debug/cgamex86.dll" /INCREMENTAL:NO /NOLOGO odbc32.lib odbccp32.lib kernel32.lib user32.lib gdi32.lib winspool.lib comdlg32.lib advapi32.lib shell32.lib ole32.lib oleaut32.lib uuid.lib odbc32.lib odbccp32.lib /DEF:".\cgame.def" /MANIFEST /MANIFESTUAC:"level='asInvoker' uiAccess='false'" /manifest:embed /DEBUG /PDB:".\Debug/cgamex86.pdb" /MAP:".\Debug/cgamex86.map" /SUBSYSTEM:WINDOWS /TLBID:1 /BASE:"0x30000000" /DYNAMICBASE /NXCOMPAT /IMPLIB:".\Debug/cgamex86.lib" /MACHINE:X86 /SAFESEH /DLL .\Debug/bg_misc.obj
         .\Debug/bg_pmove.obj
         .\Debug/bg_slidemove.obj
         .\Debug/q_math.obj
         .\Debug/q_shared.obj
         .\Debug/ui_shared.obj
         .\Debug/cg_consolecmds.obj
         .\Debug/cg_draw.obj
         .\Debug/cg_drawtools.obj
         .\Debug/cg_effects.obj
         .\Debug/cg_ents.obj
         .\Debug/cg_event.obj
         .\Debug/cg_info.obj
         .\Debug/cg_localents.obj
         .\Debug/cg_main.obj
         .\Debug/cg_marks.obj
         .\Debug/cg_players.obj
         .\Debug/cg_playerstate.obj
         .\Debug/cg_predict.obj
         .\Debug/cg_scoreboard.obj
         .\Debug/cg_servercmds.obj
         .\Debug/cg_snapshot.obj
         .\Debug/cg_syscalls.obj
         .\Debug/cg_view.obj
         .\Debug/cg_weapons.obj
     1>bg_misc.obj : warning LNK4075: ignoring '/EDITANDCONTINUE' due to '/OPT:LBR' specification
            Creating library .\Debug/cgamex86.lib and object .\Debug/cgamex86.exp
         cgame.vcxproj -> C:\Users\devHaris\Documents\GitHub\Quake-III-Arena\code\cgame\.\Debug\cgame.dll
       BscMake:
         C:\Program Files (x86)\Microsoft Visual Studio 12.0\VC\bin\bscmake.exe /nologo /o".\Debug\cgame.bsc" .\Debug\bg_misc.sbr .\Debug\bg_pmove.sbr .\Debug\bg_slidemove.sbr .\Debug\q_math.sbr .\Debug\q_shared.sbr .\Debug\ui_shared.sbr .\Debug\cg_consolecmds.sbr .\Debug\cg_draw.sbr .\Debug\cg_drawtools.sbr .\Debug\cg_effects.sbr .\Debug\cg_ents.sbr .\Debug\cg_event.sbr .\Debug\cg_info.sbr .\Debug\cg_localents.sbr .\Debug\cg_main.sbr .\Debug\cg_marks.sbr .\Debug\cg_players.sbr .\Debug\cg_playerstate.sbr .\Debug\cg_predict.sbr .\Debug\cg_scoreboard.sbr .\Debug\cg_servercmds.sbr .\Debug\cg_snapshot.sbr .\Debug\cg_syscalls.sbr .\Debug\cg_view.sbr .\Debug\cg_weapons.sbr
     1>Done Building Project "C:\Users\devHaris\Documents\GitHub\Quake-III-Arena\code\cgame\cgame.vcxproj" (Rebuild target(s)).

Build succeeded.

Time Elapsed 00:00:05.76
