c:\users\devharis\desktop\quake-iii-arena-master\code\game\debug\game.bsc
c:\users\devharis\desktop\quake-iii-arena-master\code\game\debug\vc120.pdb
c:\users\devharis\desktop\quake-iii-arena-master\code\game\debug\vc120.idb
c:\users\devharis\desktop\quake-iii-arena-master\code\game\debug\ai_chat.sbr
c:\users\devharis\desktop\quake-iii-arena-master\code\game\debug\ai_cmd.sbr
c:\users\devharis\desktop\quake-iii-arena-master\code\game\debug\ai_dmnet.sbr
c:\users\devharis\desktop\quake-iii-arena-master\code\game\debug\ai_dmq3.sbr
c:\users\devharis\desktop\quake-iii-arena-master\code\game\debug\ai_main.sbr
c:\users\devharis\desktop\quake-iii-arena-master\code\game\debug\ai_team.sbr
c:\users\devharis\desktop\quake-iii-arena-master\code\game\debug\ai_vcmd.sbr
c:\users\devharis\desktop\quake-iii-arena-master\code\game\debug\bg_misc.sbr
c:\users\devharis\desktop\quake-iii-arena-master\code\game\debug\bg_pmove.sbr
c:\users\devharis\desktop\quake-iii-arena-master\code\game\debug\bg_slidemove.sbr
c:\users\devharis\desktop\quake-iii-arena-master\code\game\debug\g_active.sbr
c:\users\devharis\desktop\quake-iii-arena-master\code\game\debug\g_arenas.sbr
c:\users\devharis\desktop\quake-iii-arena-master\code\game\debug\g_bot.sbr
c:\users\devharis\desktop\quake-iii-arena-master\code\game\debug\g_client.sbr
c:\users\devharis\desktop\quake-iii-arena-master\code\game\debug\g_cmds.sbr
c:\users\devharis\desktop\quake-iii-arena-master\code\game\debug\g_combat.sbr
c:\users\devharis\desktop\quake-iii-arena-master\code\game\debug\g_items.sbr
c:\users\devharis\desktop\quake-iii-arena-master\code\game\debug\g_main.sbr
c:\users\devharis\desktop\quake-iii-arena-master\code\game\debug\g_mem.sbr
c:\users\devharis\desktop\quake-iii-arena-master\code\game\debug\g_misc.sbr
c:\users\devharis\desktop\quake-iii-arena-master\code\game\debug\g_misc.obj
c:\users\devharis\desktop\quake-iii-arena-master\code\game\debug\g_mem.obj
c:\users\devharis\desktop\quake-iii-arena-master\code\game\debug\g_main.obj
c:\users\devharis\desktop\quake-iii-arena-master\code\game\debug\g_items.obj
c:\users\devharis\desktop\quake-iii-arena-master\code\game\debug\g_combat.obj
c:\users\devharis\desktop\quake-iii-arena-master\code\game\debug\g_cmds.obj
c:\users\devharis\desktop\quake-iii-arena-master\code\game\debug\g_client.obj
c:\users\devharis\desktop\quake-iii-arena-master\code\game\debug\g_bot.obj
c:\users\devharis\desktop\quake-iii-arena-master\code\game\debug\g_arenas.obj
c:\users\devharis\desktop\quake-iii-arena-master\code\game\debug\g_active.obj
c:\users\devharis\desktop\quake-iii-arena-master\code\game\debug\bg_slidemove.obj
c:\users\devharis\desktop\quake-iii-arena-master\code\game\debug\bg_pmove.obj
c:\users\devharis\desktop\quake-iii-arena-master\code\game\debug\bg_misc.obj
c:\users\devharis\desktop\quake-iii-arena-master\code\game\debug\ai_vcmd.obj
c:\users\devharis\desktop\quake-iii-arena-master\code\game\debug\ai_team.obj
c:\users\devharis\desktop\quake-iii-arena-master\code\game\debug\ai_main.obj
c:\users\devharis\desktop\quake-iii-arena-master\code\game\debug\ai_dmq3.obj
c:\users\devharis\desktop\quake-iii-arena-master\code\game\debug\ai_dmnet.obj
c:\users\devharis\desktop\quake-iii-arena-master\code\game\debug\ai_cmd.obj
c:\users\devharis\desktop\quake-iii-arena-master\code\game\debug\ai_chat.obj
c:\users\devharis\desktop\quake-iii-arena-master\code\game\debug\g_missile.sbr
c:\users\devharis\desktop\quake-iii-arena-master\code\game\debug\g_mover.sbr
c:\users\devharis\desktop\quake-iii-arena-master\code\game\debug\g_session.sbr
c:\users\devharis\desktop\quake-iii-arena-master\code\game\debug\g_spawn.sbr
c:\users\devharis\desktop\quake-iii-arena-master\code\game\debug\g_svcmds.sbr
c:\users\devharis\desktop\quake-iii-arena-master\code\game\debug\g_syscalls.sbr
c:\users\devharis\desktop\quake-iii-arena-master\code\game\debug\g_target.sbr
c:\users\devharis\desktop\quake-iii-arena-master\code\game\debug\g_team.sbr
c:\users\devharis\desktop\quake-iii-arena-master\code\game\debug\g_trigger.sbr
c:\users\devharis\desktop\quake-iii-arena-master\code\game\debug\g_utils.sbr
c:\users\devharis\desktop\quake-iii-arena-master\code\game\debug\g_weapon.sbr
c:\users\devharis\desktop\quake-iii-arena-master\code\game\debug\q_math.sbr
c:\users\devharis\desktop\quake-iii-arena-master\code\game\debug\q_shared.sbr
c:\users\devharis\desktop\quake-iii-arena-master\code\game\debug\q_shared.obj
c:\users\devharis\desktop\quake-iii-arena-master\code\game\debug\q_math.obj
c:\users\devharis\desktop\quake-iii-arena-master\code\game\debug\g_weapon.obj
c:\users\devharis\desktop\quake-iii-arena-master\code\game\debug\g_utils.obj
c:\users\devharis\desktop\quake-iii-arena-master\code\game\debug\g_trigger.obj
c:\users\devharis\desktop\quake-iii-arena-master\code\game\debug\g_team.obj
c:\users\devharis\desktop\quake-iii-arena-master\code\game\debug\g_target.obj
c:\users\devharis\desktop\quake-iii-arena-master\code\game\debug\g_syscalls.obj
c:\users\devharis\desktop\quake-iii-arena-master\code\game\debug\g_svcmds.obj
c:\users\devharis\desktop\quake-iii-arena-master\code\game\debug\g_spawn.obj
c:\users\devharis\desktop\quake-iii-arena-master\code\game\debug\g_session.obj
c:\users\devharis\desktop\quake-iii-arena-master\code\game\debug\g_mover.obj
c:\users\devharis\desktop\quake-iii-arena-master\code\game\debug\g_missile.obj
c:\users\devharis\desktop\quake-iii-arena-master\code\game\debug\qagamex86.lib
c:\users\devharis\desktop\quake-iii-arena-master\code\game\debug\qagamex86.exp
c:\users\devharis\desktop\quake-iii-arena-master\code\debug\qagamex86.dll
c:\users\devharis\desktop\quake-iii-arena-master\code\game\debug\qagamex86.map
c:\users\devharis\desktop\quake-iii-arena-master\code\game\debug\qagamex86.pdb
c:\users\devharis\desktop\quake-iii-arena-master\code\game\debug\game.tlog\bscmake.command.1.tlog
c:\users\devharis\desktop\quake-iii-arena-master\code\game\debug\game.tlog\bscmake.read.1.tlog
c:\users\devharis\desktop\quake-iii-arena-master\code\game\debug\game.tlog\bscmake.write.1.tlog
c:\users\devharis\desktop\quake-iii-arena-master\code\game\debug\game.tlog\cl.command.1.tlog
c:\users\devharis\desktop\quake-iii-arena-master\code\game\debug\game.tlog\cl.read.1.tlog
c:\users\devharis\desktop\quake-iii-arena-master\code\game\debug\game.tlog\cl.write.1.tlog
c:\users\devharis\desktop\quake-iii-arena-master\code\game\debug\game.tlog\game.write.1u.tlog
c:\users\devharis\desktop\quake-iii-arena-master\code\game\debug\game.tlog\link.command.1.tlog
c:\users\devharis\desktop\quake-iii-arena-master\code\game\debug\game.tlog\link.read.1.tlog
c:\users\devharis\desktop\quake-iii-arena-master\code\game\debug\game.tlog\link.write.1.tlog
