Build started 2015-02-06 15:56:39.
     1>Project "C:\Users\devHaris\Desktop\Quake-III-Arena-master\code\renderer\renderer.vcxproj" on node 4 (Build target(s)).
     1>ClCompile:
         C:\Program Files (x86)\Microsoft Visual Studio 12.0\VC\bin\x86_amd64\CL.exe /c /Zi /nologo /W4 /WX- /O2 /Ob2 /D WIN32 /D NDEBUG /D _LIB /D _MBCS /GF /Gm- /EHsc /MT /GS /Gy /fp:precise /Zc:wchar_t /Zc:forScope /Fo".\Release/" /Fd".\Release/vc120.pdb" /Gd /TC /errorReport:prompt "..\jpeg-6\jcapimin.c" "..\jpeg-6\jccoefct.c" "..\jpeg-6\jccolor.c" "..\jpeg-6\jcdctmgr.c" "..\jpeg-6\jchuff.c" "..\jpeg-6\jcinit.c" "..\jpeg-6\jcmainct.c" "..\jpeg-6\jcmarker.c" "..\jpeg-6\jcmaster.c" "..\jpeg-6\jcomapi.c" "..\jpeg-6\jcparam.c" "..\jpeg-6\jcphuff.c" "..\jpeg-6\jcprepct.c" "..\jpeg-6\jcsample.c" "..\jpeg-6\jctrans.c" "..\jpeg-6\jdapimin.c" "..\jpeg-6\jdapistd.c" "..\jpeg-6\jdatadst.c" "..\jpeg-6\jdatasrc.c" "..\jpeg-6\jdcoefct.c" "..\jpeg-6\jdcolor.c" "..\jpeg-6\jddctmgr.c" "..\jpeg-6\jdhuff.c" "..\jpeg-6\jdinput.c" "..\jpeg-6\jdmainct.c" "..\jpeg-6\jdmarker.c" "..\jpeg-6\jdmaster.c" "..\jpeg-6\jdpostct.c" "..\jpeg-6\jdsample.c" "..\jpeg-6\jdtrans.c" "..\jpeg-6\jerror.c" "..\jpeg-6\jfdctflt.c" "..\jpeg-6\jidctflt.c" "..\jpeg-6\jmemmgr.c" "..\jpeg-6\jmemnobs.c" "..\jpeg-6\jutils.c" ..\win32\win_gamma.c ..\win32\win_glimp.c ..\win32\win_qgl.c tr_animation.c tr_backend.c tr_bsp.c tr_cmds.c tr_curve.c tr_flares.c tr_font.c tr_image.c tr_init.c tr_light.c tr_main.c tr_marks.c tr_mesh.c tr_model.c tr_noise.c tr_scene.c tr_shade.c tr_shader.c tr_shade_calc.c tr_shadows.c tr_sky.c tr_surface.c tr_world.c
         jcapimin.c
         jccoefct.c
         jccolor.c
         jcdctmgr.c
         jchuff.c
         jcinit.c
         jcmainct.c
         jcmarker.c
         jcmaster.c
         jcomapi.c
         jcparam.c
         jcphuff.c
         jcprepct.c
         jcsample.c
         jctrans.c
         jdapimin.c
         jdapistd.c
         jdatadst.c
         jdatasrc.c
         jdcoefct.c
         Generating Code...
         Compiling...
         jdcolor.c
         jddctmgr.c
         jdhuff.c
         jdinput.c
         jdmainct.c
         jdmarker.c
         jdmaster.c
         jdpostct.c
         jdsample.c
         jdtrans.c
         jerror.c
     1>..\jpeg-6\jerror.c(173): warning C4996: 'sprintf': This function or variable may be unsafe. Consider using sprintf_s instead. To disable deprecation, use _CRT_SECURE_NO_WARNINGS. See online help for details.
                 C:\Program Files (x86)\Microsoft Visual Studio 12.0\VC\include\stdio.h(356) : see declaration of 'sprintf'
     1>..\jpeg-6\jerror.c(179): warning C4996: 'sprintf': This function or variable may be unsafe. Consider using sprintf_s instead. To disable deprecation, use _CRT_SECURE_NO_WARNINGS. See online help for details.
                 C:\Program Files (x86)\Microsoft Visual Studio 12.0\VC\include\stdio.h(356) : see declaration of 'sprintf'
         jfdctflt.c
         jidctflt.c
         jmemmgr.c
     1>..\jpeg-6\jmemmgr.c(306): warning C4267: '+=' : conversion from 'size_t' to 'long', possible loss of data
     1>..\jpeg-6\jmemmgr.c(366): warning C4267: '+=' : conversion from 'size_t' to 'long', possible loss of data
     1>..\jpeg-6\jmemmgr.c(976): warning C4267: '-=' : conversion from 'size_t' to 'long', possible loss of data
     1>..\jpeg-6\jmemmgr.c(990): warning C4267: '-=' : conversion from 'size_t' to 'long', possible loss of data
     1>..\jpeg-6\jmemmgr.c(1103): warning C4996: 'getenv': This function or variable may be unsafe. Consider using _dupenv_s instead. To disable deprecation, use _CRT_SECURE_NO_WARNINGS. See online help for details.
                 C:\Program Files (x86)\Microsoft Visual Studio 12.0\VC\include\stdlib.h(462) : see declaration of 'getenv'
     1>..\jpeg-6\jmemmgr.c(1106): warning C4996: 'sscanf': This function or variable may be unsafe. Consider using sscanf_s instead. To disable deprecation, use _CRT_SECURE_NO_WARNINGS. See online help for details.
                 C:\Program Files (x86)\Microsoft Visual Studio 12.0\VC\include\stdio.h(304) : see declaration of 'sscanf'
         jmemnobs.c
     1>..\jpeg-6\jmemnobs.c(33): warning C4267: 'function' : conversion from 'size_t' to 'int', possible loss of data
     1>..\jpeg-6\jmemnobs.c(53): warning C4267: 'function' : conversion from 'size_t' to 'int', possible loss of data
         jutils.c
         win_gamma.c
     1>..\win32\win_gamma.c(153): warning C4996: 'GetVersionExA': was declared deprecated
                 C:\Program Files (x86)\Windows Kits\8.1\Include\um\sysinfoapi.h(433) : see declaration of 'GetVersionExA'
         win_glimp.c
     1>..\win32\win_glimp.c(1131): warning C4996: 'GetVersionExA': was declared deprecated
                 C:\Program Files (x86)\Windows Kits\8.1\Include\um\sysinfoapi.h(433) : see declaration of 'GetVersionExA'
     1>..\win32\win_glimp.c(1368): warning C4996: 'sscanf': This function or variable may be unsafe. Consider using sscanf_s instead. To disable deprecation, use _CRT_SECURE_NO_WARNINGS. See online help for details.
                 C:\Program Files (x86)\Microsoft Visual Studio 12.0\VC\include\stdio.h(304) : see declaration of 'sscanf'
     1>..\win32\win_glimp.c(1371): warning C4996: 'sscanf': This function or variable may be unsafe. Consider using sscanf_s instead. To disable deprecation, use _CRT_SECURE_NO_WARNINGS. See online help for details.
                 C:\Program Files (x86)\Microsoft Visual Studio 12.0\VC\include\stdio.h(304) : see declaration of 'sscanf'
         win_qgl.c
     1>..\win32\win_qgl.c(787): warning C4996: 'strcpy': This function or variable may be unsafe. Consider using strcpy_s instead. To disable deprecation, use _CRT_SECURE_NO_WARNINGS. See online help for details.
     1>..\win32\win_qgl.c(789): warning C4996: 'strcpy': This function or variable may be unsafe. Consider using strcpy_s instead. To disable deprecation, use _CRT_SECURE_NO_WARNINGS. See online help for details.
     1>..\win32\win_qgl.c(791): warning C4996: 'strcpy': This function or variable may be unsafe. Consider using strcpy_s instead. To disable deprecation, use _CRT_SECURE_NO_WARNINGS. See online help for details.
     1>..\win32\win_qgl.c(793): warning C4996: 'strcpy': This function or variable may be unsafe. Consider using strcpy_s instead. To disable deprecation, use _CRT_SECURE_NO_WARNINGS. See online help for details.
     1>..\win32\win_qgl.c(795): warning C4996: 'strcpy': This function or variable may be unsafe. Consider using strcpy_s instead. To disable deprecation, use _CRT_SECURE_NO_WARNINGS. See online help for details.
     1>..\win32\win_qgl.c(797): warning C4996: 'strcpy': This function or variable may be unsafe. Consider using strcpy_s instead. To disable deprecation, use _CRT_SECURE_NO_WARNINGS. See online help for details.
     1>..\win32\win_qgl.c(799): warning C4996: 'strcpy': This function or variable may be unsafe. Consider using strcpy_s instead. To disable deprecation, use _CRT_SECURE_NO_WARNINGS. See online help for details.
     1>..\win32\win_qgl.c(801): warning C4996: 'strcpy': This function or variable may be unsafe. Consider using strcpy_s instead. To disable deprecation, use _CRT_SECURE_NO_WARNINGS. See online help for details.
     1>..\win32\win_qgl.c(803): warning C4996: 'strcpy': This function or variable may be unsafe. Consider using strcpy_s instead. To disable deprecation, use _CRT_SECURE_NO_WARNINGS. See online help for details.
     1>..\win32\win_qgl.c(805): warning C4996: 'strcpy': This function or variable may be unsafe. Consider using strcpy_s instead. To disable deprecation, use _CRT_SECURE_NO_WARNINGS. See online help for details.
     1>..\win32\win_qgl.c(807): warning C4996: 'sprintf': This function or variable may be unsafe. Consider using sprintf_s instead. To disable deprecation, use _CRT_SECURE_NO_WARNINGS. See online help for details.
                 C:\Program Files (x86)\Microsoft Visual Studio 12.0\VC\include\stdio.h(356) : see declaration of 'sprintf'
     1>..\win32\win_qgl.c(839): warning C4996: 'sprintf': This function or variable may be unsafe. Consider using sprintf_s instead. To disable deprecation, use _CRT_SECURE_NO_WARNINGS. See online help for details.
                 C:\Program Files (x86)\Microsoft Visual Studio 12.0\VC\include\stdio.h(356) : see declaration of 'sprintf'
     1>..\win32\win_qgl.c(917): warning C4996: 'strcpy': This function or variable may be unsafe. Consider using strcpy_s instead. To disable deprecation, use _CRT_SECURE_NO_WARNINGS. See online help for details.
     1>..\win32\win_qgl.c(920): warning C4996: 'strcpy': This function or variable may be unsafe. Consider using strcpy_s instead. To disable deprecation, use _CRT_SECURE_NO_WARNINGS. See online help for details.
     1>..\win32\win_qgl.c(923): warning C4996: 'strcpy': This function or variable may be unsafe. Consider using strcpy_s instead. To disable deprecation, use _CRT_SECURE_NO_WARNINGS. See online help for details.
     1>..\win32\win_qgl.c(926): warning C4996: 'strcpy': This function or variable may be unsafe. Consider using strcpy_s instead. To disable deprecation, use _CRT_SECURE_NO_WARNINGS. See online help for details.
     1>..\win32\win_qgl.c(929): warning C4996: 'strcpy': This function or variable may be unsafe. Consider using strcpy_s instead. To disable deprecation, use _CRT_SECURE_NO_WARNINGS. See online help for details.
     1>..\win32\win_qgl.c(932): warning C4996: 'strcpy': This function or variable may be unsafe. Consider using strcpy_s instead. To disable deprecation, use _CRT_SECURE_NO_WARNINGS. See online help for details.
     1>..\win32\win_qgl.c(935): warning C4996: 'strcpy': This function or variable may be unsafe. Consider using strcpy_s instead. To disable deprecation, use _CRT_SECURE_NO_WARNINGS. See online help for details.
     1>..\win32\win_qgl.c(938): warning C4996: 'sprintf': This function or variable may be unsafe. Consider using sprintf_s instead. To disable deprecation, use _CRT_SECURE_NO_WARNINGS. See online help for details.
                 C:\Program Files (x86)\Microsoft Visual Studio 12.0\VC\include\stdio.h(356) : see declaration of 'sprintf'
     1>..\win32\win_qgl.c(3677): warning C4996: 'localtime': This function or variable may be unsafe. Consider using localtime_s instead. To disable deprecation, use _CRT_SECURE_NO_WARNINGS. See online help for details.
                 C:\Program Files (x86)\Microsoft Visual Studio 12.0\VC\include\time.inl(112) : see declaration of 'localtime'
     1>..\win32\win_qgl.c(3679): warning C4996: 'asctime': This function or variable may be unsafe. Consider using asctime_s instead. To disable deprecation, use _CRT_SECURE_NO_WARNINGS. See online help for details.
                 C:\Program Files (x86)\Microsoft Visual Studio 12.0\VC\include\time.h(174) : see declaration of 'asctime'
     1>..\win32\win_qgl.c(3683): warning C4996: 'fopen': This function or variable may be unsafe. Consider using fopen_s instead. To disable deprecation, use _CRT_SECURE_NO_WARNINGS. See online help for details.
                 C:\Program Files (x86)\Microsoft Visual Studio 12.0\VC\include\stdio.h(211) : see declaration of 'fopen'
     1>..\win32\win_qgl.c(3685): warning C4996: 'asctime': This function or variable may be unsafe. Consider using asctime_s instead. To disable deprecation, use _CRT_SECURE_NO_WARNINGS. See online help for details.
                 C:\Program Files (x86)\Microsoft Visual Studio 12.0\VC\include\time.h(174) : see declaration of 'asctime'
         tr_animation.c
         Generating Code...
         Compiling...
         tr_backend.c
     1>tr_backend.c(558): warning C4389: '==' : signed/unsigned mismatch
         tr_bsp.c
     1>tr_bsp.c(1704): warning C4996: 'strcpy': This function or variable may be unsafe. Consider using strcpy_s instead. To disable deprecation, use _CRT_SECURE_NO_WARNINGS. See online help for details.
     1>tr_bsp.c(1732): warning C4267: 'function' : conversion from 'size_t' to 'int', possible loss of data
     1>tr_bsp.c(1746): warning C4267: 'function' : conversion from 'size_t' to 'int', possible loss of data
     1>tr_bsp.c(1758): warning C4996: 'sscanf': This function or variable may be unsafe. Consider using sscanf_s instead. To disable deprecation, use _CRT_SECURE_NO_WARNINGS. See online help for details.
                 C:\Program Files (x86)\Microsoft Visual Studio 12.0\VC\include\stdio.h(304) : see declaration of 'sscanf'
         tr_cmds.c
         tr_curve.c
         tr_flares.c
         tr_font.c
         tr_image.c
     1>tr_image.c(751): warning C4996: 'strcpy': This function or variable may be unsafe. Consider using strcpy_s instead. To disable deprecation, use _CRT_SECURE_NO_WARNINGS. See online help for details.
     1>tr_image.c(885): warning C4389: '!=' : signed/unsigned mismatch
     1>tr_image.c(1666): warning C4267: '=' : conversion from 'size_t' to 'int', possible loss of data
     1>tr_image.c(1822): warning C4267: '=' : conversion from 'size_t' to 'int', possible loss of data
     1>tr_image.c(1831): warning C4996: 'strcpy': This function or variable may be unsafe. Consider using strcpy_s instead. To disable deprecation, use _CRT_SECURE_NO_WARNINGS. See online help for details.
     1>tr_image.c(1832): warning C4267: '=' : conversion from 'size_t' to 'int', possible loss of data
     1>tr_image.c(1896): warning C4996: 'strcpy': This function or variable may be unsafe. Consider using strcpy_s instead. To disable deprecation, use _CRT_SECURE_NO_WARNINGS. See online help for details.
     1>tr_image.c(1897): warning C4267: '=' : conversion from 'size_t' to 'int', possible loss of data
         tr_init.c
     1>tr_init.c(212): warning C4996: 'strcpy': This function or variable may be unsafe. Consider using strcpy_s instead. To disable deprecation, use _CRT_SECURE_NO_WARNINGS. See online help for details.
     1>tr_init.c(254): warning C4996: 'strcpy': This function or variable may be unsafe. Consider using strcpy_s instead. To disable deprecation, use _CRT_SECURE_NO_WARNINGS. See online help for details.
     1>tr_init.c(257): warning C4996: 'strcpy': This function or variable may be unsafe. Consider using strcpy_s instead. To disable deprecation, use _CRT_SECURE_NO_WARNINGS. See online help for details.
     1>tr_init.c(260): warning C4996: 'strcpy': This function or variable may be unsafe. Consider using strcpy_s instead. To disable deprecation, use _CRT_SECURE_NO_WARNINGS. See online help for details.
     1>tr_init.c(263): warning C4996: 'strcpy': This function or variable may be unsafe. Consider using strcpy_s instead. To disable deprecation, use _CRT_SECURE_NO_WARNINGS. See online help for details.
     1>tr_init.c(266): warning C4996: 'strcpy': This function or variable may be unsafe. Consider using strcpy_s instead. To disable deprecation, use _CRT_SECURE_NO_WARNINGS. See online help for details.
     1>tr_init.c(269): warning C4996: 'strcpy': This function or variable may be unsafe. Consider using strcpy_s instead. To disable deprecation, use _CRT_SECURE_NO_WARNINGS. See online help for details.
     1>tr_init.c(540): warning C4996: 'sprintf': This function or variable may be unsafe. Consider using sprintf_s instead. To disable deprecation, use _CRT_SECURE_NO_WARNINGS. See online help for details.
                 C:\Program Files (x86)\Microsoft Visual Studio 12.0\VC\include\stdio.h(356) : see declaration of 'sprintf'
         tr_light.c
         tr_main.c
         tr_marks.c
         tr_mesh.c
         tr_model.c
     1>tr_model.c(137): warning C4996: 'strcpy': This function or variable may be unsafe. Consider using strcpy_s instead. To disable deprecation, use _CRT_SECURE_NO_WARNINGS. See online help for details.
     1>tr_model.c(145): warning C4996: 'sprintf': This function or variable may be unsafe. Consider using sprintf_s instead. To disable deprecation, use _CRT_SECURE_NO_WARNINGS. See online help for details.
                 C:\Program Files (x86)\Microsoft Visual Studio 12.0\VC\include\stdio.h(356) : see declaration of 'sprintf'
     1>tr_model.c(146): warning C4996: 'strcat': This function or variable may be unsafe. Consider using strcat_s instead. To disable deprecation, use _CRT_SECURE_NO_WARNINGS. See online help for details.
     1>tr_model.c(316): warning C4267: '=' : conversion from 'size_t' to 'int', possible loss of data
         tr_noise.c
         tr_scene.c
         tr_shade.c
     1>tr_shade.c(90): warning C4389: '==' : signed/unsigned mismatch
     1>tr_shade.c(118): warning C4389: '==' : signed/unsigned mismatch
         tr_shader.c
     1>tr_shader.c(984): warning C4996: 'strcat': This function or variable may be unsafe. Consider using strcat_s instead. To disable deprecation, use _CRT_SECURE_NO_WARNINGS. See online help for details.
     1>tr_shader.c(985): warning C4996: 'strcat': This function or variable may be unsafe. Consider using strcat_s instead. To disable deprecation, use _CRT_SECURE_NO_WARNINGS. See online help for details.
     1>tr_shader.c(2887): warning C4996: 'strcat': This function or variable may be unsafe. Consider using strcat_s instead. To disable deprecation, use _CRT_SECURE_NO_WARNINGS. See online help for details.
     1>tr_shader.c(2889): warning C4996: 'strcat': This function or variable may be unsafe. Consider using strcat_s instead. To disable deprecation, use _CRT_SECURE_NO_WARNINGS. See online help for details.
         tr_shade_calc.c
     1>tr_shade_calc.c(299): warning C4267: '=' : conversion from 'size_t' to 'int', possible loss of data
     1>tr_shade_calc.c(515): warning C4389: '==' : signed/unsigned mismatch
         tr_shadows.c
         tr_sky.c
         Generating Code...
         Compiling...
         tr_surface.c
         tr_world.c
         Generating Code...
     1>C:\Program Files (x86)\MSBuild\Microsoft.Cpp\v4.0\V120\Microsoft.CppBuild.targets(1361,5): warning MSB8012: TargetPath(C:\Users\devHaris\Desktop\Quake-III-Arena-master\code\x64\Release\renderer.lib) does not match the Library's OutputFile property value (C:\Users\devHaris\Desktop\Quake-III-Arena-master\code\renderer\Release\renderer.lib). This may cause your project to build incorrectly. To correct this, please make sure that $(OutDir), $(TargetName) and $(TargetExt) property values match the value specified in %(Lib.OutputFile).
       Lib:
         C:\Program Files (x86)\Microsoft Visual Studio 12.0\VC\bin\x86_amd64\Lib.exe /OUT:".\Release\renderer.lib" /NOLOGO /MACHINE:X64 .\Release/jcapimin.obj
         .\Release/jccoefct.obj
         .\Release/jccolor.obj
         .\Release/jcdctmgr.obj
         .\Release/jchuff.obj
         .\Release/jcinit.obj
         .\Release/jcmainct.obj
         .\Release/jcmarker.obj
         .\Release/jcmaster.obj
         .\Release/jcomapi.obj
         .\Release/jcparam.obj
         .\Release/jcphuff.obj
         .\Release/jcprepct.obj
         .\Release/jcsample.obj
         .\Release/jctrans.obj
         .\Release/jdapimin.obj
         .\Release/jdapistd.obj
         .\Release/jdatadst.obj
         .\Release/jdatasrc.obj
         .\Release/jdcoefct.obj
         .\Release/jdcolor.obj
         .\Release/jddctmgr.obj
         .\Release/jdhuff.obj
         .\Release/jdinput.obj
         .\Release/jdmainct.obj
         .\Release/jdmarker.obj
         .\Release/jdmaster.obj
         .\Release/jdpostct.obj
         .\Release/jdsample.obj
         .\Release/jdtrans.obj
         .\Release/jerror.obj
         .\Release/jfdctflt.obj
         .\Release/jidctflt.obj
         .\Release/jmemmgr.obj
         .\Release/jmemnobs.obj
         .\Release/jutils.obj
         .\Release/win_gamma.obj
         .\Release/win_glimp.obj
         .\Release/win_qgl.obj
         .\Release/tr_animation.obj
         .\Release/tr_backend.obj
         .\Release/tr_bsp.obj
         .\Release/tr_cmds.obj
         .\Release/tr_curve.obj
         .\Release/tr_flares.obj
         .\Release/tr_font.obj
         .\Release/tr_image.obj
         .\Release/tr_init.obj
         .\Release/tr_light.obj
         .\Release/tr_main.obj
         .\Release/tr_marks.obj
         .\Release/tr_mesh.obj
         .\Release/tr_model.obj
         .\Release/tr_noise.obj
         .\Release/tr_scene.obj
         .\Release/tr_shade.obj
         .\Release/tr_shader.obj
         .\Release/tr_shade_calc.obj
         .\Release/tr_shadows.obj
         .\Release/tr_sky.obj
         .\Release/tr_surface.obj
         .\Release/tr_world.obj
         renderer.vcxproj -> C:\Users\devHaris\Desktop\Quake-III-Arena-master\code\x64\Release\renderer.lib
     1>Done Building Project "C:\Users\devHaris\Desktop\Quake-III-Arena-master\code\renderer\renderer.vcxproj" (Build target(s)).

Build succeeded.

Time Elapsed 00:00:08.20
